[2025-03-24 00:09:17] [[32minfo[39m] [32m[authService] Passwords match![39m
[2025-03-24 00:09:17] [[32minfo[39m] [32m[authService] Login successfull![39m
[2025-03-24 00:09:54] [[32minfo[39m] [32m[authService] Passwords match![39m
[2025-03-24 00:09:54] [[32minfo[39m] [32m[authService] Login successfull![39m
[2025-03-24 00:12:26] [[32minfo[39m] [32m[authService] Passwords match![39m
[2025-03-24 00:12:27] [[32minfo[39m] [32m[authService] Login successfull![39m
[2025-03-24 00:30:52] [[32minfo[39m] [32m[authService] Passwords match![39m
[2025-03-24 00:30:52] [[32minfo[39m] [32m[authService] Login successfull![39m
[2025-03-24 00:39:03] [[32minfo[39m] [32m[authService] Passwords match![39m
[2025-03-24 00:39:03] [[32minfo[39m] [32m[authService] Login successfull![39m
[2025-03-24 00:46:27] [[32minfo[39m] [32m[authService] Passwords match![39m
[2025-03-24 00:46:27] [[32minfo[39m] [32m[authService] Login successfull![39m
[2025-03-24 01:03:10] [[32minfo[39m] [32m[authService] Passwords match![39m
[2025-03-24 01:03:11] [[32minfo[39m] [32m[authService] Login successfull![39m
[2025-03-24 01:03:49] [[32minfo[39m] [32m[authService] Passwords match![39m
[2025-03-24 01:03:49] [[32minfo[39m] [32m[authService] Login successfull![39m
[2025-03-24 01:04:24] [[32minfo[39m] [32m[authService] Passwords match![39m
[2025-03-24 01:04:24] [[32minfo[39m] [32m[authService] Login successfull![39m
[2025-03-24 01:09:47] [[32minfo[39m] [32m[authService] Passwords match![39m
[2025-03-24 01:09:47] [[32minfo[39m] [32m[authService] Login successfull![39m
[2025-03-24 01:13:48] [[32minfo[39m] [32m[authService] Passwords match![39m
[2025-03-24 01:13:49] [[32minfo[39m] [32m[authService] Login successfull![39m
[2025-03-24 01:17:55] [[32minfo[39m] [32m[authService] Passwords match![39m
[2025-03-24 01:17:55] [[32minfo[39m] [32m[authService] Login successfull![39m
[2025-03-24 01:18:16] [[32minfo[39m] [32m[authService] Passwords match![39m
[2025-03-24 01:18:17] [[32minfo[39m] [32m[authService] Login successfull![39m
[2025-03-24 01:18:34] [[32minfo[39m] [32m[authService] Passwords match![39m
[2025-03-24 01:18:34] [[32minfo[39m] [32m[authService] Login successfull![39m
[2025-03-24 01:20:56] [[32minfo[39m] [32m[authService] Passwords match![39m
[2025-03-24 01:20:56] [[32minfo[39m] [32m[authService] Login successfull![39m
[2025-03-24 01:21:18] [[32minfo[39m] [32m[authService] Passwords match![39m
[2025-03-24 01:21:19] [[32minfo[39m] [32m[authService] Login successfull![39m
[2025-03-24 01:21:43] [[32minfo[39m] [32m[authService] Passwords match![39m
[2025-03-24 01:21:43] [[32minfo[39m] [32m[authService] Login successfull![39m
[2025-03-24 01:22:04] [[32minfo[39m] [32m[authService] Passwords match![39m
[2025-03-24 01:22:04] [[32minfo[39m] [32m[authService] Login successfull![39m
[2025-03-24 01:31:23] [[32minfo[39m] [32m[authService] Passwords match![39m
[2025-03-24 01:31:23] [[32minfo[39m] [32m[authService] Login successfull![39m
[2025-03-24 01:45:22] [[32minfo[39m] [32m[learningController] Fetching all learning materials[39m
[2025-03-24 01:45:22] [[32minfo[39m] [32m[learningController] Fetching all learning materials[39m
[2025-03-24 01:45:23] [[32minfo[39m] [32m[learningController] Successfully fetched all learning materials[39m
[2025-03-24 01:45:23] [[32minfo[39m] [32m[learningController] Successfully fetched all learning materials[39m
[2025-03-24 01:45:55] [[32minfo[39m] [32m[authService] Passwords match![39m
[2025-03-24 01:45:55] [[32minfo[39m] [32m[authService] Login successfull![39m
[2025-03-24 01:46:12] [[32minfo[39m] [32m[learningController] Fetching all learning materials[39m
[2025-03-24 01:46:12] [[32minfo[39m] [32m[learningController] Successfully fetched all learning materials[39m
[2025-03-24 01:46:12] [[32minfo[39m] [32m[learningController] Fetching all learning materials[39m
[2025-03-24 01:46:13] [[32minfo[39m] [32m[learningController] Successfully fetched all learning materials[39m
[2025-03-24 03:49:50] [[32minfo[39m] [32m[authService] Passwords match![39m
[2025-03-24 03:49:50] [[32minfo[39m] [32m[authService] Login successfull![39m
[2025-03-24 04:07:34] [[32minfo[39m] [32m[authService] Passwords match![39m
[2025-03-24 04:07:34] [[32minfo[39m] [32m[authService] Login successfull![39m
[2025-03-24 04:24:20] [[32minfo[39m] [32m[authService] Passwords match![39m
[2025-03-24 04:24:20] [[32minfo[39m] [32m[authService] Login successfull![39m
[2025-03-24 04:32:46] [[32minfo[39m] [32m[schoolController] Fetching all schools[39m
[2025-03-24 04:32:46] [[32minfo[39m] [32m[schoolController] Successfully fetched all schools[39m
[2025-03-24 04:32:52] [[32minfo[39m] [32m[schoolController] Fetching all schools[39m
[2025-03-24 04:32:52] [[32minfo[39m] [32m[schoolController] Successfully fetched all schools[39m
[2025-03-24 04:32:52] [[32minfo[39m] [32m[schoolController] Fetching all schools[39m
[2025-03-24 04:32:52] [[32minfo[39m] [32m[schoolController] Successfully fetched all schools[39m
[2025-03-24 04:34:11] [[32minfo[39m] [32m[authService] Passwords match![39m
[2025-03-24 04:34:12] [[32minfo[39m] [32m[authService] Login successfull![39m
[2025-03-24 04:36:52] [[32minfo[39m] [32m[schoolController] Data came[39m
[2025-03-24 04:36:52] [[32minfo[39m] [32m[schoolService] Not admin found and creating a new school[39m
[2025-03-24 04:36:52] [[32minfo[39m] [32m[schoolService] New school created and saved in database[39m
[2025-03-24 04:36:52] [[32minfo[39m] [32m[schoolService] New admin created and saved in database[39m
[2025-03-24 04:36:52] [[32minfo[39m] [32m[schoolController] School and admin created successfully[39m
[2025-03-24 04:37:06] [[32minfo[39m] [32m[schoolController] Fetching all schools[39m
[2025-03-24 04:37:06] [[32minfo[39m] [32m[schoolController] Successfully fetched all schools[39m
[2025-03-24 04:37:06] [[32minfo[39m] [32m[schoolController] Fetching all schools[39m
[2025-03-24 04:37:07] [[32minfo[39m] [32m[schoolController] Successfully fetched all schools[39m
[2025-03-24 04:38:52] [[32minfo[39m] [32m[schoolController] Data came[39m
[2025-03-24 04:38:52] [[32minfo[39m] [32m[schoolService] Not admin found and creating a new school[39m
[2025-03-24 04:38:52] [[32minfo[39m] [32m[schoolService] New school created and saved in database[39m
[2025-03-24 04:38:53] [[32minfo[39m] [32m[schoolService] New admin created and saved in database[39m
[2025-03-24 04:38:53] [[32minfo[39m] [32m[schoolController] School and admin created successfully[39m
[2025-03-24 04:39:00] [[32minfo[39m] [32m[schoolController] Fetching all schools[39m
[2025-03-24 04:39:00] [[32minfo[39m] [32m[schoolController] Successfully fetched all schools[39m
[2025-03-24 04:39:00] [[32minfo[39m] [32m[schoolController] Fetching all schools[39m
[2025-03-24 04:39:01] [[32minfo[39m] [32m[schoolController] Successfully fetched all schools[39m
[2025-03-24 04:39:14] [[32minfo[39m] [32m[schoolController] Deleting school with ID: 67e09484968e86de1c3932a5[39m
[2025-03-24 04:39:14] [[32minfo[39m] [32m[schoolService] All users associated with school ID: 67e09484968e86de1c3932a5 deleted successfully[39m
[2025-03-24 04:39:14] [[32minfo[39m] [32m[schoolService] School with ID: 67e09484968e86de1c3932a5 deleted successfully[39m
[2025-03-24 04:39:14] [[32minfo[39m] [32m[schoolController] School with ID: 67e09484968e86de1c3932a5 deleted successfully[39m
[2025-03-24 04:42:37] [[32minfo[39m] [32m[schoolController] Fetching all schools[39m
[2025-03-24 04:42:37] [[32minfo[39m] [32m[schoolController] Successfully fetched all schools[39m
[2025-03-24 04:42:37] [[32minfo[39m] [32m[schoolController] Fetching all schools[39m
[2025-03-24 04:42:37] [[32minfo[39m] [32m[schoolController] Successfully fetched all schools[39m
[2025-03-24 04:42:38] [[32minfo[39m] [32m[schoolController] Fetching all schools[39m
[2025-03-24 04:42:38] [[32minfo[39m] [32m[schoolController] Successfully fetched all schools[39m
[2025-03-24 04:42:38] [[32minfo[39m] [32m[schoolController] Fetching all schools[39m
[2025-03-24 04:42:38] [[32minfo[39m] [32m[schoolController] Successfully fetched all schools[39m
[2025-03-24 04:42:41] [[32minfo[39m] [32m[getAdminsBySchoolId] Fetching admins for schoolId: 67e0940c968e86de1c39329d[39m
[2025-03-24 04:42:41] [[32minfo[39m] [32m[getAdminsBySchoolId] Admins fetched successfully[39m
[2025-03-24 04:42:45] [[32minfo[39m] [32m[schoolController] Fetching all schools[39m
[2025-03-24 04:42:45] [[32minfo[39m] [32m[schoolController] Successfully fetched all schools[39m
[2025-03-24 04:42:45] [[32minfo[39m] [32m[schoolController] Fetching all schools[39m
[2025-03-24 04:42:46] [[32minfo[39m] [32m[schoolController] Successfully fetched all schools[39m
[2025-03-24 04:44:06] [[32minfo[39m] [32m[authService] Passwords match![39m
[2025-03-24 04:44:06] [[32minfo[39m] [32m[authService] Login successfull![39m
[2025-03-24 04:44:10] [[32minfo[39m] [32m[schoolController] Fetching all schools[39m
[2025-03-24 04:44:10] [[32minfo[39m] [32m[schoolController] Successfully fetched all schools[39m
[2025-03-24 04:44:10] [[32minfo[39m] [32m[schoolController] Fetching all schools[39m
[2025-03-24 04:44:10] [[32minfo[39m] [32m[schoolController] Successfully fetched all schools[39m
[2025-03-24 04:45:20] [[32minfo[39m] [32m[createAdmin] searching a user[39m
[2025-03-24 04:45:20] [[32minfo[39m] [32m[createAdmin] user not found. Creating a new user[39m
[2025-03-24 04:45:20] [[32minfo[39m] [32m[createAdmin] user created successfully[39m
[2025-03-24 04:45:20] [[32minfo[39m] [32m[createAdmin] user saved in the database successfully[39m
[2025-03-24 04:45:28] [[32minfo[39m] [32m[schoolController] Fetching all schools[39m
[2025-03-24 04:45:28] [[32minfo[39m] [32m[schoolController] Successfully fetched all schools[39m
[2025-03-24 04:45:28] [[32minfo[39m] [32m[schoolController] Fetching all schools[39m
[2025-03-24 04:45:28] [[32minfo[39m] [32m[schoolController] Successfully fetched all schools[39m
[2025-03-24 04:45:32] [[32minfo[39m] [32m[getAdminsBySchoolId] Fetching admins for schoolId: 67e0940c968e86de1c39329d[39m
[2025-03-24 04:45:33] [[32minfo[39m] [32m[getAdminsBySchoolId] Admins fetched successfully[39m
[2025-03-24 04:45:48] [[32minfo[39m] [32m[deleteAdminById] Deleting admin with ID: 67e09608968e86de1c3932c5[39m
[2025-03-24 04:45:49] [[32minfo[39m] [32m[deleteAdminById] Admin deleted successfully[39m
[2025-03-24 04:45:57] [[32minfo[39m] [32m[schoolController] Fetching all schools[39m
[2025-03-24 04:45:57] [[32minfo[39m] [32m[schoolController] Successfully fetched all schools[39m
[2025-03-24 04:45:57] [[32minfo[39m] [32m[schoolController] Fetching all schools[39m
[2025-03-24 04:45:57] [[32minfo[39m] [32m[schoolController] Successfully fetched all schools[39m
[2025-03-24 04:48:56] [[32minfo[39m] [32m[authService] Passwords match![39m
[2025-03-24 04:48:56] [[32minfo[39m] [32m[authService] Login successfull![39m
[2025-03-24 04:51:02] [[32minfo[39m] [32m[authService] Passwords match![39m
[2025-03-24 04:51:02] [[32minfo[39m] [32m[authService] Login successfull![39m
[2025-03-24 04:55:45] [[32minfo[39m] [32m[authService] Passwords match![39m
[2025-03-24 04:55:46] [[32minfo[39m] [32m[authService] Login successfull![39m
[2025-03-24 04:59:53] [[32minfo[39m] [32m[authService] Passwords match![39m
[2025-03-24 04:59:53] [[32minfo[39m] [32m[authService] Login successfull![39m
[2025-03-24 05:01:34] [[32minfo[39m] [32m[authService] Passwords match![39m
[2025-03-24 05:01:35] [[32minfo[39m] [32m[authService] Login successfull![39m
[2025-03-24 05:04:35] [[32minfo[39m] [32m[authService] Passwords match![39m
[2025-03-24 05:04:35] [[32minfo[39m] [32m[authService] Login successfull![39m
[2025-03-24 05:06:41] [[32minfo[39m] [32m[authService] Passwords match![39m
[2025-03-24 05:06:41] [[32minfo[39m] [32m[authService] Login successfull![39m
[2025-03-24 05:34:01] [[32minfo[39m] [32m[authService] Passwords match![39m
[2025-03-24 05:34:01] [[32minfo[39m] [32m[authService] Login successfull![39m
