[2025-03-11 00:05:45] [[32minfo[39m] [32m[schoolController] Fetching all schools[39m
[2025-03-11 00:05:45] [[32minfo[39m] [32m[schoolController] Successfully fetched all schools[39m
[2025-03-11 00:05:45] [[32minfo[39m] [32m[schoolController] Fetching all schools[39m
[2025-03-11 00:05:45] [[32minfo[39m] [32m[schoolController] Successfully fetched all schools[39m
[2025-03-11 00:05:50] [[32minfo[39m] [32m[schoolController] Fetching all schools[39m
[2025-03-11 00:05:50] [[32minfo[39m] [32m[schoolController] Successfully fetched all schools[39m
[2025-03-11 00:05:50] [[32minfo[39m] [32m[schoolController] Fetching all schools[39m
[2025-03-11 00:05:50] [[32minfo[39m] [32m[schoolController] Successfully fetched all schools[39m
[2025-03-11 00:05:52] [[32minfo[39m] [32m[schoolController] Fetching all schools[39m
[2025-03-11 00:05:52] [[32minfo[39m] [32m[schoolController] Successfully fetched all schools[39m
[2025-03-11 00:05:52] [[32minfo[39m] [32m[schoolController] Fetching all schools[39m
[2025-03-11 00:05:52] [[32minfo[39m] [32m[schoolController] Successfully fetched all schools[39m
[2025-03-11 00:05:54] [[32minfo[39m] [32m[schoolController] Fetching all schools[39m
[2025-03-11 00:05:54] [[32minfo[39m] [32m[schoolController] Successfully fetched all schools[39m
[2025-03-11 00:05:54] [[32minfo[39m] [32m[schoolController] Fetching all schools[39m
[2025-03-11 00:05:55] [[32minfo[39m] [32m[schoolController] Successfully fetched all schools[39m
[2025-03-11 00:06:18] [[32minfo[39m] [32m[schoolController] Fetching all schools[39m
[2025-03-11 00:06:18] [[32minfo[39m] [32m[schoolController] Successfully fetched all schools[39m
[2025-03-11 00:06:18] [[32minfo[39m] [32m[schoolController] Fetching all schools[39m
[2025-03-11 00:06:18] [[32minfo[39m] [32m[schoolController] Successfully fetched all schools[39m
[2025-03-11 00:06:21] [[32minfo[39m] [32m[schoolController] Fetching all schools[39m
[2025-03-11 00:06:22] [[32minfo[39m] [32m[schoolController] Successfully fetched all schools[39m
[2025-03-11 00:06:22] [[32minfo[39m] [32m[schoolController] Fetching all schools[39m
[2025-03-11 00:06:22] [[32minfo[39m] [32m[schoolController] Successfully fetched all schools[39m
[2025-03-11 00:06:23] [[32minfo[39m] [32m[schoolController] Fetching all schools[39m
[2025-03-11 00:06:23] [[32minfo[39m] [32m[schoolController] Successfully fetched all schools[39m
[2025-03-11 00:06:23] [[32minfo[39m] [32m[schoolController] Fetching all schools[39m
[2025-03-11 00:06:23] [[32minfo[39m] [32m[schoolController] Successfully fetched all schools[39m
[2025-03-11 00:06:44] [[32minfo[39m] [32m[schoolController] Fetching all schools[39m
[2025-03-11 00:06:44] [[32minfo[39m] [32m[schoolController] Successfully fetched all schools[39m
[2025-03-11 00:06:44] [[32minfo[39m] [32m[schoolController] Fetching all schools[39m
[2025-03-11 00:06:44] [[32minfo[39m] [32m[schoolController] Successfully fetched all schools[39m
[2025-03-11 00:10:15] [[32minfo[39m] [32m[schoolController] Fetching all schools[39m
[2025-03-11 00:10:15] [[32minfo[39m] [32m[schoolController] Successfully fetched all schools[39m
[2025-03-11 00:10:15] [[32minfo[39m] [32m[schoolController] Fetching all schools[39m
[2025-03-11 00:10:15] [[32minfo[39m] [32m[schoolController] Successfully fetched all schools[39m
[2025-03-11 00:10:17] [[32minfo[39m] [32m[schoolController] Fetching all schools[39m
[2025-03-11 00:10:17] [[32minfo[39m] [32m[schoolController] Successfully fetched all schools[39m
[2025-03-11 00:10:17] [[32minfo[39m] [32m[schoolController] Fetching all schools[39m
[2025-03-11 00:10:17] [[32minfo[39m] [32m[schoolController] Successfully fetched all schools[39m
[2025-03-11 00:10:20] [[32minfo[39m] [32m[schoolController] Fetching all schools[39m
[2025-03-11 00:10:20] [[32minfo[39m] [32m[schoolController] Successfully fetched all schools[39m
[2025-03-11 00:10:20] [[32minfo[39m] [32m[schoolController] Fetching all schools[39m
[2025-03-11 00:10:20] [[32minfo[39m] [32m[schoolController] Successfully fetched all schools[39m
[2025-03-11 00:10:22] [[32minfo[39m] [32m[schoolController] Fetching all schools[39m
[2025-03-11 00:10:22] [[32minfo[39m] [32m[schoolController] Successfully fetched all schools[39m
[2025-03-11 00:10:22] [[32minfo[39m] [32m[schoolController] Fetching all schools[39m
[2025-03-11 00:10:22] [[32minfo[39m] [32m[schoolController] Successfully fetched all schools[39m
[2025-03-11 00:10:24] [[32minfo[39m] [32m[schoolController] Fetching all schools[39m
[2025-03-11 00:10:24] [[32minfo[39m] [32m[schoolController] Successfully fetched all schools[39m
[2025-03-11 00:10:24] [[32minfo[39m] [32m[schoolController] Fetching all schools[39m
[2025-03-11 00:10:24] [[32minfo[39m] [32m[schoolController] Successfully fetched all schools[39m
[2025-03-11 00:10:27] [[32minfo[39m] [32m[schoolController] Fetching all schools[39m
[2025-03-11 00:10:27] [[32minfo[39m] [32m[schoolController] Successfully fetched all schools[39m
[2025-03-11 00:10:27] [[32minfo[39m] [32m[schoolController] Fetching all schools[39m
[2025-03-11 00:10:28] [[32minfo[39m] [32m[schoolController] Successfully fetched all schools[39m
[2025-03-11 10:26:54] [[32minfo[39m] [32m[authService] Passwords match![39m
[2025-03-11 10:26:54] [[32minfo[39m] [32m[authService] Login successfull![39m
[2025-03-11 10:27:21] [[32minfo[39m] [32m[authService] Passwords match![39m
[2025-03-11 10:27:22] [[32minfo[39m] [32m[authService] Login successfull![39m
[2025-03-11 10:28:47] [[32minfo[39m] [32m[authService] Passwords match![39m
[2025-03-11 10:28:47] [[32minfo[39m] [32m[authService] Login successfull![39m
[2025-03-11 10:28:47] [[32minfo[39m] [32m[schoolController] Fetching all schools[39m
[2025-03-11 10:28:47] [[32minfo[39m] [32m[schoolController] Successfully fetched all schools[39m
[2025-03-11 10:28:47] [[32minfo[39m] [32m[schoolController] Fetching all schools[39m
[2025-03-11 10:28:47] [[32minfo[39m] [32m[schoolController] Successfully fetched all schools[39m
[2025-03-11 10:28:52] [[32minfo[39m] [32m[schoolController] Fetching all schools[39m
[2025-03-11 10:28:52] [[32minfo[39m] [32m[schoolController] Successfully fetched all schools[39m
[2025-03-11 10:28:52] [[32minfo[39m] [32m[schoolController] Fetching all schools[39m
[2025-03-11 10:28:52] [[32minfo[39m] [32m[schoolController] Successfully fetched all schools[39m
[2025-03-11 10:29:11] [[32minfo[39m] [32m[schoolController] Fetching all schools[39m
[2025-03-11 10:29:11] [[32minfo[39m] [32m[schoolController] Successfully fetched all schools[39m
[2025-03-11 10:29:11] [[32minfo[39m] [32m[schoolController] Fetching all schools[39m
[2025-03-11 10:29:11] [[32minfo[39m] [32m[schoolController] Successfully fetched all schools[39m
[2025-03-11 10:29:13] [[32minfo[39m] [32m[schoolController] Fetching all schools[39m
[2025-03-11 10:29:13] [[32minfo[39m] [32m[schoolController] Successfully fetched all schools[39m
[2025-03-11 10:29:13] [[32minfo[39m] [32m[schoolController] Fetching all schools[39m
[2025-03-11 10:29:13] [[32minfo[39m] [32m[schoolController] Successfully fetched all schools[39m
[2025-03-11 10:29:19] [[32minfo[39m] [32m[schoolController] Fetching all schools[39m
[2025-03-11 10:29:19] [[32minfo[39m] [32m[schoolController] Successfully fetched all schools[39m
[2025-03-11 10:29:19] [[32minfo[39m] [32m[schoolController] Fetching all schools[39m
[2025-03-11 10:29:19] [[32minfo[39m] [32m[schoolController] Successfully fetched all schools[39m
[2025-03-11 10:29:21] [[32minfo[39m] [32m[schoolController] Fetching all schools[39m
[2025-03-11 10:29:21] [[32minfo[39m] [32m[schoolController] Successfully fetched all schools[39m
[2025-03-11 10:29:21] [[32minfo[39m] [32m[schoolController] Fetching all schools[39m
[2025-03-11 10:29:21] [[32minfo[39m] [32m[schoolController] Successfully fetched all schools[39m
[2025-03-11 10:29:36] [[32minfo[39m] [32m[schoolController] Fetching all schools[39m
[2025-03-11 10:29:36] [[32minfo[39m] [32m[schoolController] Successfully fetched all schools[39m
[2025-03-11 10:29:36] [[32minfo[39m] [32m[schoolController] Fetching all schools[39m
[2025-03-11 10:29:36] [[32minfo[39m] [32m[schoolController] Successfully fetched all schools[39m
[2025-03-11 10:29:48] [[32minfo[39m] [32m[schoolController] Fetching all schools[39m
[2025-03-11 10:29:48] [[32minfo[39m] [32m[schoolController] Fetching all schools[39m
[2025-03-11 10:29:49] [[32minfo[39m] [32m[schoolController] Successfully fetched all schools[39m
[2025-03-11 10:29:49] [[32minfo[39m] [32m[schoolController] Successfully fetched all schools[39m
[2025-03-11 10:31:00] [[32minfo[39m] [32m[schoolController] Fetching all schools[39m
[2025-03-11 10:31:00] [[32minfo[39m] [32m[schoolController] Successfully fetched all schools[39m
[2025-03-11 10:38:04] [[32minfo[39m] [32m[schoolController] Fetching all schools[39m
[2025-03-11 10:38:04] [[32minfo[39m] [32m[schoolController] Fetching all schools[39m
[2025-03-11 10:38:04] [[32minfo[39m] [32m[schoolController] Successfully fetched all schools[39m
[2025-03-11 10:38:04] [[32minfo[39m] [32m[schoolController] Successfully fetched all schools[39m
[2025-03-11 10:41:46] [[32minfo[39m] [32m[schoolController] Fetching all schools[39m
[2025-03-11 10:41:46] [[32minfo[39m] [32m[schoolController] Fetching all schools[39m
[2025-03-11 10:41:46] [[32minfo[39m] [32m[schoolController] Successfully fetched all schools[39m
[2025-03-11 10:41:46] [[32minfo[39m] [32m[schoolController] Successfully fetched all schools[39m
[2025-03-11 10:41:56] [[32minfo[39m] [32m[schoolController] Fetching all schools[39m
[2025-03-11 10:41:56] [[32minfo[39m] [32m[schoolController] Successfully fetched all schools[39m
[2025-03-11 10:41:56] [[32minfo[39m] [32m[schoolController] Fetching all schools[39m
[2025-03-11 10:41:56] [[32minfo[39m] [32m[schoolController] Successfully fetched all schools[39m
[2025-03-11 11:10:48] [[32minfo[39m] [32m[schoolController] Fetching all schools[39m
[2025-03-11 11:10:48] [[32minfo[39m] [32m[schoolController] Successfully fetched all schools[39m
[2025-03-11 11:12:47] [[32minfo[39m] [32m[schoolController] Fetching all schools[39m
[2025-03-11 11:12:47] [[32minfo[39m] [32m[schoolController] Successfully fetched all schools[39m
[2025-03-11 11:12:47] [[32minfo[39m] [32m[schoolController] Fetching all schools[39m
[2025-03-11 11:12:47] [[32minfo[39m] [32m[schoolController] Successfully fetched all schools[39m
[2025-03-11 11:12:49] [[32minfo[39m] [32m[schoolController] Fetching all schools[39m
[2025-03-11 11:12:49] [[32minfo[39m] [32m[schoolController] Successfully fetched all schools[39m
[2025-03-11 11:12:49] [[32minfo[39m] [32m[schoolController] Fetching all schools[39m
[2025-03-11 11:12:49] [[32minfo[39m] [32m[schoolController] Successfully fetched all schools[39m
[2025-03-11 11:12:51] [[32minfo[39m] [32m[getAdminsBySchoolId] Fetching admins for schoolId: 67cc5370e98552e9b5a6e097[39m
[2025-03-11 11:12:52] [[32minfo[39m] [32m[getAdminsBySchoolId] Admins fetched successfully[39m
[2025-03-11 11:12:52] [[31merror[39m] [31m[adminController] Error fetching admins: Invalid status code: { admins: [Array] }[39m
[2025-03-11 11:15:37] [[32minfo[39m] [32m[schoolController] Fetching all schools[39m
[2025-03-11 11:15:37] [[32minfo[39m] [32m[schoolController] Successfully fetched all schools[39m
[2025-03-11 11:15:37] [[32minfo[39m] [32m[schoolController] Fetching all schools[39m
[2025-03-11 11:15:37] [[32minfo[39m] [32m[schoolController] Successfully fetched all schools[39m
[2025-03-11 11:15:49] [[32minfo[39m] [32m[schoolController] Fetching all schools[39m
[2025-03-11 11:15:49] [[32minfo[39m] [32m[schoolController] Successfully fetched all schools[39m
[2025-03-11 11:15:49] [[32minfo[39m] [32m[schoolController] Fetching all schools[39m
[2025-03-11 11:15:49] [[32minfo[39m] [32m[schoolController] Successfully fetched all schools[39m
[2025-03-11 11:15:50] [[32minfo[39m] [32m[schoolController] Fetching all schools[39m
[2025-03-11 11:15:50] [[32minfo[39m] [32m[schoolController] Successfully fetched all schools[39m
[2025-03-11 11:15:50] [[32minfo[39m] [32m[schoolController] Fetching all schools[39m
[2025-03-11 11:15:51] [[32minfo[39m] [32m[schoolController] Successfully fetched all schools[39m
[2025-03-11 11:15:53] [[32minfo[39m] [32m[schoolController] Fetching all schools[39m
[2025-03-11 11:15:53] [[32minfo[39m] [32m[schoolController] Successfully fetched all schools[39m
[2025-03-11 11:15:53] [[32minfo[39m] [32m[schoolController] Fetching all schools[39m
[2025-03-11 11:15:53] [[32minfo[39m] [32m[schoolController] Successfully fetched all schools[39m
[2025-03-11 11:15:55] [[32minfo[39m] [32m[getAdminsBySchoolId] Fetching admins for schoolId: 67cc5370e98552e9b5a6e097[39m
[2025-03-11 11:15:55] [[32minfo[39m] [32m[getAdminsBySchoolId] Admins fetched successfully[39m
[2025-03-11 11:15:55] [[31merror[39m] [31m[adminController] Error fetching admins: Invalid status code: { admins: [Array] }[39m
[2025-03-11 11:16:53] [[32minfo[39m] [32m[getAdminsBySchoolId] Fetching admins for schoolId: 67cc5370e98552e9b5a6e097[39m
[2025-03-11 11:16:53] [[32minfo[39m] [32m[getAdminsBySchoolId] Admins fetched successfully[39m
[2025-03-11 11:16:53] [[31merror[39m] [31m[adminController] Error fetching admins: Invalid status code: { admins: [Array] }[39m
[2025-03-11 11:20:37] [[32minfo[39m] [32m[getAdminsBySchoolId] Fetching admins for schoolId: 67cc5370e98552e9b5a6e097[39m
[2025-03-11 11:20:37] [[32minfo[39m] [32m[getAdminsBySchoolId] Admins fetched successfully[39m
[2025-03-11 11:24:17] [[32minfo[39m] [32m[schoolController] Fetching all schools[39m
[2025-03-11 11:24:17] [[32minfo[39m] [32m[schoolController] Successfully fetched all schools[39m
[2025-03-11 11:24:17] [[32minfo[39m] [32m[schoolController] Fetching all schools[39m
[2025-03-11 11:24:17] [[32minfo[39m] [32m[schoolController] Successfully fetched all schools[39m
[2025-03-11 11:24:20] [[32minfo[39m] [32m[schoolController] Fetching all schools[39m
[2025-03-11 11:24:20] [[32minfo[39m] [32m[schoolController] Successfully fetched all schools[39m
[2025-03-11 11:24:20] [[32minfo[39m] [32m[schoolController] Fetching all schools[39m
[2025-03-11 11:24:20] [[32minfo[39m] [32m[schoolController] Successfully fetched all schools[39m
[2025-03-11 11:24:22] [[32minfo[39m] [32m[schoolController] Fetching all schools[39m
[2025-03-11 11:24:22] [[32minfo[39m] [32m[schoolController] Successfully fetched all schools[39m
[2025-03-11 11:24:22] [[32minfo[39m] [32m[schoolController] Fetching all schools[39m
[2025-03-11 11:24:22] [[32minfo[39m] [32m[schoolController] Successfully fetched all schools[39m
[2025-03-11 11:24:25] [[32minfo[39m] [32m[getAdminsBySchoolId] Fetching admins for schoolId: 67cc5370e98552e9b5a6e097[39m
[2025-03-11 11:24:25] [[32minfo[39m] [32m[getAdminsBySchoolId] Admins fetched successfully[39m
[2025-03-11 11:24:32] [[32minfo[39m] [32m[schoolController] Fetching all schools[39m
[2025-03-11 11:24:32] [[32minfo[39m] [32m[schoolController] Successfully fetched all schools[39m
[2025-03-11 11:24:32] [[32minfo[39m] [32m[schoolController] Fetching all schools[39m
[2025-03-11 11:24:33] [[32minfo[39m] [32m[schoolController] Successfully fetched all schools[39m
[2025-03-11 11:27:39] [[32minfo[39m] [32m[authService] Passwords match![39m
[2025-03-11 11:27:39] [[32minfo[39m] [32m[authService] Login successfull![39m
[2025-03-11 11:33:49] [[32minfo[39m] [32m[authService] Passwords match![39m
[2025-03-11 11:33:49] [[32minfo[39m] [32m[authService] Login successfull![39m
[2025-03-11 11:59:45] [[32minfo[39m] [32m[authService] Passwords match![39m
[2025-03-11 11:59:45] [[32minfo[39m] [32m[authService] Login successfull![39m
[2025-03-11 11:59:45] [[32minfo[39m] [32m[schoolController] Fetching all schools[39m
[2025-03-11 11:59:45] [[32minfo[39m] [32m[schoolController] Successfully fetched all schools[39m
[2025-03-11 11:59:45] [[32minfo[39m] [32m[schoolController] Fetching all schools[39m
[2025-03-11 11:59:45] [[32minfo[39m] [32m[schoolController] Successfully fetched all schools[39m
[2025-03-11 12:00:08] [[32minfo[39m] [32m[schoolController] Fetching all schools[39m
[2025-03-11 12:00:08] [[32minfo[39m] [32m[schoolController] Successfully fetched all schools[39m
[2025-03-11 12:00:08] [[32minfo[39m] [32m[schoolController] Fetching all schools[39m
[2025-03-11 12:00:08] [[32minfo[39m] [32m[schoolController] Successfully fetched all schools[39m
[2025-03-11 12:00:11] [[32minfo[39m] [32m[getAdminsBySchoolId] Fetching admins for schoolId: 67cc5370e98552e9b5a6e097[39m
[2025-03-11 12:00:11] [[32minfo[39m] [32m[getAdminsBySchoolId] Admins fetched successfully[39m
[2025-03-11 12:00:31] [[32minfo[39m] [32m[schoolController] Fetching all schools[39m
[2025-03-11 12:00:31] [[32minfo[39m] [32m[schoolController] Successfully fetched all schools[39m
[2025-03-11 12:00:31] [[32minfo[39m] [32m[schoolController] Fetching all schools[39m
[2025-03-11 12:00:31] [[32minfo[39m] [32m[schoolController] Successfully fetched all schools[39m
[2025-03-11 12:00:42] [[32minfo[39m] [32m[schoolController] Fetching all schools[39m
[2025-03-11 12:00:42] [[32minfo[39m] [32m[schoolController] Successfully fetched all schools[39m
[2025-03-11 12:00:42] [[32minfo[39m] [32m[schoolController] Fetching all schools[39m
[2025-03-11 12:00:42] [[32minfo[39m] [32m[schoolController] Successfully fetched all schools[39m
[2025-03-11 12:02:43] [[32minfo[39m] [32m[schoolController] Data came[39m
[2025-03-11 12:02:43] [[32minfo[39m] [32m[schoolService] Not admin found and creating a new school[39m
[2025-03-11 12:02:43] [[32minfo[39m] [32m[schoolService] New school created and saved in database[39m
[2025-03-11 12:02:44] [[32minfo[39m] [32m[schoolService] New admin created and saved in database[39m
[2025-03-11 12:02:44] [[32minfo[39m] [32m[schoolController] School and admin created successfully[39m
[2025-03-11 12:02:48] [[32minfo[39m] [32m[schoolController] Fetching all schools[39m
[2025-03-11 12:02:48] [[32minfo[39m] [32m[schoolController] Successfully fetched all schools[39m
[2025-03-11 12:02:48] [[32minfo[39m] [32m[schoolController] Fetching all schools[39m
[2025-03-11 12:02:48] [[32minfo[39m] [32m[schoolController] Successfully fetched all schools[39m
[2025-03-11 12:02:56] [[32minfo[39m] [32m[schoolController] Fetching all schools[39m
[2025-03-11 12:02:56] [[32minfo[39m] [32m[schoolController] Successfully fetched all schools[39m
[2025-03-11 12:02:56] [[32minfo[39m] [32m[schoolController] Fetching all schools[39m
[2025-03-11 12:02:56] [[32minfo[39m] [32m[schoolController] Successfully fetched all schools[39m
[2025-03-11 12:03:32] [[32minfo[39m] [32m[createAdmin] searching a user[39m
[2025-03-11 12:03:32] [[32minfo[39m] [32m[createAdmin] user not found. Creating a new user[39m
[2025-03-11 12:03:32] [[32minfo[39m] [32m[createAdmin] user created successfully[39m
[2025-03-11 12:03:32] [[32minfo[39m] [32m[createAdmin] user saved in the database successfully[39m
[2025-03-11 12:03:36] [[32minfo[39m] [32m[schoolController] Fetching all schools[39m
[2025-03-11 12:03:36] [[32minfo[39m] [32m[schoolController] Successfully fetched all schools[39m
[2025-03-11 12:03:36] [[32minfo[39m] [32m[schoolController] Fetching all schools[39m
[2025-03-11 12:03:36] [[32minfo[39m] [32m[schoolController] Successfully fetched all schools[39m
[2025-03-11 12:03:59] [[32minfo[39m] [32m[schoolController] Fetching all schools[39m
[2025-03-11 12:03:59] [[32minfo[39m] [32m[schoolController] Successfully fetched all schools[39m
[2025-03-11 12:03:59] [[32minfo[39m] [32m[schoolController] Fetching all schools[39m
[2025-03-11 12:03:59] [[32minfo[39m] [32m[schoolController] Successfully fetched all schools[39m
[2025-03-11 12:05:30] [[32minfo[39m] [32m[schoolController] Fetching all schools[39m
[2025-03-11 12:05:30] [[32minfo[39m] [32m[schoolController] Successfully fetched all schools[39m
[2025-03-11 12:05:30] [[32minfo[39m] [32m[schoolController] Fetching all schools[39m
[2025-03-11 12:05:31] [[32minfo[39m] [32m[schoolController] Successfully fetched all schools[39m
[2025-03-11 12:05:34] [[32minfo[39m] [32m[getAdminsBySchoolId] Fetching admins for schoolId: 67cfd90b973fc4336a8b10df[39m
[2025-03-11 12:05:34] [[32minfo[39m] [32m[getAdminsBySchoolId] Admins fetched successfully[39m
[2025-03-11 14:09:47] [[32minfo[39m] [32m[getAdminsBySchoolId] Fetching admins for schoolId: 67cc5370e98552e9b5a6e097[39m
[2025-03-11 14:09:48] [[32minfo[39m] [32m[getAdminsBySchoolId] Admins fetched successfully[39m
[2025-03-11 14:09:55] [[32minfo[39m] [32m[getAdminsBySchoolId] Fetching admins for schoolId: 67cfd90b973fc4336a8b10df[39m
[2025-03-11 14:09:55] [[32minfo[39m] [32m[getAdminsBySchoolId] Admins fetched successfully[39m
[2025-03-11 14:14:59] [[32minfo[39m] [32m[schoolController] Fetching all schools[39m
[2025-03-11 14:14:59] [[32minfo[39m] [32m[schoolController] Successfully fetched all schools[39m
[2025-03-11 14:14:59] [[32minfo[39m] [32m[schoolController] Fetching all schools[39m
[2025-03-11 14:14:59] [[32minfo[39m] [32m[schoolController] Successfully fetched all schools[39m
[2025-03-11 16:34:37] [[32minfo[39m] [32m[schoolController] Fetching all schools[39m
[2025-03-11 16:34:38] [[32minfo[39m] [32m[schoolController] Successfully fetched all schools[39m
[2025-03-11 16:34:38] [[32minfo[39m] [32m[schoolController] Fetching all schools[39m
[2025-03-11 16:34:38] [[32minfo[39m] [32m[schoolController] Successfully fetched all schools[39m
