[2025-03-09 08:35:09] [[32minfo[39m] [32m[schoolController] Fetching all schools[39m
[2025-03-09 08:35:09] [[32minfo[39m] [32m[schoolController] Successfully fetched all schools[39m
[2025-03-09 08:37:11] [[32minfo[39m] [32m[schoolController] Fetching all schools[39m
[2025-03-09 08:37:11] [[32minfo[39m] [32m[schoolController] Successfully fetched all schools[39m
[2025-03-09 09:15:36] [[32minfo[39m] [32m[schoolController] Fetching all schools[39m
[2025-03-09 09:15:37] [[32minfo[39m] [32m[schoolController] Successfully fetched all schools[39m
[2025-03-09 09:15:37] [[32minfo[39m] [32m[schoolController] Fetching all schools[39m
[2025-03-09 09:15:37] [[32minfo[39m] [32m[schoolController] Successfully fetched all schools[39m
[2025-03-09 09:17:03] [[32minfo[39m] [32m[schoolController] Fetching all schools[39m
[2025-03-09 09:17:03] [[32minfo[39m] [32m[schoolController] Fetching all schools[39m
[2025-03-09 09:17:03] [[32minfo[39m] [32m[schoolController] Successfully fetched all schools[39m
[2025-03-09 09:17:03] [[32minfo[39m] [32m[schoolController] Successfully fetched all schools[39m
[2025-03-09 09:17:07] [[32minfo[39m] [32m[schoolController] Fetching all schools[39m
[2025-03-09 09:17:07] [[32minfo[39m] [32m[schoolController] Fetching all schools[39m
[2025-03-09 09:17:07] [[32minfo[39m] [32m[schoolController] Successfully fetched all schools[39m
[2025-03-09 09:17:07] [[32minfo[39m] [32m[schoolController] Successfully fetched all schools[39m
[2025-03-09 09:20:26] [[32minfo[39m] [32m[schoolController] Fetching all schools[39m
[2025-03-09 09:20:26] [[32minfo[39m] [32m[schoolController] Fetching all schools[39m
[2025-03-09 09:20:26] [[32minfo[39m] [32m[schoolController] Successfully fetched all schools[39m
[2025-03-09 09:20:26] [[32minfo[39m] [32m[schoolController] Successfully fetched all schools[39m
[2025-03-09 09:20:30] [[32minfo[39m] [32m[schoolController] Fetching all schools[39m
[2025-03-09 09:20:30] [[32minfo[39m] [32m[schoolController] Fetching all schools[39m
[2025-03-09 09:20:30] [[32minfo[39m] [32m[schoolController] Successfully fetched all schools[39m
[2025-03-09 09:20:30] [[32minfo[39m] [32m[schoolController] Successfully fetched all schools[39m
[2025-03-09 09:21:21] [[32minfo[39m] [32m[schoolController] Fetching all schools[39m
[2025-03-09 09:21:21] [[32minfo[39m] [32m[schoolController] Fetching all schools[39m
[2025-03-09 09:21:21] [[32minfo[39m] [32m[schoolController] Successfully fetched all schools[39m
[2025-03-09 09:21:21] [[32minfo[39m] [32m[schoolController] Successfully fetched all schools[39m
[2025-03-09 09:31:57] [[32minfo[39m] [32m[schoolController] Fetching all schools[39m
[2025-03-09 09:31:58] [[32minfo[39m] [32m[schoolController] Successfully fetched all schools[39m
[2025-03-09 09:33:48] [[32minfo[39m] [32m[schoolController] Fetching all schools[39m
[2025-03-09 09:33:48] [[32minfo[39m] [32m[schoolController] Fetching all schools[39m
[2025-03-09 09:33:48] [[32minfo[39m] [32m[schoolController] Successfully fetched all schools[39m
[2025-03-09 09:33:49] [[32minfo[39m] [32m[schoolController] Successfully fetched all schools[39m
[2025-03-09 09:35:17] [[32minfo[39m] [32m[schoolController] Fetching all schools[39m
[2025-03-09 09:35:17] [[32minfo[39m] [32m[schoolController] Fetching all schools[39m
[2025-03-09 09:35:17] [[32minfo[39m] [32m[schoolController] Successfully fetched all schools[39m
[2025-03-09 09:35:17] [[32minfo[39m] [32m[schoolController] Successfully fetched all schools[39m
[2025-03-09 09:36:01] [[32minfo[39m] [32m[schoolController] Fetching all schools[39m
[2025-03-09 09:36:01] [[32minfo[39m] [32m[schoolController] Fetching all schools[39m
[2025-03-09 09:36:01] [[32minfo[39m] [32m[schoolController] Successfully fetched all schools[39m
[2025-03-09 09:36:01] [[32minfo[39m] [32m[schoolController] Successfully fetched all schools[39m
[2025-03-09 09:39:21] [[32minfo[39m] [32m[schoolController] Fetching all schools[39m
[2025-03-09 09:39:21] [[32minfo[39m] [32m[schoolController] Fetching all schools[39m
[2025-03-09 09:39:21] [[32minfo[39m] [32m[schoolController] Successfully fetched all schools[39m
[2025-03-09 09:39:21] [[32minfo[39m] [32m[schoolController] Successfully fetched all schools[39m
[2025-03-09 09:40:34] [[32minfo[39m] [32m[schoolController] Fetching all schools[39m
[2025-03-09 09:40:34] [[32minfo[39m] [32m[schoolController] Fetching all schools[39m
[2025-03-09 09:40:35] [[32minfo[39m] [32m[schoolController] Successfully fetched all schools[39m
[2025-03-09 09:40:35] [[32minfo[39m] [32m[schoolController] Successfully fetched all schools[39m
[2025-03-09 09:42:39] [[32minfo[39m] [32m[schoolController] Fetching all schools[39m
[2025-03-09 09:42:39] [[32minfo[39m] [32m[schoolController] Fetching all schools[39m
[2025-03-09 09:42:39] [[32minfo[39m] [32m[schoolController] Successfully fetched all schools[39m
[2025-03-09 09:42:39] [[32minfo[39m] [32m[schoolController] Successfully fetched all schools[39m
[2025-03-09 09:44:32] [[32minfo[39m] [32m[schoolController] Fetching all schools[39m
[2025-03-09 09:44:32] [[32minfo[39m] [32m[schoolController] Fetching all schools[39m
[2025-03-09 09:44:32] [[32minfo[39m] [32m[schoolController] Successfully fetched all schools[39m
[2025-03-09 09:44:32] [[32minfo[39m] [32m[schoolController] Successfully fetched all schools[39m
[2025-03-09 09:50:10] [[32minfo[39m] [32m[schoolController] Fetching all schools[39m
[2025-03-09 09:50:10] [[32minfo[39m] [32m[schoolController] Fetching all schools[39m
[2025-03-09 09:50:10] [[32minfo[39m] [32m[schoolController] Successfully fetched all schools[39m
[2025-03-09 09:50:10] [[32minfo[39m] [32m[schoolController] Successfully fetched all schools[39m
[2025-03-09 09:50:14] [[32minfo[39m] [32m[schoolController] Fetching all schools[39m
[2025-03-09 09:50:14] [[32minfo[39m] [32m[schoolController] Fetching all schools[39m
[2025-03-09 09:50:14] [[32minfo[39m] [32m[schoolController] Successfully fetched all schools[39m
[2025-03-09 09:50:14] [[32minfo[39m] [32m[schoolController] Successfully fetched all schools[39m
[2025-03-09 09:50:32] [[31merror[39m] [31m[adminController] Error creating admin: logger is not defined[39m
[2025-03-09 09:54:28] [[32minfo[39m] [32m[schoolController] Fetching all schools[39m
[2025-03-09 09:54:28] [[32minfo[39m] [32m[schoolController] Fetching all schools[39m
[2025-03-09 09:54:29] [[32minfo[39m] [32m[schoolController] Successfully fetched all schools[39m
[2025-03-09 09:54:29] [[32minfo[39m] [32m[schoolController] Successfully fetched all schools[39m
[2025-03-09 09:54:39] [[31merror[39m] [31m[adminController] Error creating admin: logger is not defined[39m
[2025-03-09 09:55:29] [[32minfo[39m] [32m[schoolController] Fetching all schools[39m
[2025-03-09 09:55:29] [[32minfo[39m] [32m[schoolController] Fetching all schools[39m
[2025-03-09 09:55:30] [[32minfo[39m] [32m[schoolController] Successfully fetched all schools[39m
[2025-03-09 09:55:30] [[32minfo[39m] [32m[schoolController] Successfully fetched all schools[39m
[2025-03-09 09:55:40] [[31merror[39m] [31m[adminController] Error creating admin: emailAddress is not defined[39m
[2025-03-09 09:56:23] [[32minfo[39m] [32m[schoolController] Fetching all schools[39m
[2025-03-09 09:56:23] [[32minfo[39m] [32m[schoolController] Successfully fetched all schools[39m
[2025-03-09 09:56:37] [[32minfo[39m] [32m[schoolController] Fetching all schools[39m
[2025-03-09 09:56:37] [[32minfo[39m] [32m[schoolController] Fetching all schools[39m
[2025-03-09 09:56:37] [[32minfo[39m] [32m[schoolController] Successfully fetched all schools[39m
[2025-03-09 09:56:37] [[32minfo[39m] [32m[schoolController] Successfully fetched all schools[39m
[2025-03-09 09:57:08] [[31merror[39m] [31m[adminController] Error creating admin: emailAddress is not defined[39m
[2025-03-09 09:58:27] [[32minfo[39m] [32m[schoolController] Fetching all schools[39m
[2025-03-09 09:58:27] [[32minfo[39m] [32m[schoolController] Fetching all schools[39m
[2025-03-09 09:58:27] [[32minfo[39m] [32m[schoolController] Successfully fetched all schools[39m
[2025-03-09 09:58:27] [[32minfo[39m] [32m[schoolController] Successfully fetched all schools[39m
[2025-03-09 09:58:45] [[31merror[39m] [31m[adminController] Error creating admin: emailAddress is not defined[39m
[2025-03-09 09:59:19] [[32minfo[39m] [32m[schoolController] Fetching all schools[39m
[2025-03-09 09:59:19] [[32minfo[39m] [32m[schoolController] Fetching all schools[39m
[2025-03-09 09:59:19] [[32minfo[39m] [32m[schoolController] Successfully fetched all schools[39m
[2025-03-09 09:59:19] [[32minfo[39m] [32m[schoolController] Successfully fetched all schools[39m
[2025-03-09 09:59:37] [[31merror[39m] [31m[adminController] Error creating admin: logger is not defined[39m
[2025-03-09 10:01:04] [[32minfo[39m] [32m[schoolController] Fetching all schools[39m
[2025-03-09 10:01:04] [[32minfo[39m] [32m[schoolController] Successfully fetched all schools[39m
[2025-03-09 10:01:07] [[32minfo[39m] [32m[schoolController] Fetching all schools[39m
[2025-03-09 10:01:07] [[32minfo[39m] [32m[schoolController] Fetching all schools[39m
[2025-03-09 10:01:08] [[32minfo[39m] [32m[schoolController] Successfully fetched all schools[39m
[2025-03-09 10:01:08] [[32minfo[39m] [32m[schoolController] Successfully fetched all schools[39m
[2025-03-09 10:01:32] [[31merror[39m] [31m[adminController] Error creating admin: logger is not defined[39m
[2025-03-09 10:07:08] [[32minfo[39m] [32m[schoolController] Fetching all schools[39m
[2025-03-09 10:07:08] [[32minfo[39m] [32m[schoolController] Fetching all schools[39m
[2025-03-09 10:07:09] [[32minfo[39m] [32m[schoolController] Successfully fetched all schools[39m
[2025-03-09 10:07:09] [[32minfo[39m] [32m[schoolController] Successfully fetched all schools[39m
[2025-03-09 10:07:21] [[32minfo[39m] [32m[createAdmin] searching a user[39m
[2025-03-09 10:07:21] [[32minfo[39m] [32m[createAdmin] user not found. Creating a new user[39m
[2025-03-09 10:07:21] [[32minfo[39m] [32m[createAdmin] user created successfully[39m
[2025-03-09 10:07:21] [[32minfo[39m] [32m[createAdmin] user save in the database successfully[39m
[2025-03-09 14:20:13] [[32minfo[39m] [32m[schoolController] Fetching all schools[39m
[2025-03-09 14:20:13] [[32minfo[39m] [32m[schoolController] Successfully fetched all schools[39m
[2025-03-09 14:20:13] [[32minfo[39m] [32m[schoolController] Fetching all schools[39m
[2025-03-09 14:20:13] [[32minfo[39m] [32m[schoolController] Successfully fetched all schools[39m
[2025-03-09 14:31:30] [[32minfo[39m] [32m[schoolController] Fetching all schools[39m
[2025-03-09 14:31:30] [[32minfo[39m] [32m[schoolController] Successfully fetched all schools[39m
[2025-03-09 14:32:34] [[32minfo[39m] [32m[schoolController] Fetching all schools[39m
[2025-03-09 14:32:34] [[32minfo[39m] [32m[schoolController] Successfully fetched all schools[39m
[2025-03-09 14:32:34] [[32minfo[39m] [32m[schoolController] Fetching all schools[39m
[2025-03-09 14:32:34] [[32minfo[39m] [32m[schoolController] Successfully fetched all schools[39m
[2025-03-09 14:35:58] [[32minfo[39m] [32m[schoolController] Fetching all schools[39m
[2025-03-09 14:35:58] [[32minfo[39m] [32m[schoolController] Successfully fetched all schools[39m
[2025-03-09 14:35:58] [[32minfo[39m] [32m[schoolController] Fetching all schools[39m
[2025-03-09 14:35:58] [[32minfo[39m] [32m[schoolController] Successfully fetched all schools[39m
[2025-03-09 14:36:20] [[32minfo[39m] [32m[schoolController] Fetching all schools[39m
[2025-03-09 14:36:20] [[32minfo[39m] [32m[schoolController] Successfully fetched all schools[39m
[2025-03-09 14:36:20] [[32minfo[39m] [32m[schoolController] Fetching all schools[39m
[2025-03-09 14:36:20] [[32minfo[39m] [32m[schoolController] Successfully fetched all schools[39m
[2025-03-09 14:36:22] [[32minfo[39m] [32m[schoolController] Fetching all schools[39m
[2025-03-09 14:36:22] [[32minfo[39m] [32m[schoolController] Successfully fetched all schools[39m
[2025-03-09 14:36:22] [[32minfo[39m] [32m[schoolController] Fetching all schools[39m
[2025-03-09 14:36:22] [[32minfo[39m] [32m[schoolController] Successfully fetched all schools[39m
[2025-03-09 14:36:30] [[32minfo[39m] [32m[schoolController] Fetching all schools[39m
[2025-03-09 14:36:30] [[32minfo[39m] [32m[schoolController] Successfully fetched all schools[39m
[2025-03-09 14:36:30] [[32minfo[39m] [32m[schoolController] Fetching all schools[39m
[2025-03-09 14:36:30] [[32minfo[39m] [32m[schoolController] Successfully fetched all schools[39m
[2025-03-09 14:40:12] [[32minfo[39m] [32m[schoolController] Fetching all schools[39m
[2025-03-09 14:40:12] [[32minfo[39m] [32m[schoolController] Successfully fetched all schools[39m
[2025-03-09 14:40:12] [[32minfo[39m] [32m[schoolController] Fetching all schools[39m
[2025-03-09 14:40:12] [[32minfo[39m] [32m[schoolController] Successfully fetched all schools[39m
[2025-03-09 14:40:16] [[32minfo[39m] [32m[schoolController] Fetching all schools[39m
[2025-03-09 14:40:16] [[32minfo[39m] [32m[schoolController] Successfully fetched all schools[39m
[2025-03-09 14:40:16] [[32minfo[39m] [32m[schoolController] Fetching all schools[39m
[2025-03-09 14:40:16] [[32minfo[39m] [32m[schoolController] Successfully fetched all schools[39m
[2025-03-09 14:41:29] [[32minfo[39m] [32m[schoolController] Fetching all schools[39m
[2025-03-09 14:41:29] [[32minfo[39m] [32m[schoolController] Successfully fetched all schools[39m
[2025-03-09 14:41:29] [[32minfo[39m] [32m[schoolController] Fetching all schools[39m
[2025-03-09 14:41:29] [[32minfo[39m] [32m[schoolController] Successfully fetched all schools[39m
[2025-03-09 14:42:00] [[32minfo[39m] [32m[schoolController] Fetching all schools[39m
[2025-03-09 14:42:00] [[32minfo[39m] [32m[schoolController] Successfully fetched all schools[39m
[2025-03-09 14:42:00] [[32minfo[39m] [32m[schoolController] Fetching all schools[39m
[2025-03-09 14:42:01] [[32minfo[39m] [32m[schoolController] Successfully fetched all schools[39m
[2025-03-09 14:42:05] [[32minfo[39m] [32m[schoolController] Fetching all schools[39m
[2025-03-09 14:42:05] [[32minfo[39m] [32m[schoolController] Successfully fetched all schools[39m
[2025-03-09 14:42:05] [[32minfo[39m] [32m[schoolController] Fetching all schools[39m
[2025-03-09 14:42:06] [[32minfo[39m] [32m[schoolController] Successfully fetched all schools[39m
[2025-03-09 14:43:17] [[32minfo[39m] [32m[schoolController] Fetching all schools[39m
[2025-03-09 14:43:18] [[32minfo[39m] [32m[schoolController] Successfully fetched all schools[39m
[2025-03-09 14:43:18] [[32minfo[39m] [32m[schoolController] Fetching all schools[39m
[2025-03-09 14:43:18] [[32minfo[39m] [32m[schoolController] Successfully fetched all schools[39m
[2025-03-09 14:55:28] [[32minfo[39m] [32m[schoolController] Fetching all schools[39m
[2025-03-09 14:55:28] [[32minfo[39m] [32m[schoolController] Successfully fetched all schools[39m
[2025-03-09 14:55:28] [[32minfo[39m] [32m[schoolController] Fetching all schools[39m
[2025-03-09 14:55:28] [[32minfo[39m] [32m[schoolController] Successfully fetched all schools[39m
[2025-03-09 14:56:21] [[32minfo[39m] [32m[schoolController] Fetching all schools[39m
[2025-03-09 14:56:22] [[32minfo[39m] [32m[schoolController] Successfully fetched all schools[39m
[2025-03-09 14:56:22] [[32minfo[39m] [32m[schoolController] Fetching all schools[39m
[2025-03-09 14:56:22] [[32minfo[39m] [32m[schoolController] Successfully fetched all schools[39m
[2025-03-09 14:56:23] [[32minfo[39m] [32m[schoolController] Fetching all schools[39m
[2025-03-09 14:56:23] [[32minfo[39m] [32m[schoolController] Successfully fetched all schools[39m
[2025-03-09 14:56:23] [[32minfo[39m] [32m[schoolController] Fetching all schools[39m
[2025-03-09 14:56:23] [[32minfo[39m] [32m[schoolController] Successfully fetched all schools[39m
[2025-03-09 14:56:38] [[32minfo[39m] [32m[schoolController] Fetching all schools[39m
[2025-03-09 14:56:38] [[32minfo[39m] [32m[schoolController] Successfully fetched all schools[39m
[2025-03-09 14:56:38] [[32minfo[39m] [32m[schoolController] Fetching all schools[39m
[2025-03-09 14:56:38] [[32minfo[39m] [32m[schoolController] Successfully fetched all schools[39m
[2025-03-09 14:56:39] [[32minfo[39m] [32m[schoolController] Fetching all schools[39m
[2025-03-09 14:56:39] [[32minfo[39m] [32m[schoolController] Successfully fetched all schools[39m
[2025-03-09 14:56:39] [[32minfo[39m] [32m[schoolController] Fetching all schools[39m
[2025-03-09 14:56:40] [[32minfo[39m] [32m[schoolController] Successfully fetched all schools[39m
[2025-03-09 14:56:46] [[32minfo[39m] [32m[schoolController] Fetching all schools[39m
[2025-03-09 14:56:46] [[32minfo[39m] [32m[schoolController] Successfully fetched all schools[39m
[2025-03-09 14:56:46] [[32minfo[39m] [32m[schoolController] Fetching all schools[39m
[2025-03-09 14:56:46] [[32minfo[39m] [32m[schoolController] Successfully fetched all schools[39m
[2025-03-09 15:02:00] [[32minfo[39m] [32m[schoolController] Fetching all schools[39m
[2025-03-09 15:02:00] [[32minfo[39m] [32m[schoolController] Fetching all schools[39m
[2025-03-09 15:02:00] [[32minfo[39m] [32m[schoolController] Successfully fetched all schools[39m
[2025-03-09 15:02:00] [[32minfo[39m] [32m[schoolController] Successfully fetched all schools[39m
[2025-03-09 15:02:04] [[32minfo[39m] [32m[schoolController] Fetching all schools[39m
[2025-03-09 15:02:04] [[32minfo[39m] [32m[schoolController] Fetching all schools[39m
[2025-03-09 15:02:04] [[32minfo[39m] [32m[schoolController] Successfully fetched all schools[39m
[2025-03-09 15:02:04] [[32minfo[39m] [32m[schoolController] Successfully fetched all schools[39m
[2025-03-09 15:02:09] [[32minfo[39m] [32m[schoolController] Fetching all schools[39m
[2025-03-09 15:02:09] [[32minfo[39m] [32m[schoolController] Fetching all schools[39m
[2025-03-09 15:02:09] [[32minfo[39m] [32m[schoolController] Successfully fetched all schools[39m
[2025-03-09 15:02:09] [[32minfo[39m] [32m[schoolController] Successfully fetched all schools[39m
[2025-03-09 15:02:32] [[32minfo[39m] [32m[schoolController] Fetching all schools[39m
[2025-03-09 15:02:32] [[32minfo[39m] [32m[schoolController] Fetching all schools[39m
[2025-03-09 15:02:32] [[32minfo[39m] [32m[schoolController] Successfully fetched all schools[39m
[2025-03-09 15:02:32] [[32minfo[39m] [32m[schoolController] Successfully fetched all schools[39m
[2025-03-09 15:02:34] [[32minfo[39m] [32m[schoolController] Fetching all schools[39m
[2025-03-09 15:02:34] [[32minfo[39m] [32m[schoolController] Fetching all schools[39m
[2025-03-09 15:02:34] [[32minfo[39m] [32m[schoolController] Successfully fetched all schools[39m
[2025-03-09 15:02:34] [[32minfo[39m] [32m[schoolController] Successfully fetched all schools[39m
[2025-03-09 15:32:30] [[32minfo[39m] [32m[authService] Passwords match![39m
[2025-03-09 15:32:30] [[32minfo[39m] [32m[authService] Login successfull![39m
[2025-03-09 15:33:17] [[32minfo[39m] [32m[getAdminsBySchoolId] Fetching admins for schoolId: 67ac6107daffb78924247923[39m
[2025-03-09 15:33:17] [[32minfo[39m] [32m[getAdminsBySchoolId] No admins found for schoolId: 67ac6107daffb78924247923[39m
[2025-03-09 15:33:17] [[31merror[39m] [31m[adminController] Error fetching admins: No admins found for this school[39m
[2025-03-09 15:33:54] [[32minfo[39m] [32m[getAdminsBySchoolId] Fetching admins for schoolId: 67cc5370e98552e9b5a6e097[39m
[2025-03-09 15:33:54] [[32minfo[39m] [32m[getAdminsBySchoolId] Admins fetched successfully[39m
[2025-03-09 15:55:53] [[32minfo[39m] [32m[schoolController] Fetching all schools[39m
[2025-03-09 15:55:54] [[32minfo[39m] [32m[schoolController] Successfully fetched all schools[39m
[2025-03-09 15:55:54] [[32minfo[39m] [32m[schoolController] Fetching all schools[39m
[2025-03-09 15:55:54] [[32minfo[39m] [32m[schoolController] Successfully fetched all schools[39m
[2025-03-09 15:56:21] [[32minfo[39m] [32m[schoolController] Fetching all schools[39m
[2025-03-09 15:56:21] [[32minfo[39m] [32m[schoolController] Successfully fetched all schools[39m
[2025-03-09 15:56:21] [[32minfo[39m] [32m[schoolController] Fetching all schools[39m
[2025-03-09 15:56:21] [[32minfo[39m] [32m[schoolController] Successfully fetched all schools[39m
[2025-03-09 16:01:25] [[32minfo[39m] [32m[schoolController] Fetching all schools[39m
[2025-03-09 16:01:25] [[32minfo[39m] [32m[schoolController] Fetching all schools[39m
[2025-03-09 16:01:25] [[32minfo[39m] [32m[schoolController] Successfully fetched all schools[39m
[2025-03-09 16:01:25] [[32minfo[39m] [32m[schoolController] Successfully fetched all schools[39m
[2025-03-09 16:01:26] [[32minfo[39m] [32m[schoolController] Fetching all schools[39m
[2025-03-09 16:01:26] [[32minfo[39m] [32m[schoolController] Fetching all schools[39m
[2025-03-09 16:01:27] [[32minfo[39m] [32m[schoolController] Successfully fetched all schools[39m
[2025-03-09 16:01:27] [[32minfo[39m] [32m[schoolController] Successfully fetched all schools[39m
[2025-03-09 16:01:31] [[32minfo[39m] [32m[getAdminsBySchoolId] Fetching admins for schoolId: 67cc5370e98552e9b5a6e097[39m
[2025-03-09 16:01:32] [[32minfo[39m] [32m[getAdminsBySchoolId] Admins fetched successfully[39m
[2025-03-09 16:01:44] [[32minfo[39m] [32m[getAdminsBySchoolId] Fetching admins for schoolId: 67ac6107daffb78924247923[39m
[2025-03-09 16:01:44] [[32minfo[39m] [32m[getAdminsBySchoolId] No admins found for schoolId: 67ac6107daffb78924247923[39m
[2025-03-09 16:01:44] [[31merror[39m] [31m[adminController] Error fetching admins: No admins found for this school[39m
[2025-03-09 16:01:49] [[32minfo[39m] [32m[schoolController] Fetching all schools[39m
[2025-03-09 16:01:49] [[32minfo[39m] [32m[schoolController] Fetching all schools[39m
[2025-03-09 16:01:49] [[32minfo[39m] [32m[schoolController] Successfully fetched all schools[39m
[2025-03-09 16:01:49] [[32minfo[39m] [32m[schoolController] Successfully fetched all schools[39m
[2025-03-09 16:01:52] [[32minfo[39m] [32m[schoolController] Fetching all schools[39m
[2025-03-09 16:01:52] [[32minfo[39m] [32m[schoolController] Fetching all schools[39m
[2025-03-09 16:01:52] [[32minfo[39m] [32m[schoolController] Successfully fetched all schools[39m
[2025-03-09 16:01:52] [[32minfo[39m] [32m[schoolController] Successfully fetched all schools[39m
[2025-03-09 16:01:56] [[32minfo[39m] [32m[getAdminsBySchoolId] Fetching admins for schoolId: 67ac6107daffb78924247923[39m
[2025-03-09 16:01:56] [[32minfo[39m] [32m[getAdminsBySchoolId] No admins found for schoolId: 67ac6107daffb78924247923[39m
[2025-03-09 16:01:56] [[31merror[39m] [31m[adminController] Error fetching admins: No admins found for this school[39m
[2025-03-09 16:02:29] [[32minfo[39m] [32m[schoolController] Fetching all schools[39m
[2025-03-09 16:02:29] [[32minfo[39m] [32m[schoolController] Fetching all schools[39m
[2025-03-09 16:02:29] [[32minfo[39m] [32m[schoolController] Successfully fetched all schools[39m
[2025-03-09 16:02:29] [[32minfo[39m] [32m[schoolController] Successfully fetched all schools[39m
[2025-03-09 16:02:31] [[32minfo[39m] [32m[schoolController] Fetching all schools[39m
[2025-03-09 16:02:31] [[32minfo[39m] [32m[schoolController] Fetching all schools[39m
[2025-03-09 16:02:31] [[32minfo[39m] [32m[schoolController] Successfully fetched all schools[39m
[2025-03-09 16:02:31] [[32minfo[39m] [32m[schoolController] Successfully fetched all schools[39m
[2025-03-09 16:02:35] [[32minfo[39m] [32m[getAdminsBySchoolId] Fetching admins for schoolId: 67cc5370e98552e9b5a6e097[39m
[2025-03-09 16:02:35] [[32minfo[39m] [32m[getAdminsBySchoolId] Admins fetched successfully[39m
[2025-03-09 16:13:11] [[32minfo[39m] [32m[schoolController] Fetching all schools[39m
[2025-03-09 16:13:11] [[32minfo[39m] [32m[schoolController] Fetching all schools[39m
[2025-03-09 16:13:11] [[32minfo[39m] [32m[schoolController] Successfully fetched all schools[39m
[2025-03-09 16:13:11] [[32minfo[39m] [32m[schoolController] Successfully fetched all schools[39m
[2025-03-09 16:13:13] [[32minfo[39m] [32m[schoolController] Fetching all schools[39m
[2025-03-09 16:13:13] [[32minfo[39m] [32m[schoolController] Fetching all schools[39m
[2025-03-09 16:13:13] [[32minfo[39m] [32m[schoolController] Successfully fetched all schools[39m
[2025-03-09 16:13:13] [[32minfo[39m] [32m[schoolController] Successfully fetched all schools[39m
[2025-03-09 16:13:15] [[32minfo[39m] [32m[schoolController] Fetching all schools[39m
[2025-03-09 16:13:15] [[32minfo[39m] [32m[schoolController] Fetching all schools[39m
[2025-03-09 16:13:15] [[32minfo[39m] [32m[schoolController] Successfully fetched all schools[39m
[2025-03-09 16:13:15] [[32minfo[39m] [32m[schoolController] Successfully fetched all schools[39m
[2025-03-09 16:13:17] [[32minfo[39m] [32m[getAdminsBySchoolId] Fetching admins for schoolId: 67ac6107daffb78924247923[39m
[2025-03-09 16:13:17] [[32minfo[39m] [32m[getAdminsBySchoolId] No admins found for schoolId: 67ac6107daffb78924247923[39m
[2025-03-09 16:13:17] [[31merror[39m] [31m[adminController] Error fetching admins: No admins found for this school[39m
[2025-03-09 16:13:25] [[32minfo[39m] [32m[getAdminsBySchoolId] Fetching admins for schoolId: 67cc5370e98552e9b5a6e097[39m
[2025-03-09 16:13:25] [[32minfo[39m] [32m[getAdminsBySchoolId] Admins fetched successfully[39m
[2025-03-09 16:30:04] [[32minfo[39m] [32m[schoolController] Fetching all schools[39m
[2025-03-09 16:30:04] [[32minfo[39m] [32m[schoolController] Successfully fetched all schools[39m
[2025-03-09 16:30:04] [[32minfo[39m] [32m[schoolController] Fetching all schools[39m
[2025-03-09 16:30:04] [[32minfo[39m] [32m[schoolController] Successfully fetched all schools[39m
[2025-03-09 16:30:45] [[32minfo[39m] [32m[createAdmin] searching a user[39m
[2025-03-09 16:30:46] [[32minfo[39m] [32m[createAdmin] user not found. Creating a new user[39m
[2025-03-09 16:30:46] [[32minfo[39m] [32m[createAdmin] user created successfully[39m
[2025-03-09 16:30:46] [[32minfo[39m] [32m[createAdmin] user saved in the database successfully[39m
[2025-03-09 16:30:56] [[32minfo[39m] [32m[schoolController] Fetching all schools[39m
[2025-03-09 16:30:56] [[32minfo[39m] [32m[schoolController] Fetching all schools[39m
[2025-03-09 16:30:56] [[32minfo[39m] [32m[schoolController] Successfully fetched all schools[39m
[2025-03-09 16:30:56] [[32minfo[39m] [32m[schoolController] Successfully fetched all schools[39m
[2025-03-09 16:30:58] [[32minfo[39m] [32m[getAdminsBySchoolId] Fetching admins for schoolId: 67cc5370e98552e9b5a6e097[39m
[2025-03-09 16:30:58] [[32minfo[39m] [32m[getAdminsBySchoolId] Admins fetched successfully[39m
[2025-03-09 16:37:14] [[32minfo[39m] [32m[deleteAdminById] Deleting admin with ID: 67cd74de283ae0389e723cf5[39m
[2025-03-09 16:37:14] [[32minfo[39m] [32m[deleteAdminById] Admin deleted successfully[39m
[2025-03-09 16:54:12] [[32minfo[39m] [32m[schoolController] Fetching all schools[39m
[2025-03-09 16:54:12] [[32minfo[39m] [32m[schoolController] Fetching all schools[39m
[2025-03-09 16:54:12] [[32minfo[39m] [32m[schoolController] Successfully fetched all schools[39m
[2025-03-09 16:54:12] [[32minfo[39m] [32m[schoolController] Successfully fetched all schools[39m
[2025-03-09 16:54:14] [[32minfo[39m] [32m[schoolController] Fetching all schools[39m
[2025-03-09 16:54:14] [[32minfo[39m] [32m[schoolController] Fetching all schools[39m
[2025-03-09 16:54:14] [[32minfo[39m] [32m[schoolController] Successfully fetched all schools[39m
[2025-03-09 16:54:14] [[32minfo[39m] [32m[schoolController] Successfully fetched all schools[39m
[2025-03-09 16:54:16] [[32minfo[39m] [32m[getAdminsBySchoolId] Fetching admins for schoolId: 67cc5370e98552e9b5a6e097[39m
[2025-03-09 16:54:16] [[32minfo[39m] [32m[getAdminsBySchoolId] Admins fetched successfully[39m
[2025-03-09 16:54:24] [[32minfo[39m] [32m[schoolController] Fetching all schools[39m
[2025-03-09 16:54:24] [[32minfo[39m] [32m[schoolController] Fetching all schools[39m
[2025-03-09 16:54:24] [[32minfo[39m] [32m[schoolController] Successfully fetched all schools[39m
[2025-03-09 16:54:24] [[32minfo[39m] [32m[schoolController] Successfully fetched all schools[39m
[2025-03-09 16:54:56] [[32minfo[39m] [32m[createAdmin] searching a user[39m
[2025-03-09 16:54:56] [[32minfo[39m] [32m[createAdmin] user not found. Creating a new user[39m
[2025-03-09 16:54:56] [[32minfo[39m] [32m[createAdmin] user created successfully[39m
[2025-03-09 16:54:57] [[32minfo[39m] [32m[createAdmin] user saved in the database successfully[39m
[2025-03-09 16:54:59] [[32minfo[39m] [32m[schoolController] Fetching all schools[39m
[2025-03-09 16:54:59] [[32minfo[39m] [32m[schoolController] Fetching all schools[39m
[2025-03-09 16:55:00] [[32minfo[39m] [32m[schoolController] Successfully fetched all schools[39m
[2025-03-09 16:55:00] [[32minfo[39m] [32m[schoolController] Successfully fetched all schools[39m
[2025-03-09 16:55:02] [[32minfo[39m] [32m[getAdminsBySchoolId] Fetching admins for schoolId: 67cc5370e98552e9b5a6e097[39m
[2025-03-09 16:55:02] [[32minfo[39m] [32m[getAdminsBySchoolId] Admins fetched successfully[39m
[2025-03-09 16:55:05] [[32minfo[39m] [32m[deleteAdminById] Deleting admin with ID: 67cd7a88a01dac50e3c28222[39m
[2025-03-09 16:55:05] [[32minfo[39m] [32m[deleteAdminById] Admin deleted successfully[39m
[2025-03-09 16:55:12] [[32minfo[39m] [32m[schoolController] Fetching all schools[39m
[2025-03-09 16:55:12] [[32minfo[39m] [32m[schoolController] Fetching all schools[39m
[2025-03-09 16:55:12] [[32minfo[39m] [32m[schoolController] Successfully fetched all schools[39m
[2025-03-09 16:55:12] [[32minfo[39m] [32m[schoolController] Successfully fetched all schools[39m
[2025-03-09 16:55:13] [[32minfo[39m] [32m[schoolController] Fetching all schools[39m
[2025-03-09 16:55:13] [[32minfo[39m] [32m[schoolController] Fetching all schools[39m
[2025-03-09 16:55:13] [[32minfo[39m] [32m[schoolController] Successfully fetched all schools[39m
[2025-03-09 16:55:13] [[32minfo[39m] [32m[schoolController] Successfully fetched all schools[39m
[2025-03-09 16:55:15] [[32minfo[39m] [32m[getAdminsBySchoolId] Fetching admins for schoolId: 67cc5370e98552e9b5a6e097[39m
[2025-03-09 16:55:15] [[32minfo[39m] [32m[getAdminsBySchoolId] Admins fetched successfully[39m
[2025-03-09 16:56:38] [[32minfo[39m] [32m[schoolController] Fetching all schools[39m
[2025-03-09 16:56:38] [[32minfo[39m] [32m[schoolController] Fetching all schools[39m
[2025-03-09 16:56:38] [[32minfo[39m] [32m[schoolController] Successfully fetched all schools[39m
[2025-03-09 16:56:38] [[32minfo[39m] [32m[schoolController] Successfully fetched all schools[39m
[2025-03-09 16:56:45] [[32minfo[39m] [32m[schoolController] Fetching all schools[39m
[2025-03-09 16:56:45] [[32minfo[39m] [32m[schoolController] Fetching all schools[39m
[2025-03-09 16:56:45] [[32minfo[39m] [32m[schoolController] Successfully fetched all schools[39m
[2025-03-09 16:56:45] [[32minfo[39m] [32m[schoolController] Successfully fetched all schools[39m
[2025-03-09 16:56:49] [[32minfo[39m] [32m[getAdminsBySchoolId] Fetching admins for schoolId: 67ac6107daffb78924247923[39m
[2025-03-09 16:56:49] [[32minfo[39m] [32m[getAdminsBySchoolId] No admins found for schoolId: 67ac6107daffb78924247923[39m
[2025-03-09 16:56:49] [[31merror[39m] [31m[adminController] Error fetching admins: No admins found for this school[39m
[2025-03-09 16:56:55] [[32minfo[39m] [32m[getAdminsBySchoolId] Fetching admins for schoolId: 67cc5370e98552e9b5a6e097[39m
[2025-03-09 16:56:55] [[32minfo[39m] [32m[getAdminsBySchoolId] Admins fetched successfully[39m
[2025-03-09 16:57:27] [[32minfo[39m] [32m[schoolController] Fetching all schools[39m
[2025-03-09 16:57:27] [[32minfo[39m] [32m[schoolController] Fetching all schools[39m
[2025-03-09 16:57:27] [[32minfo[39m] [32m[schoolController] Successfully fetched all schools[39m
[2025-03-09 16:57:27] [[32minfo[39m] [32m[schoolController] Successfully fetched all schools[39m
