[2025-03-21 10:10:21] [[32minfo[39m] [32m[authService] Passwords match![39m
[2025-03-21 10:10:21] [[32minfo[39m] [32m[authService] Login successfull![39m
[2025-03-21 10:10:24] [[32minfo[39m] [32m[learningController] Fetching all learning materials[39m
[2025-03-21 10:10:24] [[32minfo[39m] [32m[learningController] Successfully fetched all learning materials[39m
[2025-03-21 10:10:24] [[32minfo[39m] [32m[learningController] Fetching all learning materials[39m
[2025-03-21 10:10:24] [[32minfo[39m] [32m[learningController] Successfully fetched all learning materials[39m
[2025-03-21 10:11:36] [[32minfo[39m] [32m[learningController] Fetching all learning materials[39m
[2025-03-21 10:11:36] [[32minfo[39m] [32m[learningController] Successfully fetched all learning materials[39m
[2025-03-21 10:11:36] [[32minfo[39m] [32m[learningController] Fetching all learning materials[39m
[2025-03-21 10:11:36] [[32minfo[39m] [32m[learningController] Successfully fetched all learning materials[39m
[2025-03-21 10:13:20] [[32minfo[39m] [32m[learningController] Fetching all learning materials[39m
[2025-03-21 10:13:20] [[32minfo[39m] [32m[learningController] Successfully fetched all learning materials[39m
[2025-03-21 10:13:20] [[32minfo[39m] [32m[learningController] Fetching all learning materials[39m
[2025-03-21 10:13:20] [[32minfo[39m] [32m[learningController] Successfully fetched all learning materials[39m
[2025-03-21 10:13:24] [[32minfo[39m] [32m[schoolController] Fetching all schools[39m
[2025-03-21 10:13:24] [[32minfo[39m] [32m[schoolController] Successfully fetched all schools[39m
[2025-03-21 10:13:24] [[32minfo[39m] [32m[schoolController] Fetching all schools[39m
[2025-03-21 10:13:24] [[32minfo[39m] [32m[schoolController] Successfully fetched all schools[39m
[2025-03-21 10:13:26] [[32minfo[39m] [32m[learningController] Fetching all learning materials[39m
[2025-03-21 10:13:26] [[32minfo[39m] [32m[learningController] Successfully fetched all learning materials[39m
[2025-03-21 10:13:26] [[32minfo[39m] [32m[learningController] Fetching all learning materials[39m
[2025-03-21 10:13:26] [[32minfo[39m] [32m[learningController] Successfully fetched all learning materials[39m
[2025-03-21 10:17:06] [[32minfo[39m] [32m[authService] Passwords match![39m
[2025-03-21 10:17:06] [[32minfo[39m] [32m[authService] Login successfull![39m
[2025-03-21 10:17:11] [[32minfo[39m] [32m[learningController] Fetching all learning materials[39m
[2025-03-21 10:17:12] [[32minfo[39m] [32m[learningController] Successfully fetched all learning materials[39m
[2025-03-21 10:17:12] [[32minfo[39m] [32m[learningController] Fetching all learning materials[39m
[2025-03-21 10:17:12] [[32minfo[39m] [32m[learningController] Successfully fetched all learning materials[39m
[2025-03-21 10:20:43] [[32minfo[39m] [32m[learningController] Fetching all learning materials[39m
[2025-03-21 10:20:43] [[32minfo[39m] [32m[learningController] Successfully fetched all learning materials[39m
[2025-03-21 10:20:43] [[32minfo[39m] [32m[learningController] Fetching all learning materials[39m
[2025-03-21 10:20:43] [[32minfo[39m] [32m[learningController] Successfully fetched all learning materials[39m
[2025-03-21 10:21:49] [[32minfo[39m] [32m[learningController] Fetching all learning materials[39m
[2025-03-21 10:21:49] [[32minfo[39m] [32m[learningController] Successfully fetched all learning materials[39m
[2025-03-21 10:21:49] [[32minfo[39m] [32m[learningController] Fetching all learning materials[39m
[2025-03-21 10:21:50] [[32minfo[39m] [32m[learningController] Successfully fetched all learning materials[39m
[2025-03-21 10:23:24] [[32minfo[39m] [32m[learningController] Fetching all learning materials[39m
[2025-03-21 10:23:24] [[32minfo[39m] [32m[learningController] Successfully fetched all learning materials[39m
[2025-03-21 10:23:24] [[32minfo[39m] [32m[learningController] Fetching all learning materials[39m
[2025-03-21 10:23:24] [[32minfo[39m] [32m[learningController] Successfully fetched all learning materials[39m
[2025-03-21 10:23:28] [[32minfo[39m] [32m[learningController] Fetching all learning materials[39m
[2025-03-21 10:23:28] [[32minfo[39m] [32m[learningController] Successfully fetched all learning materials[39m
[2025-03-21 10:23:28] [[32minfo[39m] [32m[learningController] Fetching all learning materials[39m
[2025-03-21 10:23:28] [[32minfo[39m] [32m[learningController] Successfully fetched all learning materials[39m
[2025-03-21 10:23:31] [[32minfo[39m] [32m[learningController] Fetching all learning materials[39m
[2025-03-21 10:23:31] [[32minfo[39m] [32m[learningController] Successfully fetched all learning materials[39m
[2025-03-21 10:23:31] [[32minfo[39m] [32m[learningController] Fetching all learning materials[39m
[2025-03-21 10:23:31] [[32minfo[39m] [32m[learningController] Successfully fetched all learning materials[39m
[2025-03-21 10:23:36] [[32minfo[39m] [32m[learningController] Fetching all learning materials[39m
[2025-03-21 10:23:36] [[32minfo[39m] [32m[learningController] Successfully fetched all learning materials[39m
[2025-03-21 10:23:36] [[32minfo[39m] [32m[learningController] Fetching all learning materials[39m
[2025-03-21 10:23:36] [[32minfo[39m] [32m[learningController] Successfully fetched all learning materials[39m
[2025-03-21 10:23:37] [[32minfo[39m] [32m[learningController] Fetching all learning materials[39m
[2025-03-21 10:23:38] [[32minfo[39m] [32m[learningController] Successfully fetched all learning materials[39m
[2025-03-21 10:23:38] [[32minfo[39m] [32m[learningController] Fetching all learning materials[39m
[2025-03-21 10:23:38] [[32minfo[39m] [32m[learningController] Successfully fetched all learning materials[39m
[2025-03-21 10:23:39] [[32minfo[39m] [32m[learningController] Fetching all learning materials[39m
[2025-03-21 10:23:39] [[32minfo[39m] [32m[learningController] Successfully fetched all learning materials[39m
[2025-03-21 10:23:39] [[32minfo[39m] [32m[learningController] Fetching all learning materials[39m
[2025-03-21 10:23:39] [[32minfo[39m] [32m[learningController] Successfully fetched all learning materials[39m
[2025-03-21 10:23:42] [[32minfo[39m] [32m[learningController] Fetching all learning materials[39m
[2025-03-21 10:23:42] [[32minfo[39m] [32m[learningController] Successfully fetched all learning materials[39m
[2025-03-21 10:23:42] [[32minfo[39m] [32m[learningController] Fetching all learning materials[39m
[2025-03-21 10:23:42] [[32minfo[39m] [32m[learningController] Successfully fetched all learning materials[39m
[2025-03-21 10:23:43] [[32minfo[39m] [32m[learningController] Fetching all learning materials[39m
[2025-03-21 10:23:44] [[32minfo[39m] [32m[learningController] Successfully fetched all learning materials[39m
[2025-03-21 10:23:44] [[32minfo[39m] [32m[learningController] Fetching all learning materials[39m
[2025-03-21 10:23:44] [[32minfo[39m] [32m[learningController] Successfully fetched all learning materials[39m
[2025-03-21 10:23:46] [[32minfo[39m] [32m[learningController] Fetching all learning materials[39m
[2025-03-21 10:23:46] [[32minfo[39m] [32m[learningController] Successfully fetched all learning materials[39m
[2025-03-21 10:23:46] [[32minfo[39m] [32m[learningController] Fetching all learning materials[39m
[2025-03-21 10:23:46] [[32minfo[39m] [32m[learningController] Successfully fetched all learning materials[39m
[2025-03-21 10:23:49] [[32minfo[39m] [32m[learningController] Fetching all learning materials[39m
[2025-03-21 10:23:49] [[32minfo[39m] [32m[learningController] Successfully fetched all learning materials[39m
[2025-03-21 10:23:49] [[32minfo[39m] [32m[learningController] Fetching all learning materials[39m
[2025-03-21 10:23:50] [[32minfo[39m] [32m[learningController] Successfully fetched all learning materials[39m
[2025-03-21 10:29:00] [[32minfo[39m] [32m[learningController] Fetching all learning materials[39m
[2025-03-21 10:29:00] [[32minfo[39m] [32m[learningController] Successfully fetched all learning materials[39m
[2025-03-21 10:29:00] [[32minfo[39m] [32m[learningController] Fetching all learning materials[39m
[2025-03-21 10:29:00] [[32minfo[39m] [32m[learningController] Successfully fetched all learning materials[39m
[2025-03-21 10:32:38] [[32minfo[39m] [32m[authService] Passwords match![39m
[2025-03-21 10:32:39] [[32minfo[39m] [32m[authService] Login successfull![39m
[2025-03-21 10:33:32] [[32minfo[39m] [32m[learningController] Fetching all learning materials[39m
[2025-03-21 10:33:32] [[32minfo[39m] [32m[learningController] Successfully fetched all learning materials[39m
[2025-03-21 10:33:32] [[32minfo[39m] [32m[learningController] Fetching all learning materials[39m
[2025-03-21 10:33:33] [[32minfo[39m] [32m[learningController] Successfully fetched all learning materials[39m
[2025-03-21 10:36:46] [[32minfo[39m] [32m[learningController] Fetching all learning materials[39m
[2025-03-21 10:36:46] [[32minfo[39m] [32m[learningController] Successfully fetched all learning materials[39m
[2025-03-21 10:36:46] [[32minfo[39m] [32m[learningController] Fetching all learning materials[39m
[2025-03-21 10:36:46] [[32minfo[39m] [32m[learningController] Successfully fetched all learning materials[39m
[2025-03-21 10:36:54] [[32minfo[39m] [32m[learningController] Fetching all learning materials[39m
[2025-03-21 10:36:54] [[32minfo[39m] [32m[learningController] Successfully fetched all learning materials[39m
[2025-03-21 10:36:54] [[32minfo[39m] [32m[learningController] Fetching all learning materials[39m
[2025-03-21 10:36:54] [[32minfo[39m] [32m[learningController] Successfully fetched all learning materials[39m
[2025-03-21 10:37:21] [[32minfo[39m] [32m[learningController] Fetching all learning materials[39m
[2025-03-21 10:37:21] [[32minfo[39m] [32m[learningController] Successfully fetched all learning materials[39m
[2025-03-21 10:37:21] [[32minfo[39m] [32m[learningController] Fetching all learning materials[39m
[2025-03-21 10:37:21] [[32minfo[39m] [32m[learningController] Successfully fetched all learning materials[39m
[2025-03-21 10:37:34] [[32minfo[39m] [32m[learningController] Fetching all learning materials[39m
[2025-03-21 10:37:34] [[32minfo[39m] [32m[learningController] Successfully fetched all learning materials[39m
[2025-03-21 10:37:34] [[32minfo[39m] [32m[learningController] Fetching all learning materials[39m
[2025-03-21 10:37:34] [[32minfo[39m] [32m[learningController] Successfully fetched all learning materials[39m
