2025-02-18 21:56:01 [32minfo[39m: [32mMongoDB Connected: kinderzone-shard-00-01.nt23j.mongodb.net[39m
2025-02-18 22:01:41 [33mwarn[39m: [33mMongoDB disconnected[39m
2025-02-18 22:01:52 [32minfo[39m: [32mMongoDB reconnected[39m
2025-02-18 23:39:15 [33mwarn[39m: [33mMongoDB disconnected[39m
2025-02-18 23:39:26 [32minfo[39m: [32mMongoDB reconnected[39m
2025-02-18 23:39:48 [33mwarn[39m: [33mMongoDB disconnected[39m
2025-02-18 23:39:59 [32minfo[39m: [32mMongoDB reconnected[39m
2025-02-19 07:23:28 [32minfo[39m: [32mMongoDB reconnected[39m
2025-02-19 07:23:29 [32minfo[39m: [32mMongoDB reconnected[39m
2025-02-19 07:23:39 [33mwarn[39m: [33mMongoDB disconnected[39m
2025-02-19 07:23:40 [32minfo[39m: [32mMongoDB reconnected[39m
2025-02-19 07:34:11 [32minfo[39m: [32mMongoDB reconnected[39m
2025-02-19 08:28:45 [33mwarn[39m: [33mMongoDB disconnected[39m
2025-02-19 08:28:45 [32minfo[39m: [32mMongoDB reconnected[39m
2025-02-19 08:29:25 [32minfo[39m: [32mMongoDB reconnected[39m
2025-02-19 08:29:36 [33mwarn[39m: [33mMongoDB disconnected[39m
2025-02-19 08:29:36 [32minfo[39m: [32mMongoDB reconnected[39m
2025-02-19 08:37:07 [32minfo[39m: [32mMongoDB reconnected[39m
2025-02-19 08:37:19 [33mwarn[39m: [33mMongoDB disconnected[39m
2025-02-19 08:37:27 [32minfo[39m: [32mMongoDB reconnected[39m
2025-02-19 10:28:42 [33mwarn[39m: [33mMongoDB disconnected[39m
2025-02-19 10:46:02 [32minfo[39m: [32mMongoDB Connected: kinderzone-shard-00-02.nt23j.mongodb.net[39m
2025-02-19 10:46:08 [33mwarn[39m: [33mMongoDB disconnected[39m
2025-02-21 13:10:59 [32minfo[39m: [32mMongoDB Connected: kinderzone-shard-00-00.nt23j.mongodb.net[39m
2025-02-21 13:16:40 [33mwarn[39m: [33mMongoDB disconnected[39m
2025-02-21 13:16:50 [32minfo[39m: [32mMongoDB reconnected[39m
2025-02-22 15:50:47 [32minfo[39m: [32mMongoDB Connected: kinderzone-shard-00-02.nt23j.mongodb.net[39m
2025-02-22 15:50:51 [33mwarn[39m: [33mMongoDB disconnected[39m
2025-02-22 16:06:55 [32minfo[39m: [32mMongoDB Connected: kinderzone-shard-00-00.nt23j.mongodb.net[39m
2025-02-22 16:15:04 [33mwarn[39m: [33mMongoDB disconnected[39m
2025-02-22 16:15:20 [32minfo[39m: [32mMongoDB reconnected[39m
2025-02-22 16:16:41 [32minfo[39m: [32mMongoDB reconnected[39m
2025-02-22 16:17:37 [32minfo[39m: [32mMongoDB reconnected[39m
2025-02-22 16:19:58 [33mwarn[39m: [33mMongoDB disconnected[39m
2025-02-22 16:19:58 [32minfo[39m: [32mMongoDB reconnected[39m
2025-02-22 16:25:39 [33mwarn[39m: [33mMongoDB disconnected[39m
2025-02-22 16:25:49 [32minfo[39m: [32mMongoDB reconnected[39m
2025-02-22 16:31:30 [33mwarn[39m: [33mMongoDB disconnected[39m
2025-02-22 16:31:41 [32minfo[39m: [32mMongoDB reconnected[39m
2025-02-22 16:37:22 [33mwarn[39m: [33mMongoDB disconnected[39m
2025-02-22 16:37:32 [32minfo[39m: [32mMongoDB reconnected[39m
2025-02-22 16:43:13 [33mwarn[39m: [33mMongoDB disconnected[39m
2025-02-22 16:43:24 [32minfo[39m: [32mMongoDB reconnected[39m
2025-02-22 16:44:38 [33mwarn[39m: [33mMongoDB disconnected[39m
2025-02-22 16:44:45 [32minfo[39m: [32mMongoDB Connected: kinderzone-shard-00-01.nt23j.mongodb.net[39m
2025-02-22 16:48:30 [33mwarn[39m: [33mMongoDB disconnected[39m
2025-02-23 18:25:00 [32minfo[39m: [32mMongoDB Connected: kinderzone-shard-00-01.nt23j.mongodb.net[39m
2025-02-23 18:30:30 [33mwarn[39m: [33mMongoDB disconnected[39m
2025-02-23 18:30:41 [32minfo[39m: [32mMongoDB reconnected[39m
2025-02-23 18:36:22 [33mwarn[39m: [33mMongoDB disconnected[39m
2025-02-23 18:36:32 [32minfo[39m: [32mMongoDB reconnected[39m
2025-02-23 18:42:13 [33mwarn[39m: [33mMongoDB disconnected[39m
2025-02-23 18:42:24 [32minfo[39m: [32mMongoDB reconnected[39m
2025-02-23 18:43:35 [33mwarn[39m: [33mMongoDB disconnected[39m
2025-02-23 18:43:43 [32minfo[39m: [32mMongoDB Connected: kinderzone-shard-00-02.nt23j.mongodb.net[39m
2025-02-23 18:49:23 [33mwarn[39m: [33mMongoDB disconnected[39m
2025-02-23 18:49:34 [32minfo[39m: [32mMongoDB reconnected[39m
2025-02-23 18:54:14 [33mwarn[39m: [33mMongoDB disconnected[39m
2025-02-23 19:03:12 [32minfo[39m: [32mMongoDB Connected: kinderzone-shard-00-00.nt23j.mongodb.net[39m
2025-02-23 19:03:17 [33mwarn[39m: [33mMongoDB disconnected[39m
2025-02-23 19:03:36 [32minfo[39m: [32mMongoDB Connected: kinderzone-shard-00-02.nt23j.mongodb.net[39m
2025-02-23 19:03:40 [31merror[39m: [31mError getting announcements: Cannot read properties of undefined (reading 'schoolId')[39m
2025-02-23 19:09:25 [33mwarn[39m: [33mMongoDB disconnected[39m
2025-02-23 19:09:36 [32minfo[39m: [32mMongoDB reconnected[39m
2025-02-23 19:14:57 [32minfo[39m: [32mMongoDB reconnected[39m
2025-02-23 19:15:07 [32minfo[39m: [32mMongoDB reconnected[39m
2025-02-23 19:15:17 [33mwarn[39m: [33mMongoDB disconnected[39m
2025-02-23 19:15:27 [32minfo[39m: [32mMongoDB reconnected[39m
2025-02-23 19:20:48 [32minfo[39m: [32mMongoDB reconnected[39m
2025-02-23 19:20:59 [33mwarn[39m: [33mMongoDB disconnected[39m
2025-02-23 19:21:08 [32minfo[39m: [32mMongoDB reconnected[39m
2025-02-23 19:26:40 [32minfo[39m: [32mMongoDB reconnected[39m
2025-02-23 19:26:51 [33mwarn[39m: [33mMongoDB disconnected[39m
2025-02-23 19:27:00 [32minfo[39m: [32mMongoDB reconnected[39m
2025-02-23 19:32:32 [32minfo[39m: [32mMongoDB reconnected[39m
2025-02-23 19:32:41 [32minfo[39m: [32mMongoDB reconnected[39m
2025-02-23 19:32:51 [33mwarn[39m: [33mMongoDB disconnected[39m
2025-02-23 19:33:01 [32minfo[39m: [32mMongoDB reconnected[39m
2025-02-23 19:38:42 [33mwarn[39m: [33mMongoDB disconnected[39m
2025-02-23 19:38:52 [32minfo[39m: [32mMongoDB reconnected[39m
2025-02-23 19:44:33 [33mwarn[39m: [33mMongoDB disconnected[39m
2025-02-23 19:44:44 [32minfo[39m: [32mMongoDB reconnected[39m
2025-02-24 14:25:15 [32minfo[39m: [32mMongoDB Connected: kinderzone-shard-00-02.nt23j.mongodb.net[39m
2025-02-24 20:04:26 [33mwarn[39m: [33mMongoDB disconnected[39m
2025-02-24 21:30:25 [32minfo[39m: [32mMongoDB reconnected[39m
2025-02-24 21:53:30 [33mwarn[39m: [33mMongoDB disconnected[39m
2025-02-24 21:53:41 [32minfo[39m: [32mMongoDB reconnected[39m
2025-02-24 21:59:22 [33mwarn[39m: [33mMongoDB disconnected[39m
2025-02-24 21:59:32 [32minfo[39m: [32mMongoDB reconnected[39m
2025-02-24 22:05:23 [33mwarn[39m: [33mMongoDB disconnected[39m
2025-02-24 22:05:34 [32minfo[39m: [32mMongoDB reconnected[39m
2025-02-24 22:11:15 [33mwarn[39m: [33mMongoDB disconnected[39m
2025-02-24 22:11:27 [32minfo[39m: [32mMongoDB reconnected[39m
2025-02-24 22:17:08 [33mwarn[39m: [33mMongoDB disconnected[39m
2025-02-24 22:17:21 [32minfo[39m: [32mMongoDB reconnected[39m
2025-02-24 22:23:02 [33mwarn[39m: [33mMongoDB disconnected[39m
2025-02-24 22:23:12 [32minfo[39m: [32mMongoDB reconnected[39m
2025-02-24 22:28:53 [33mwarn[39m: [33mMongoDB disconnected[39m
2025-02-24 22:29:04 [32minfo[39m: [32mMongoDB reconnected[39m
2025-02-24 22:34:35 [33mwarn[39m: [33mMongoDB disconnected[39m
2025-02-24 22:34:45 [32minfo[39m: [32mMongoDB reconnected[39m
2025-02-24 22:40:26 [33mwarn[39m: [33mMongoDB disconnected[39m
2025-02-24 22:40:37 [32minfo[39m: [32mMongoDB reconnected[39m
2025-02-24 22:46:18 [33mwarn[39m: [33mMongoDB disconnected[39m
2025-02-24 22:46:28 [32minfo[39m: [32mMongoDB reconnected[39m
2025-02-24 22:52:09 [33mwarn[39m: [33mMongoDB disconnected[39m
2025-02-24 22:52:20 [32minfo[39m: [32mMongoDB reconnected[39m
2025-02-25 00:24:43 [33mwarn[39m: [33mMongoDB disconnected[39m
2025-02-25 12:02:41 [32minfo[39m: [32mMongoDB reconnected[39m
2025-02-25 19:37:41 [33mwarn[39m: [33mMongoDB disconnected[39m
2025-02-25 20:41:35 [32minfo[39m: [32mMongoDB reconnected[39m
2025-02-25 20:48:16 [32minfo[39m: [32mMongoDB reconnected[39m
2025-02-25 20:48:27 [33mwarn[39m: [33mMongoDB disconnected[39m
2025-02-25 20:48:37 [32minfo[39m: [32mMongoDB reconnected[39m
2025-02-25 20:55:08 [32minfo[39m: [32mMongoDB reconnected[39m
2025-02-25 20:55:18 [33mwarn[39m: [33mMongoDB disconnected[39m
2025-02-25 20:55:29 [32minfo[39m: [32mMongoDB reconnected[39m
2025-02-25 21:01:39 [32minfo[39m: [32mMongoDB reconnected[39m
2025-02-25 21:01:40 [32minfo[39m: [32mMongoDB reconnected[39m
2025-02-25 21:01:50 [33mwarn[39m: [33mMongoDB disconnected[39m
2025-02-25 21:02:00 [32minfo[39m: [32mMongoDB reconnected[39m
2025-02-25 21:07:31 [32minfo[39m: [32mMongoDB reconnected[39m
2025-02-25 21:07:32 [32minfo[39m: [32mMongoDB reconnected[39m
2025-02-25 21:07:41 [33mwarn[39m: [33mMongoDB disconnected[39m
2025-02-25 21:07:51 [32minfo[39m: [32mMongoDB reconnected[39m
2025-02-25 21:13:22 [32minfo[39m: [32mMongoDB reconnected[39m
2025-02-25 21:13:23 [32minfo[39m: [32mMongoDB reconnected[39m
2025-02-25 21:13:33 [33mwarn[39m: [33mMongoDB disconnected[39m
2025-02-25 21:13:43 [32minfo[39m: [32mMongoDB reconnected[39m
2025-02-25 21:19:14 [32minfo[39m: [32mMongoDB reconnected[39m
2025-02-25 21:19:24 [33mwarn[39m: [33mMongoDB disconnected[39m
2025-02-25 21:19:35 [32minfo[39m: [32mMongoDB reconnected[39m
2025-02-25 21:25:15 [32minfo[39m: [32mMongoDB reconnected[39m
2025-02-25 21:25:25 [33mwarn[39m: [33mMongoDB disconnected[39m
2025-02-25 21:25:26 [32minfo[39m: [32mMongoDB reconnected[39m
2025-02-25 21:31:06 [32minfo[39m: [32mMongoDB reconnected[39m
2025-02-25 21:31:19 [33mwarn[39m: [33mMongoDB disconnected[39m
2025-02-25 21:31:19 [32minfo[39m: [32mMongoDB reconnected[39m
2025-02-25 21:37:00 [32minfo[39m: [32mMongoDB reconnected[39m
2025-02-25 21:37:10 [33mwarn[39m: [33mMongoDB disconnected[39m
2025-02-25 21:37:10 [32minfo[39m: [32mMongoDB reconnected[39m
2025-02-25 21:42:51 [32minfo[39m: [32mMongoDB reconnected[39m
2025-02-25 21:43:01 [33mwarn[39m: [33mMongoDB disconnected[39m
2025-02-25 21:43:02 [32minfo[39m: [32mMongoDB reconnected[39m
2025-02-26 01:09:37 [33mwarn[39m: [33mMongoDB disconnected[39m
2025-02-26 01:10:01 [32minfo[39m: [32mMongoDB reconnected[39m
2025-02-26 01:15:42 [33mwarn[39m: [33mMongoDB disconnected[39m
2025-02-26 01:15:52 [32minfo[39m: [32mMongoDB reconnected[39m
2025-02-26 01:21:33 [33mwarn[39m: [33mMongoDB disconnected[39m
2025-02-26 01:21:44 [32minfo[39m: [32mMongoDB reconnected[39m
2025-02-26 01:27:24 [33mwarn[39m: [33mMongoDB disconnected[39m
2025-02-26 01:27:35 [32minfo[39m: [32mMongoDB reconnected[39m
2025-02-26 10:42:33 [32minfo[39m: [32mMongoDB reconnected[39m
2025-02-26 10:42:34 [32minfo[39m: [32mMongoDB reconnected[39m
2025-02-26 10:42:44 [33mwarn[39m: [33mMongoDB disconnected[39m
2025-02-26 10:42:45 [32minfo[39m: [32mMongoDB reconnected[39m
2025-02-26 11:31:51 [33mwarn[39m: [33mMongoDB disconnected[39m
2025-02-26 11:32:01 [32minfo[39m: [32mMongoDB reconnected[39m
2025-02-26 11:37:53 [33mwarn[39m: [33mMongoDB disconnected[39m
2025-02-26 11:37:53 [32minfo[39m: [32mMongoDB reconnected[39m
2025-02-26 22:35:38 [33mwarn[39m: [33mMongoDB disconnected[39m
2025-02-26 22:35:38 [32minfo[39m: [32mMongoDB reconnected[39m
2025-02-26 22:40:48 [33mwarn[39m: [33mMongoDB disconnected[39m
2025-02-26 22:40:58 [32minfo[39m: [32mMongoDB reconnected[39m
2025-02-26 22:46:49 [33mwarn[39m: [33mMongoDB disconnected[39m
2025-02-26 22:47:00 [32minfo[39m: [32mMongoDB reconnected[39m
2025-02-26 22:52:41 [33mwarn[39m: [33mMongoDB disconnected[39m
2025-02-26 22:52:52 [32minfo[39m: [32mMongoDB reconnected[39m
2025-02-26 22:58:33 [33mwarn[39m: [33mMongoDB disconnected[39m
2025-02-26 22:58:44 [32minfo[39m: [32mMongoDB reconnected[39m
2025-02-26 23:04:25 [33mwarn[39m: [33mMongoDB disconnected[39m
2025-02-26 23:04:35 [32minfo[39m: [32mMongoDB reconnected[39m
2025-02-26 23:10:06 [33mwarn[39m: [33mMongoDB disconnected[39m
2025-02-26 23:10:17 [32minfo[39m: [32mMongoDB reconnected[39m
2025-02-26 23:15:59 [33mwarn[39m: [33mMongoDB disconnected[39m
2025-02-26 23:16:09 [32minfo[39m: [32mMongoDB reconnected[39m
2025-02-26 23:21:50 [33mwarn[39m: [33mMongoDB disconnected[39m
2025-02-26 23:22:01 [32minfo[39m: [32mMongoDB reconnected[39m
2025-02-26 23:27:51 [33mwarn[39m: [33mMongoDB disconnected[39m
2025-02-26 23:28:02 [32minfo[39m: [32mMongoDB reconnected[39m
2025-03-02 12:11:27 [32minfo[39m: [32mMongoDB Connected: kinderzone-shard-00-00.nt23j.mongodb.net[39m
2025-03-02 17:49:56 [32minfo[39m: [32mMongoDB Connected: kinderzone-shard-00-02.nt23j.mongodb.net[39m
2025-03-02 18:06:46 [33mwarn[39m: [33mMongoDB disconnected[39m
2025-03-02 18:06:55 [32minfo[39m: [32mMongoDB Connected: kinderzone-shard-00-02.nt23j.mongodb.net[39m
2025-03-02 18:26:54 [33mwarn[39m: [33mMongoDB disconnected[39m
2025-03-02 18:27:02 [32minfo[39m: [32mMongoDB Connected: kinderzone-shard-00-01.nt23j.mongodb.net[39m
2025-03-02 18:28:33 [33mwarn[39m: [33mMongoDB disconnected[39m
2025-03-02 18:28:39 [32minfo[39m: [32mMongoDB Connected: kinderzone-shard-00-02.nt23j.mongodb.net[39m
2025-03-02 18:35:16 [33mwarn[39m: [33mMongoDB disconnected[39m
2025-03-02 18:35:53 [32minfo[39m: [32mMongoDB Connected: kinderzone-shard-00-00.nt23j.mongodb.net[39m
2025-03-02 18:38:40 [33mwarn[39m: [33mMongoDB disconnected[39m
2025-03-02 18:38:57 [32minfo[39m: [32mMongoDB Connected: kinderzone-shard-00-02.nt23j.mongodb.net[39m
2025-03-02 18:39:13 [31merror[39m: [31mError creating announcement: Cannot read properties of undefined (reading 'schoolId')[39m
2025-03-02 18:40:14 [33mwarn[39m: [33mMongoDB disconnected[39m
2025-03-02 18:40:33 [32minfo[39m: [32mMongoDB Connected: kinderzone-shard-00-02.nt23j.mongodb.net[39m
2025-03-02 18:44:53 [33mwarn[39m: [33mMongoDB disconnected[39m
2025-03-02 18:45:07 [32minfo[39m: [32mMongoDB Connected: kinderzone-shard-00-01.nt23j.mongodb.net[39m
2025-03-02 18:48:05 [33mwarn[39m: [33mMongoDB disconnected[39m
2025-03-02 18:48:18 [32minfo[39m: [32mMongoDB Connected: kinderzone-shard-00-00.nt23j.mongodb.net[39m
2025-03-02 18:48:44 [33mwarn[39m: [33mMongoDB disconnected[39m
2025-03-02 18:48:59 [32minfo[39m: [32mMongoDB Connected: kinderzone-shard-00-01.nt23j.mongodb.net[39m
2025-03-02 18:49:40 [33mwarn[39m: [33mMongoDB disconnected[39m
2025-03-02 18:49:55 [32minfo[39m: [32mMongoDB Connected: kinderzone-shard-00-00.nt23j.mongodb.net[39m
2025-03-02 18:52:10 [33mwarn[39m: [33mMongoDB disconnected[39m
2025-03-02 18:52:21 [32minfo[39m: [32mMongoDB Connected: kinderzone-shard-00-00.nt23j.mongodb.net[39m
2025-03-02 18:53:16 [33mwarn[39m: [33mMongoDB disconnected[39m
2025-03-02 18:54:09 [32minfo[39m: [32mMongoDB Connected: kinderzone-shard-00-00.nt23j.mongodb.net[39m
2025-03-02 18:55:37 [33mwarn[39m: [33mMongoDB disconnected[39m
2025-03-02 18:55:48 [32minfo[39m: [32mMongoDB Connected: kinderzone-shard-00-02.nt23j.mongodb.net[39m
2025-03-02 18:57:32 [33mwarn[39m: [33mMongoDB disconnected[39m
2025-03-02 18:57:43 [32minfo[39m: [32mMongoDB Connected: kinderzone-shard-00-02.nt23j.mongodb.net[39m
2025-03-02 18:58:38 [33mwarn[39m: [33mMongoDB disconnected[39m
2025-03-02 18:58:48 [32minfo[39m: [32mMongoDB Connected: kinderzone-shard-00-02.nt23j.mongodb.net[39m
2025-03-02 18:58:53 [32minfo[39m: [32mNew announcement created with ID: 67c45d1568e9dd33d57916b7[39m
2025-03-02 19:00:32 [31merror[39m: [31mError getting announcements: Cannot read properties of undefined (reading 'schoolId')[39m
2025-03-02 19:01:11 [31merror[39m: [31mError getting announcements: Cannot read properties of undefined (reading 'schoolId')[39m
2025-03-02 19:06:22 [33mwarn[39m: [33mMongoDB disconnected[39m
2025-03-02 19:06:34 [32minfo[39m: [32mMongoDB Connected: kinderzone-shard-00-01.nt23j.mongodb.net[39m
2025-03-02 19:07:43 [31merror[39m: [31mError getting announcements: Cannot read properties of undefined (reading 'schoolId')[39m
2025-03-02 19:07:45 [31merror[39m: [31mError getting announcements: Cannot read properties of undefined (reading 'schoolId')[39m
2025-03-02 19:08:25 [33mwarn[39m: [33mMongoDB disconnected[39m
2025-03-02 19:08:36 [32minfo[39m: [32mMongoDB Connected: kinderzone-shard-00-00.nt23j.mongodb.net[39m
2025-03-02 19:08:42 [31merror[39m: [31mError getting announcements: Cannot read properties of undefined (reading 'schoolId')[39m
2025-03-02 19:09:47 [33mwarn[39m: [33mMongoDB disconnected[39m
2025-03-02 19:09:56 [32minfo[39m: [32mMongoDB Connected: kinderzone-shard-00-02.nt23j.mongodb.net[39m
2025-03-02 19:10:02 [31merror[39m: [31mError getting announcements: Cannot read properties of undefined (reading 'schoolId')[39m
2025-03-02 19:10:39 [33mwarn[39m: [33mMongoDB disconnected[39m
2025-03-02 19:10:50 [32minfo[39m: [32mMongoDB Connected: kinderzone-shard-00-02.nt23j.mongodb.net[39m
2025-03-02 19:12:21 [32minfo[39m: [32mAnnouncement 67ac6a6adaffb789242479d2 updated successfully[39m
2025-03-02 19:12:46 [32minfo[39m: [32mAnnouncement 67ac6a6adaffb789242479d2 deleted successfully[39m
2025-03-02 19:12:55 [31merror[39m: [31mError marking announcement as read: Cannot read properties of undefined (reading 'schoolId')[39m
2025-03-02 19:13:07 [31merror[39m: [31mError marking announcement as read: Cannot read properties of undefined (reading 'schoolId')[39m
2025-03-02 19:13:32 [31merror[39m: [31mError marking announcement as read: Cannot read properties of undefined (reading 'schoolId')[39m
2025-03-02 19:14:00 [31merror[39m: [31mError marking announcement as read: Cannot read properties of undefined (reading 'schoolId')[39m
2025-03-02 19:14:31 [33mwarn[39m: [33mMongoDB disconnected[39m
2025-03-02 19:14:40 [32minfo[39m: [32mMongoDB Connected: kinderzone-shard-00-01.nt23j.mongodb.net[39m
2025-03-02 19:14:47 [31merror[39m: [31mError getting announcement 67ac6a6adaffb789242479d2: Announcement not found[39m
2025-03-02 19:14:47 [31merror[39m: [31mError marking announcement as read: Announcement not found[39m
2025-03-02 19:14:59 [32minfo[39m: [32mNew announcement created with ID: 67c460dabe0a520006d6cdaa[39m
2025-03-02 19:15:16 [31merror[39m: [31mError getting announcement 67c460dabe0a520006d6cdaa: Announcement not found[39m
2025-03-02 19:15:16 [31merror[39m: [31mError marking announcement as read: Announcement not found[39m
2025-03-02 19:15:44 [31merror[39m: [31mError getting announcement 67c460dabe0a520006d6cdaa: Announcement not found[39m
2025-03-02 19:15:44 [31merror[39m: [31mError marking announcement as read: Announcement not found[39m
2025-03-02 19:16:09 [32minfo[39m: [32mNew announcement created with ID: 67c46121be0a520006d6cdb5[39m
2025-03-02 19:16:57 [32minfo[39m: [32mNew announcement created with ID: 67c46151be0a520006d6cdbf[39m
2025-03-02 19:17:26 [32minfo[39m: [32mAnnouncement 67c46151be0a520006d6cdbf marked as read by user 67c459455b8f17a8f927a83e[39m
2025-03-02 19:19:32 [33mwarn[39m: [33mMongoDB disconnected[39m
2025-03-02 19:19:44 [32minfo[39m: [32mMongoDB Connected: kinderzone-shard-00-01.nt23j.mongodb.net[39m
2025-03-02 19:19:48 [31merror[39m: [31mError getting read status: Cannot read properties of undefined (reading 'schoolId')[39m
2025-03-02 19:19:50 [31merror[39m: [31mError getting read status: Cannot read properties of undefined (reading 'schoolId')[39m
2025-03-02 19:20:07 [33mwarn[39m: [33mMongoDB disconnected[39m
2025-03-02 19:20:17 [32minfo[39m: [32mMongoDB Connected: kinderzone-shard-00-01.nt23j.mongodb.net[39m
2025-03-02 22:16:24 [32minfo[39m: [32mNew announcement created with ID: 67c48b5f4c742762ae0721c0[39m
2025-03-03 02:28:15 [32minfo[39m: [32mMongoDB Connected: kinderzone-shard-00-00.nt23j.mongodb.net[39m
2025-03-03 02:28:28 [32minfo[39m: [32mNew announcement created with ID: 67c4c6742adcd6deeccd9546[39m
2025-03-08 11:25:51 [32minfo[39m: [32mMongoDB Connected: kinderzone-shard-00-01.nt23j.mongodb.net[39m
2025-03-10 01:27:27 [32minfo[39m: [32mNew announcement created with ID: 67cdf2a7e9865c19e5460eb1[39m
2025-03-10 01:55:35 [32minfo[39m: [32mAnnouncement 67cdf2a7e9865c19e5460eb1 marked as read by user 67caf4f2aa9682eba06e55f1[39m
2025-03-10 01:55:35 [32minfo[39m: [32mAnnouncement 67cdf2a7e9865c19e5460eb1 marked as read by user 67caf4f2aa9682eba06e55f1[39m
2025-03-10 01:55:35 [32minfo[39m: [32mAnnouncement 67c6838f81b37918c9dbd696 marked as read by user 67caf4f2aa9682eba06e55f1[39m
2025-03-10 01:55:35 [32minfo[39m: [32mAnnouncement 67c6838f81b37918c9dbd696 marked as read by user 67caf4f2aa9682eba06e55f1[39m
2025-03-10 01:55:36 [32minfo[39m: [32mAnnouncement 67c67d9581b37918c9dbd675 marked as read by user 67caf4f2aa9682eba06e55f1[39m
2025-03-10 01:55:36 [32minfo[39m: [32mAnnouncement 67c67d9581b37918c9dbd675 marked as read by user 67caf4f2aa9682eba06e55f1[39m
2025-03-10 01:55:36 [32minfo[39m: [32mAnnouncement 67c54e37490b1035c2441331 marked as read by user 67caf4f2aa9682eba06e55f1[39m
2025-03-10 01:55:36 [32minfo[39m: [32mAnnouncement 67c54e37490b1035c2441331 marked as read by user 67caf4f2aa9682eba06e55f1[39m
2025-03-10 03:21:37 [32minfo[39m: [32mAnnouncement 67cdf2a7e9865c19e5460eb1 marked as read by user 67caf4f2aa9682eba06e55f1[39m
2025-03-10 03:21:38 [32minfo[39m: [32mAnnouncement 67cdf2a7e9865c19e5460eb1 marked as read by user 67caf4f2aa9682eba06e55f1[39m
2025-03-10 03:21:38 [32minfo[39m: [32mAnnouncement 67c6838f81b37918c9dbd696 marked as read by user 67caf4f2aa9682eba06e55f1[39m
2025-03-10 03:21:38 [32minfo[39m: [32mAnnouncement 67c6838f81b37918c9dbd696 marked as read by user 67caf4f2aa9682eba06e55f1[39m
2025-03-10 03:21:38 [32minfo[39m: [32mAnnouncement 67c67d9581b37918c9dbd675 marked as read by user 67caf4f2aa9682eba06e55f1[39m
2025-03-10 03:21:39 [32minfo[39m: [32mAnnouncement 67c67d9581b37918c9dbd675 marked as read by user 67caf4f2aa9682eba06e55f1[39m
2025-03-10 03:21:39 [32minfo[39m: [32mAnnouncement 67c54e37490b1035c2441331 marked as read by user 67caf4f2aa9682eba06e55f1[39m
2025-03-10 03:21:39 [32minfo[39m: [32mAnnouncement 67c54e37490b1035c2441331 marked as read by user 67caf4f2aa9682eba06e55f1[39m
2025-03-10 03:31:30 [32minfo[39m: [32mAnnouncement 67cdf2a7e9865c19e5460eb1 marked as read by user 67caf4f2aa9682eba06e55f1[39m
2025-03-10 03:31:30 [32minfo[39m: [32mAnnouncement 67c6838f81b37918c9dbd696 marked as read by user 67caf4f2aa9682eba06e55f1[39m
2025-03-10 03:31:31 [32minfo[39m: [32mAnnouncement 67cdf2a7e9865c19e5460eb1 marked as read by user 67caf4f2aa9682eba06e55f1[39m
2025-03-10 03:31:31 [32minfo[39m: [32mAnnouncement 67c67d9581b37918c9dbd675 marked as read by user 67caf4f2aa9682eba06e55f1[39m
2025-03-10 03:31:31 [32minfo[39m: [32mAnnouncement 67c6838f81b37918c9dbd696 marked as read by user 67caf4f2aa9682eba06e55f1[39m
2025-03-10 03:31:31 [32minfo[39m: [32mAnnouncement 67c54e37490b1035c2441331 marked as read by user 67caf4f2aa9682eba06e55f1[39m
2025-03-10 03:31:32 [32minfo[39m: [32mAnnouncement 67c67d9581b37918c9dbd675 marked as read by user 67caf4f2aa9682eba06e55f1[39m
2025-03-10 03:31:32 [32minfo[39m: [32mAnnouncement 67c54e37490b1035c2441331 marked as read by user 67caf4f2aa9682eba06e55f1[39m
2025-03-10 03:32:17 [32minfo[39m: [32mAnnouncement 67cdf2a7e9865c19e5460eb1 marked as read by user 67caf4f2aa9682eba06e55f1[39m
2025-03-10 03:32:17 [32minfo[39m: [32mAnnouncement 67cdf2a7e9865c19e5460eb1 marked as read by user 67caf4f2aa9682eba06e55f1[39m
2025-03-10 03:32:18 [32minfo[39m: [32mAnnouncement 67c6838f81b37918c9dbd696 marked as read by user 67caf4f2aa9682eba06e55f1[39m
2025-03-10 03:32:18 [32minfo[39m: [32mAnnouncement 67c6838f81b37918c9dbd696 marked as read by user 67caf4f2aa9682eba06e55f1[39m
2025-03-10 03:32:18 [32minfo[39m: [32mAnnouncement 67c67d9581b37918c9dbd675 marked as read by user 67caf4f2aa9682eba06e55f1[39m
2025-03-10 03:32:18 [32minfo[39m: [32mAnnouncement 67c67d9581b37918c9dbd675 marked as read by user 67caf4f2aa9682eba06e55f1[39m
2025-03-10 03:32:19 [32minfo[39m: [32mAnnouncement 67c54e37490b1035c2441331 marked as read by user 67caf4f2aa9682eba06e55f1[39m
2025-03-10 03:32:19 [32minfo[39m: [32mAnnouncement 67c54e37490b1035c2441331 marked as read by user 67caf4f2aa9682eba06e55f1[39m
2025-03-10 03:34:59 [32minfo[39m: [32mAnnouncement 67cdf2a7e9865c19e5460eb1 marked as read by user 67caf4f2aa9682eba06e55f1[39m
2025-03-10 03:35:00 [32minfo[39m: [32mAnnouncement 67cdf2a7e9865c19e5460eb1 marked as read by user 67caf4f2aa9682eba06e55f1[39m
2025-03-10 03:35:00 [32minfo[39m: [32mAnnouncement 67c6838f81b37918c9dbd696 marked as read by user 67caf4f2aa9682eba06e55f1[39m
2025-03-10 03:35:01 [32minfo[39m: [32mAnnouncement 67c6838f81b37918c9dbd696 marked as read by user 67caf4f2aa9682eba06e55f1[39m
2025-03-10 03:35:02 [32minfo[39m: [32mAnnouncement 67c67d9581b37918c9dbd675 marked as read by user 67caf4f2aa9682eba06e55f1[39m
2025-03-10 03:35:02 [32minfo[39m: [32mAnnouncement 67c67d9581b37918c9dbd675 marked as read by user 67caf4f2aa9682eba06e55f1[39m
2025-03-10 03:35:03 [32minfo[39m: [32mAnnouncement 67c54e37490b1035c2441331 marked as read by user 67caf4f2aa9682eba06e55f1[39m
2025-03-10 03:35:04 [32minfo[39m: [32mAnnouncement 67c54e37490b1035c2441331 marked as read by user 67caf4f2aa9682eba06e55f1[39m
2025-03-10 03:44:20 [32minfo[39m: [32mAnnouncement 67cdf2a7e9865c19e5460eb1 marked as read by user 67caf4f2aa9682eba06e55f1[39m
2025-03-10 03:44:21 [32minfo[39m: [32mAnnouncement 67cdf2a7e9865c19e5460eb1 marked as read by user 67caf4f2aa9682eba06e55f1[39m
2025-03-10 03:44:21 [32minfo[39m: [32mAnnouncement 67c6838f81b37918c9dbd696 marked as read by user 67caf4f2aa9682eba06e55f1[39m
2025-03-10 03:44:21 [32minfo[39m: [32mAnnouncement 67c6838f81b37918c9dbd696 marked as read by user 67caf4f2aa9682eba06e55f1[39m
2025-03-10 03:44:21 [32minfo[39m: [32mAnnouncement 67c67d9581b37918c9dbd675 marked as read by user 67caf4f2aa9682eba06e55f1[39m
2025-03-10 03:44:22 [32minfo[39m: [32mAnnouncement 67c67d9581b37918c9dbd675 marked as read by user 67caf4f2aa9682eba06e55f1[39m
2025-03-10 03:44:22 [32minfo[39m: [32mAnnouncement 67c54e37490b1035c2441331 marked as read by user 67caf4f2aa9682eba06e55f1[39m
2025-03-10 03:44:22 [32minfo[39m: [32mAnnouncement 67c54e37490b1035c2441331 marked as read by user 67caf4f2aa9682eba06e55f1[39m
2025-03-10 03:46:52 [32minfo[39m: [32mAnnouncement 67cdf2a7e9865c19e5460eb1 marked as read by user 67caf4f2aa9682eba06e55f1[39m
2025-03-10 03:46:53 [32minfo[39m: [32mAnnouncement 67cdf2a7e9865c19e5460eb1 marked as read by user 67caf4f2aa9682eba06e55f1[39m
2025-03-10 03:46:54 [32minfo[39m: [32mAnnouncement 67c6838f81b37918c9dbd696 marked as read by user 67caf4f2aa9682eba06e55f1[39m
2025-03-10 03:46:54 [32minfo[39m: [32mAnnouncement 67c6838f81b37918c9dbd696 marked as read by user 67caf4f2aa9682eba06e55f1[39m
2025-03-10 03:46:55 [32minfo[39m: [32mAnnouncement 67c67d9581b37918c9dbd675 marked as read by user 67caf4f2aa9682eba06e55f1[39m
2025-03-10 03:46:56 [32minfo[39m: [32mAnnouncement 67c67d9581b37918c9dbd675 marked as read by user 67caf4f2aa9682eba06e55f1[39m
2025-03-10 03:46:57 [32minfo[39m: [32mAnnouncement 67c54e37490b1035c2441331 marked as read by user 67caf4f2aa9682eba06e55f1[39m
2025-03-10 03:46:58 [32minfo[39m: [32mAnnouncement 67c54e37490b1035c2441331 marked as read by user 67caf4f2aa9682eba06e55f1[39m
2025-03-10 03:47:13 [32minfo[39m: [32mAnnouncement 67cdf2a7e9865c19e5460eb1 marked as read by user 67caf4f2aa9682eba06e55f1[39m
2025-03-10 03:47:14 [32minfo[39m: [32mAnnouncement 67cdf2a7e9865c19e5460eb1 marked as read by user 67caf4f2aa9682eba06e55f1[39m
2025-03-10 03:47:15 [32minfo[39m: [32mAnnouncement 67c6838f81b37918c9dbd696 marked as read by user 67caf4f2aa9682eba06e55f1[39m
2025-03-10 03:47:15 [32minfo[39m: [32mAnnouncement 67c6838f81b37918c9dbd696 marked as read by user 67caf4f2aa9682eba06e55f1[39m
2025-03-10 03:47:16 [32minfo[39m: [32mAnnouncement 67c67d9581b37918c9dbd675 marked as read by user 67caf4f2aa9682eba06e55f1[39m
2025-03-10 03:47:16 [32minfo[39m: [32mAnnouncement 67c67d9581b37918c9dbd675 marked as read by user 67caf4f2aa9682eba06e55f1[39m
2025-03-10 03:47:17 [32minfo[39m: [32mAnnouncement 67c54e37490b1035c2441331 marked as read by user 67caf4f2aa9682eba06e55f1[39m
2025-03-10 03:47:18 [32minfo[39m: [32mAnnouncement 67c54e37490b1035c2441331 marked as read by user 67caf4f2aa9682eba06e55f1[39m
2025-03-10 03:47:46 [32minfo[39m: [32mAnnouncement 67cdf2a7e9865c19e5460eb1 marked as read by user 67caf4f2aa9682eba06e55f1[39m
2025-03-10 03:47:46 [32minfo[39m: [32mAnnouncement 67cdf2a7e9865c19e5460eb1 marked as read by user 67caf4f2aa9682eba06e55f1[39m
2025-03-10 03:47:47 [32minfo[39m: [32mAnnouncement 67c6838f81b37918c9dbd696 marked as read by user 67caf4f2aa9682eba06e55f1[39m
2025-03-10 03:47:47 [32minfo[39m: [32mAnnouncement 67c6838f81b37918c9dbd696 marked as read by user 67caf4f2aa9682eba06e55f1[39m
2025-03-10 03:47:47 [32minfo[39m: [32mAnnouncement 67c67d9581b37918c9dbd675 marked as read by user 67caf4f2aa9682eba06e55f1[39m
2025-03-10 03:47:47 [32minfo[39m: [32mAnnouncement 67c67d9581b37918c9dbd675 marked as read by user 67caf4f2aa9682eba06e55f1[39m
2025-03-10 03:47:48 [32minfo[39m: [32mAnnouncement 67c54e37490b1035c2441331 marked as read by user 67caf4f2aa9682eba06e55f1[39m
2025-03-10 03:47:48 [32minfo[39m: [32mAnnouncement 67c54e37490b1035c2441331 marked as read by user 67caf4f2aa9682eba06e55f1[39m
2025-03-10 03:48:12 [32minfo[39m: [32mAnnouncement 67cdf2a7e9865c19e5460eb1 marked as read by user 67caf4f2aa9682eba06e55f1[39m
2025-03-10 03:48:13 [32minfo[39m: [32mAnnouncement 67cdf2a7e9865c19e5460eb1 marked as read by user 67caf4f2aa9682eba06e55f1[39m
2025-03-10 03:48:13 [32minfo[39m: [32mAnnouncement 67c6838f81b37918c9dbd696 marked as read by user 67caf4f2aa9682eba06e55f1[39m
2025-03-10 03:48:14 [32minfo[39m: [32mAnnouncement 67c6838f81b37918c9dbd696 marked as read by user 67caf4f2aa9682eba06e55f1[39m
2025-03-10 03:48:15 [32minfo[39m: [32mAnnouncement 67c67d9581b37918c9dbd675 marked as read by user 67caf4f2aa9682eba06e55f1[39m
2025-03-10 03:48:16 [32minfo[39m: [32mAnnouncement 67c67d9581b37918c9dbd675 marked as read by user 67caf4f2aa9682eba06e55f1[39m
2025-03-10 03:48:16 [32minfo[39m: [32mAnnouncement 67c54e37490b1035c2441331 marked as read by user 67caf4f2aa9682eba06e55f1[39m
2025-03-10 03:48:17 [32minfo[39m: [32mAnnouncement 67c54e37490b1035c2441331 marked as read by user 67caf4f2aa9682eba06e55f1[39m
2025-03-11 01:45:03 [32minfo[39m: [32mAnnouncement 67cf41af28518a3c9820ce7c marked as read by user 67ceba38ebd2b490d7c573b8[39m
2025-03-11 01:45:03 [32minfo[39m: [32mAnnouncement 67cf41af28518a3c9820ce7c marked as read by user 67ceba38ebd2b490d7c573b8[39m
2025-03-14 20:14:26 [32minfo[39m: [32mAnnouncement 67cf41af28518a3c9820ce7c marked as read by user 67ceba38ebd2b490d7c573b8[39m
2025-03-14 20:14:26 [32minfo[39m: [32mAnnouncement 67cf41af28518a3c9820ce7c marked as read by user 67ceba38ebd2b490d7c573b8[39m
2025-03-14 20:14:33 [32minfo[39m: [32mAnnouncement 67cf41af28518a3c9820ce7c marked as read by user 67ceba38ebd2b490d7c573b8[39m
2025-03-14 20:14:33 [32minfo[39m: [32mAnnouncement 67cf41af28518a3c9820ce7c marked as read by user 67ceba38ebd2b490d7c573b8[39m
2025-03-14 20:14:40 [32minfo[39m: [32mAnnouncement 67cf41af28518a3c9820ce7c marked as read by user 67ceba38ebd2b490d7c573b8[39m
2025-03-14 20:14:40 [32minfo[39m: [32mAnnouncement 67cf41af28518a3c9820ce7c marked as read by user 67ceba38ebd2b490d7c573b8[39m
2025-03-14 20:14:46 [32minfo[39m: [32mAnnouncement 67cf41af28518a3c9820ce7c marked as read by user 67ceba38ebd2b490d7c573b8[39m
2025-03-14 20:14:46 [32minfo[39m: [32mAnnouncement 67cf41af28518a3c9820ce7c marked as read by user 67ceba38ebd2b490d7c573b8[39m
2025-03-19 12:21:37 [32minfo[39m: [32mNew announcement created with ID: 67da6978e6c5f067e2d68703[39m
2025-03-19 12:25:44 [32minfo[39m: [32mAnnouncement 67da6978e6c5f067e2d68703 marked as read by user 67ceba38ebd2b490d7c573b8[39m
2025-03-19 12:25:44 [32minfo[39m: [32mAnnouncement 67da6978e6c5f067e2d68703 marked as read by user 67ceba38ebd2b490d7c573b8[39m
2025-03-19 12:25:45 [32minfo[39m: [32mAnnouncement 67cf41af28518a3c9820ce7c marked as read by user 67ceba38ebd2b490d7c573b8[39m
2025-03-19 12:25:45 [32minfo[39m: [32mAnnouncement 67cf41af28518a3c9820ce7c marked as read by user 67ceba38ebd2b490d7c573b8[39m
2025-03-19 12:26:06 [32minfo[39m: [32mAnnouncement 67da6978e6c5f067e2d68703 marked as read by user 67ceba38ebd2b490d7c573b8[39m
2025-03-19 12:26:06 [32minfo[39m: [32mAnnouncement 67da6978e6c5f067e2d68703 marked as read by user 67ceba38ebd2b490d7c573b8[39m
2025-03-19 12:26:07 [32minfo[39m: [32mAnnouncement 67cf41af28518a3c9820ce7c marked as read by user 67ceba38ebd2b490d7c573b8[39m
2025-03-19 12:26:07 [32minfo[39m: [32mAnnouncement 67cf41af28518a3c9820ce7c marked as read by user 67ceba38ebd2b490d7c573b8[39m
2025-03-19 12:26:26 [32minfo[39m: [32mAnnouncement 67da6978e6c5f067e2d68703 marked as read by user 67ceba38ebd2b490d7c573b8[39m
2025-03-19 12:26:26 [32minfo[39m: [32mAnnouncement 67da6978e6c5f067e2d68703 marked as read by user 67ceba38ebd2b490d7c573b8[39m
2025-03-19 12:26:27 [32minfo[39m: [32mAnnouncement 67cf41af28518a3c9820ce7c marked as read by user 67ceba38ebd2b490d7c573b8[39m
2025-03-19 12:26:27 [32minfo[39m: [32mAnnouncement 67cf41af28518a3c9820ce7c marked as read by user 67ceba38ebd2b490d7c573b8[39m
2025-03-19 12:28:45 [32minfo[39m: [32mNew announcement created with ID: 67da6b25e6c5f067e2d68777[39m
2025-03-19 12:29:36 [32minfo[39m: [32mAnnouncement 67da6b25e6c5f067e2d68777 deleted successfully[39m
2025-03-19 12:30:21 [32minfo[39m: [32mAnnouncement 67cf41af28518a3c9820ce7c deleted successfully[39m
2025-03-19 12:30:25 [32minfo[39m: [32mAnnouncement 67da6978e6c5f067e2d68703 deleted successfully[39m
2025-03-19 12:33:27 [32minfo[39m: [32mNew announcement created with ID: 67da6c3ee6c5f067e2d687b9[39m
2025-03-19 12:33:37 [32minfo[39m: [32mAnnouncement 67da6c3ee6c5f067e2d687b9 deleted successfully[39m
2025-03-19 12:34:10 [32minfo[39m: [32mNew announcement created with ID: 67da6c69e6c5f067e2d687cd[39m
2025-03-19 12:34:27 [32minfo[39m: [32mNew announcement created with ID: 67da6c7be6c5f067e2d687d5[39m
2025-03-19 12:37:00 [32minfo[39m: [32mAnnouncement 67da6c7be6c5f067e2d687d5 marked as read by user 67ceba38ebd2b490d7c573b8[39m
2025-03-19 12:37:00 [32minfo[39m: [32mAnnouncement 67da6c7be6c5f067e2d687d5 marked as read by user 67ceba38ebd2b490d7c573b8[39m
2025-03-19 12:37:00 [32minfo[39m: [32mAnnouncement 67da6c69e6c5f067e2d687cd marked as read by user 67ceba38ebd2b490d7c573b8[39m
2025-03-19 12:37:00 [32minfo[39m: [32mAnnouncement 67da6c69e6c5f067e2d687cd marked as read by user 67ceba38ebd2b490d7c573b8[39m
2025-03-19 12:39:03 [32minfo[39m: [32mNew announcement created with ID: 67da6d8fe6c5f067e2d68821[39m
2025-03-19 12:46:10 [32minfo[39m: [32mNew announcement created with ID: 67da6f39e6c5f067e2d68843[39m
2025-03-19 13:01:33 [32minfo[39m: [32mNew announcement created with ID: 67da72d5e6c5f067e2d68854[39m
2025-03-19 13:06:32 [32minfo[39m: [32mNew announcement created with ID: 67da74004ceaac0a5fa94049[39m
2025-03-19 13:07:07 [32minfo[39m: [32mNew announcement created with ID: 67da74234ceaac0a5fa9404d[39m
2025-03-19 17:21:49 [32minfo[39m: [32mNew announcement created with ID: 67daafd581f1f0a462764651[39m
2025-03-19 17:24:17 [32minfo[39m: [32mAnnouncement 67da72d5e6c5f067e2d68854 marked as read by user 67ceba38ebd2b490d7c573b8[39m
2025-03-19 17:24:17 [32minfo[39m: [32mAnnouncement 67da72d5e6c5f067e2d68854 marked as read by user 67ceba38ebd2b490d7c573b8[39m
2025-03-19 17:24:18 [32minfo[39m: [32mAnnouncement 67da6f39e6c5f067e2d68843 marked as read by user 67ceba38ebd2b490d7c573b8[39m
2025-03-19 17:24:18 [32minfo[39m: [32mAnnouncement 67da6f39e6c5f067e2d68843 marked as read by user 67ceba38ebd2b490d7c573b8[39m
2025-03-19 17:24:18 [32minfo[39m: [32mAnnouncement 67da6d8fe6c5f067e2d68821 marked as read by user 67ceba38ebd2b490d7c573b8[39m
2025-03-19 17:24:19 [32minfo[39m: [32mAnnouncement 67da6d8fe6c5f067e2d68821 marked as read by user 67ceba38ebd2b490d7c573b8[39m
2025-03-19 17:24:19 [32minfo[39m: [32mAnnouncement 67da6c7be6c5f067e2d687d5 marked as read by user 67ceba38ebd2b490d7c573b8[39m
2025-03-19 17:24:19 [32minfo[39m: [32mAnnouncement 67da6c7be6c5f067e2d687d5 marked as read by user 67ceba38ebd2b490d7c573b8[39m
2025-03-19 17:24:19 [32minfo[39m: [32mAnnouncement 67da6c69e6c5f067e2d687cd marked as read by user 67ceba38ebd2b490d7c573b8[39m
2025-03-19 17:24:20 [32minfo[39m: [32mAnnouncement 67da6c69e6c5f067e2d687cd marked as read by user 67ceba38ebd2b490d7c573b8[39m
2025-03-19 17:29:16 [32minfo[39m: [32mNew announcement created with ID: 67dab19381f1f0a4627646d3[39m
2025-03-19 17:34:24 [32minfo[39m: [32mAnnouncement 67da72d5e6c5f067e2d68854 marked as read by user 67ceba38ebd2b490d7c573b8[39m
2025-03-19 17:34:24 [32minfo[39m: [32mAnnouncement 67da6f39e6c5f067e2d68843 marked as read by user 67ceba38ebd2b490d7c573b8[39m
2025-03-19 17:34:25 [32minfo[39m: [32mAnnouncement 67da72d5e6c5f067e2d68854 marked as read by user 67ceba38ebd2b490d7c573b8[39m
2025-03-19 17:34:25 [32minfo[39m: [32mAnnouncement 67da6d8fe6c5f067e2d68821 marked as read by user 67ceba38ebd2b490d7c573b8[39m
2025-03-19 17:34:25 [32minfo[39m: [32mAnnouncement 67da6f39e6c5f067e2d68843 marked as read by user 67ceba38ebd2b490d7c573b8[39m
2025-03-19 17:34:25 [32minfo[39m: [32mAnnouncement 67da6c7be6c5f067e2d687d5 marked as read by user 67ceba38ebd2b490d7c573b8[39m
2025-03-19 17:34:26 [32minfo[39m: [32mAnnouncement 67da6d8fe6c5f067e2d68821 marked as read by user 67ceba38ebd2b490d7c573b8[39m
2025-03-19 17:34:26 [32minfo[39m: [32mAnnouncement 67da6c69e6c5f067e2d687cd marked as read by user 67ceba38ebd2b490d7c573b8[39m
2025-03-19 17:34:26 [32minfo[39m: [32mAnnouncement 67da6c7be6c5f067e2d687d5 marked as read by user 67ceba38ebd2b490d7c573b8[39m
2025-03-19 17:34:27 [32minfo[39m: [32mAnnouncement 67da6c69e6c5f067e2d687cd marked as read by user 67ceba38ebd2b490d7c573b8[39m
2025-03-19 17:38:18 [32minfo[39m: [32mAnnouncement 67daafd581f1f0a462764651 deleted successfully[39m
2025-03-19 17:38:23 [32minfo[39m: [32mAnnouncement 67da74234ceaac0a5fa9404d deleted successfully[39m
2025-03-19 17:38:27 [32minfo[39m: [32mAnnouncement 67da74004ceaac0a5fa94049 deleted successfully[39m
2025-03-19 17:39:16 [32minfo[39m: [32mNew announcement created with ID: 67dab3ec81f1f0a46276475f[39m
2025-03-19 17:44:35 [32minfo[39m: [32mNew announcement created with ID: 67dab52b81f1f0a462764785[39m
2025-03-19 17:46:39 [32minfo[39m: [32mNew announcement created with ID: 67dab5a781f1f0a462764795[39m
2025-03-19 17:47:09 [32minfo[39m: [32mNew announcement created with ID: 67dab5c581f1f0a46276479d[39m
2025-03-19 17:47:21 [32minfo[39m: [32mAnnouncement 67dab5a781f1f0a462764795 deleted successfully[39m
2025-03-19 17:47:28 [32minfo[39m: [32mAnnouncement 67da72d5e6c5f067e2d68854 deleted successfully[39m
2025-03-19 17:48:48 [32minfo[39m: [32mAnnouncement 67dab5c581f1f0a46276479d deleted successfully[39m
2025-03-19 17:48:53 [32minfo[39m: [32mAnnouncement 67da6f39e6c5f067e2d68843 deleted successfully[39m
2025-03-19 17:48:59 [32minfo[39m: [32mAnnouncement 67da6c69e6c5f067e2d687cd deleted successfully[39m
2025-03-19 17:49:37 [32minfo[39m: [32mAnnouncement 67dab3ec81f1f0a46276475f deleted successfully[39m
2025-03-19 17:54:24 [32minfo[39m: [32mNew announcement created with ID: 67dab77881f1f0a46276483d[39m
2025-03-19 18:47:17 [32minfo[39m: [32mNew announcement created with ID: 67dac3dd5a00beabecde574a[39m
2025-03-19 18:47:47 [32minfo[39m: [32mNew announcement created with ID: 67dac3fa5a00beabecde5752[39m
2025-03-19 18:48:51 [32minfo[39m: [32mAnnouncement 67dac3fa5a00beabecde5752 marked as read by user 67ceba38ebd2b490d7c573b8[39m
2025-03-19 18:48:52 [32minfo[39m: [32mAnnouncement 67dac3fa5a00beabecde5752 marked as read by user 67ceba38ebd2b490d7c573b8[39m
2025-03-19 18:48:52 [32minfo[39m: [32mAnnouncement 67dac3dd5a00beabecde574a marked as read by user 67ceba38ebd2b490d7c573b8[39m
2025-03-19 18:48:52 [32minfo[39m: [32mAnnouncement 67dac3dd5a00beabecde574a marked as read by user 67ceba38ebd2b490d7c573b8[39m
2025-03-19 18:48:52 [32minfo[39m: [32mAnnouncement 67dab77881f1f0a46276483d marked as read by user 67ceba38ebd2b490d7c573b8[39m
2025-03-19 18:48:53 [32minfo[39m: [32mAnnouncement 67dab77881f1f0a46276483d marked as read by user 67ceba38ebd2b490d7c573b8[39m
2025-03-19 18:49:01 [32minfo[39m: [32mAnnouncement 67dac3fa5a00beabecde5752 marked as read by user 67ceba38ebd2b490d7c573b8[39m
2025-03-19 18:49:01 [32minfo[39m: [32mAnnouncement 67dac3fa5a00beabecde5752 marked as read by user 67ceba38ebd2b490d7c573b8[39m
2025-03-19 18:49:01 [32minfo[39m: [32mAnnouncement 67dac3dd5a00beabecde574a marked as read by user 67ceba38ebd2b490d7c573b8[39m
2025-03-19 18:49:02 [32minfo[39m: [32mAnnouncement 67dac3dd5a00beabecde574a marked as read by user 67ceba38ebd2b490d7c573b8[39m
2025-03-19 18:49:02 [32minfo[39m: [32mAnnouncement 67dab77881f1f0a46276483d marked as read by user 67ceba38ebd2b490d7c573b8[39m
2025-03-19 18:49:02 [32minfo[39m: [32mAnnouncement 67dab77881f1f0a46276483d marked as read by user 67ceba38ebd2b490d7c573b8[39m
2025-03-19 18:54:00 [32minfo[39m: [32mAnnouncement 67dac3fa5a00beabecde5752 marked as read by user 67ceba38ebd2b490d7c573b8[39m
2025-03-19 18:54:00 [32minfo[39m: [32mAnnouncement 67dac3fa5a00beabecde5752 marked as read by user 67ceba38ebd2b490d7c573b8[39m
2025-03-19 18:54:00 [32minfo[39m: [32mAnnouncement 67dac3dd5a00beabecde574a marked as read by user 67ceba38ebd2b490d7c573b8[39m
2025-03-19 18:54:00 [32minfo[39m: [32mAnnouncement 67dac3dd5a00beabecde574a marked as read by user 67ceba38ebd2b490d7c573b8[39m
2025-03-19 18:54:01 [32minfo[39m: [32mAnnouncement 67dab77881f1f0a46276483d marked as read by user 67ceba38ebd2b490d7c573b8[39m
2025-03-19 18:54:01 [32minfo[39m: [32mAnnouncement 67dab77881f1f0a46276483d marked as read by user 67ceba38ebd2b490d7c573b8[39m
2025-03-19 18:54:20 [32minfo[39m: [32mAnnouncement 67dac3fa5a00beabecde5752 marked as read by user 67ceba38ebd2b490d7c573b8[39m
2025-03-19 18:54:20 [32minfo[39m: [32mAnnouncement 67dac3fa5a00beabecde5752 marked as read by user 67ceba38ebd2b490d7c573b8[39m
2025-03-19 18:54:20 [32minfo[39m: [32mAnnouncement 67dac3dd5a00beabecde574a marked as read by user 67ceba38ebd2b490d7c573b8[39m
2025-03-19 18:54:21 [32minfo[39m: [32mAnnouncement 67dac3dd5a00beabecde574a marked as read by user 67ceba38ebd2b490d7c573b8[39m
2025-03-19 18:54:21 [32minfo[39m: [32mAnnouncement 67dab77881f1f0a46276483d marked as read by user 67ceba38ebd2b490d7c573b8[39m
2025-03-19 18:54:21 [32minfo[39m: [32mAnnouncement 67dab77881f1f0a46276483d marked as read by user 67ceba38ebd2b490d7c573b8[39m
2025-03-19 18:55:25 [32minfo[39m: [32mAnnouncement 67dac3fa5a00beabecde5752 marked as read by user 67ceba38ebd2b490d7c573b8[39m
2025-03-19 18:55:25 [32minfo[39m: [32mAnnouncement 67dac3fa5a00beabecde5752 marked as read by user 67ceba38ebd2b490d7c573b8[39m
2025-03-19 19:21:48 [32minfo[39m: [32mAnnouncement 67dac3dd5a00beabecde574a deleted successfully[39m
2025-03-19 19:21:54 [32minfo[39m: [32mAnnouncement 67dab77881f1f0a46276483d deleted successfully[39m
2025-03-19 19:21:59 [32minfo[39m: [32mAnnouncement 67dac3fa5a00beabecde5752 deleted successfully[39m
2025-03-19 19:23:23 [32minfo[39m: [32mNew announcement created with ID: 67dacc522bffa6665a239d57[39m
2025-03-19 19:23:47 [32minfo[39m: [32mNew announcement created with ID: 67dacc6b2bffa6665a239d5f[39m
2025-03-19 19:24:00 [32minfo[39m: [32mNew announcement created with ID: 67dacc782bffa6665a239d67[39m
2025-03-19 19:30:44 [32minfo[39m: [32mAnnouncement 67dacc522bffa6665a239d57 deleted successfully[39m
2025-03-19 19:32:55 [32minfo[39m: [32mAnnouncement 67dacc782bffa6665a239d67 deleted successfully[39m
2025-03-19 19:32:59 [32minfo[39m: [32mAnnouncement 67dacc6b2bffa6665a239d5f deleted successfully[39m
2025-03-19 19:44:34 [32minfo[39m: [32mNew announcement created with ID: 67dad14a2bffa6665a239db5[39m
2025-03-19 19:44:58 [32minfo[39m: [32mNew announcement created with ID: 67dad1612bffa6665a239dbd[39m
2025-03-19 19:59:29 [32minfo[39m: [32mNew announcement created with ID: 67dad4c82bffa6665a239dd7[39m
2025-03-19 20:16:26 [32minfo[39m: [32mNew announcement created with ID: 67dad8c22bffa6665a239e01[39m
2025-03-19 20:16:56 [32minfo[39m: [32mNew announcement created with ID: 67dad8e02bffa6665a239e09[39m
2025-03-19 20:18:55 [32minfo[39m: [32mNew announcement created with ID: 67dad9562bffa6665a239e1b[39m
2025-03-19 20:19:22 [32minfo[39m: [32mNew announcement created with ID: 67dad9712bffa6665a239e23[39m
2025-03-19 20:26:13 [32minfo[39m: [32mAnnouncement 67dad9712bffa6665a239e23 marked as read by user 67ceba38ebd2b490d7c573b8[39m
2025-03-19 20:26:14 [32minfo[39m: [32mAnnouncement 67dad9712bffa6665a239e23 marked as read by user 67ceba38ebd2b490d7c573b8[39m
2025-03-19 20:26:15 [32minfo[39m: [32mAnnouncement 67dad8e02bffa6665a239e09 marked as read by user 67ceba38ebd2b490d7c573b8[39m
2025-03-19 20:26:16 [32minfo[39m: [32mAnnouncement 67dad8e02bffa6665a239e09 marked as read by user 67ceba38ebd2b490d7c573b8[39m
2025-03-19 20:26:17 [32minfo[39m: [32mAnnouncement 67dad1612bffa6665a239dbd marked as read by user 67ceba38ebd2b490d7c573b8[39m
2025-03-19 20:26:17 [32minfo[39m: [32mAnnouncement 67dad1612bffa6665a239dbd marked as read by user 67ceba38ebd2b490d7c573b8[39m
2025-03-19 20:33:55 [32minfo[39m: [32mNew announcement created with ID: 67dadcda2bffa6665a239e73[39m
2025-03-19 20:34:23 [32minfo[39m: [32mNew announcement created with ID: 67dadcf62bffa6665a239e7b[39m
2025-03-19 20:34:34 [32minfo[39m: [32mNew announcement created with ID: 67dadd022bffa6665a239e83[39m
2025-03-19 20:37:22 [32minfo[39m: [32mAnnouncement 67dad9712bffa6665a239e23 marked as read by user 67ceba38ebd2b490d7c573b8[39m
2025-03-19 20:37:22 [32minfo[39m: [32mAnnouncement 67dad9712bffa6665a239e23 marked as read by user 67ceba38ebd2b490d7c573b8[39m
2025-03-19 20:37:23 [32minfo[39m: [32mAnnouncement 67dad8e02bffa6665a239e09 marked as read by user 67ceba38ebd2b490d7c573b8[39m
2025-03-19 20:37:24 [32minfo[39m: [32mAnnouncement 67dad8e02bffa6665a239e09 marked as read by user 67ceba38ebd2b490d7c573b8[39m
2025-03-19 20:37:25 [32minfo[39m: [32mAnnouncement 67dad1612bffa6665a239dbd marked as read by user 67ceba38ebd2b490d7c573b8[39m
2025-03-19 20:37:25 [32minfo[39m: [32mAnnouncement 67dad1612bffa6665a239dbd marked as read by user 67ceba38ebd2b490d7c573b8[39m
2025-03-19 20:43:04 [32minfo[39m: [32mAnnouncement 67dad9712bffa6665a239e23 marked as read by user 67ceba38ebd2b490d7c573b8[39m
2025-03-19 20:43:04 [32minfo[39m: [32mAnnouncement 67dad9712bffa6665a239e23 marked as read by user 67ceba38ebd2b490d7c573b8[39m
2025-03-19 20:43:04 [32minfo[39m: [32mAnnouncement 67dad8e02bffa6665a239e09 marked as read by user 67ceba38ebd2b490d7c573b8[39m
2025-03-19 20:43:05 [32minfo[39m: [32mAnnouncement 67dad8e02bffa6665a239e09 marked as read by user 67ceba38ebd2b490d7c573b8[39m
2025-03-19 20:43:05 [32minfo[39m: [32mAnnouncement 67dad1612bffa6665a239dbd marked as read by user 67ceba38ebd2b490d7c573b8[39m
2025-03-19 20:43:05 [32minfo[39m: [32mAnnouncement 67dad1612bffa6665a239dbd marked as read by user 67ceba38ebd2b490d7c573b8[39m
2025-03-19 20:43:16 [32minfo[39m: [32mAnnouncement 67dad9712bffa6665a239e23 marked as read by user 67ceba38ebd2b490d7c573b8[39m
2025-03-19 20:43:16 [32minfo[39m: [32mAnnouncement 67dad9712bffa6665a239e23 marked as read by user 67ceba38ebd2b490d7c573b8[39m
2025-03-19 20:43:16 [32minfo[39m: [32mAnnouncement 67dad8e02bffa6665a239e09 marked as read by user 67ceba38ebd2b490d7c573b8[39m
2025-03-19 20:43:17 [32minfo[39m: [32mAnnouncement 67dad8e02bffa6665a239e09 marked as read by user 67ceba38ebd2b490d7c573b8[39m
2025-03-19 20:43:17 [32minfo[39m: [32mAnnouncement 67dad1612bffa6665a239dbd marked as read by user 67ceba38ebd2b490d7c573b8[39m
2025-03-19 20:43:17 [32minfo[39m: [32mAnnouncement 67dad1612bffa6665a239dbd marked as read by user 67ceba38ebd2b490d7c573b8[39m
2025-03-19 20:47:10 [32minfo[39m: [32mAnnouncement 67dad9712bffa6665a239e23 marked as read by user 67ceba38ebd2b490d7c573b8[39m
2025-03-19 20:47:11 [32minfo[39m: [32mAnnouncement 67dad9712bffa6665a239e23 marked as read by user 67ceba38ebd2b490d7c573b8[39m
2025-03-19 20:47:11 [32minfo[39m: [32mAnnouncement 67dad8e02bffa6665a239e09 marked as read by user 67ceba38ebd2b490d7c573b8[39m
2025-03-19 20:47:11 [32minfo[39m: [32mAnnouncement 67dad8e02bffa6665a239e09 marked as read by user 67ceba38ebd2b490d7c573b8[39m
2025-03-19 20:47:12 [32minfo[39m: [32mAnnouncement 67dad1612bffa6665a239dbd marked as read by user 67ceba38ebd2b490d7c573b8[39m
2025-03-19 20:47:12 [32minfo[39m: [32mAnnouncement 67dad1612bffa6665a239dbd marked as read by user 67ceba38ebd2b490d7c573b8[39m
2025-03-19 20:47:18 [32minfo[39m: [32mAnnouncement 67dad9712bffa6665a239e23 marked as read by user 67ceba38ebd2b490d7c573b8[39m
2025-03-19 20:47:19 [32minfo[39m: [32mAnnouncement 67dad9712bffa6665a239e23 marked as read by user 67ceba38ebd2b490d7c573b8[39m
2025-03-19 20:47:19 [32minfo[39m: [32mAnnouncement 67dad8e02bffa6665a239e09 marked as read by user 67ceba38ebd2b490d7c573b8[39m
2025-03-19 20:47:19 [32minfo[39m: [32mAnnouncement 67dad8e02bffa6665a239e09 marked as read by user 67ceba38ebd2b490d7c573b8[39m
2025-03-19 20:47:20 [32minfo[39m: [32mAnnouncement 67dad1612bffa6665a239dbd marked as read by user 67ceba38ebd2b490d7c573b8[39m
2025-03-19 20:47:20 [32minfo[39m: [32mAnnouncement 67dad1612bffa6665a239dbd marked as read by user 67ceba38ebd2b490d7c573b8[39m
2025-03-19 20:48:32 [32minfo[39m: [32mAnnouncement 67dad9712bffa6665a239e23 marked as read by user 67ceba38ebd2b490d7c573b8[39m
2025-03-19 20:48:33 [32minfo[39m: [32mAnnouncement 67dad9712bffa6665a239e23 marked as read by user 67ceba38ebd2b490d7c573b8[39m
2025-03-19 20:48:34 [32minfo[39m: [32mAnnouncement 67dad8e02bffa6665a239e09 marked as read by user 67ceba38ebd2b490d7c573b8[39m
2025-03-19 20:48:35 [32minfo[39m: [32mAnnouncement 67dad8e02bffa6665a239e09 marked as read by user 67ceba38ebd2b490d7c573b8[39m
2025-03-19 20:48:35 [32minfo[39m: [32mAnnouncement 67dad1612bffa6665a239dbd marked as read by user 67ceba38ebd2b490d7c573b8[39m
2025-03-19 20:48:36 [32minfo[39m: [32mAnnouncement 67dad1612bffa6665a239dbd marked as read by user 67ceba38ebd2b490d7c573b8[39m
2025-03-19 20:49:05 [32minfo[39m: [32mAnnouncement 67dad9712bffa6665a239e23 marked as read by user 67ceba38ebd2b490d7c573b8[39m
2025-03-19 20:49:05 [32minfo[39m: [32mAnnouncement 67dad9712bffa6665a239e23 marked as read by user 67ceba38ebd2b490d7c573b8[39m
2025-03-19 20:49:06 [32minfo[39m: [32mAnnouncement 67dad8e02bffa6665a239e09 marked as read by user 67ceba38ebd2b490d7c573b8[39m
2025-03-19 20:49:06 [32minfo[39m: [32mAnnouncement 67dad8e02bffa6665a239e09 marked as read by user 67ceba38ebd2b490d7c573b8[39m
2025-03-19 20:49:07 [32minfo[39m: [32mAnnouncement 67dad1612bffa6665a239dbd marked as read by user 67ceba38ebd2b490d7c573b8[39m
2025-03-19 20:49:07 [32minfo[39m: [32mAnnouncement 67dad1612bffa6665a239dbd marked as read by user 67ceba38ebd2b490d7c573b8[39m
2025-03-19 20:53:19 [32minfo[39m: [32mAnnouncement 67dad9712bffa6665a239e23 marked as read by user 67ceba38ebd2b490d7c573b8[39m
2025-03-19 20:53:20 [32minfo[39m: [32mAnnouncement 67dad9712bffa6665a239e23 marked as read by user 67ceba38ebd2b490d7c573b8[39m
2025-03-19 20:53:21 [32minfo[39m: [32mAnnouncement 67dad8e02bffa6665a239e09 marked as read by user 67ceba38ebd2b490d7c573b8[39m
2025-03-19 20:53:21 [32minfo[39m: [32mAnnouncement 67dad8e02bffa6665a239e09 marked as read by user 67ceba38ebd2b490d7c573b8[39m
2025-03-19 20:53:22 [32minfo[39m: [32mAnnouncement 67dad1612bffa6665a239dbd marked as read by user 67ceba38ebd2b490d7c573b8[39m
2025-03-19 20:53:22 [32minfo[39m: [32mAnnouncement 67dad1612bffa6665a239dbd marked as read by user 67ceba38ebd2b490d7c573b8[39m
2025-03-19 20:53:29 [32minfo[39m: [32mAnnouncement 67dad9712bffa6665a239e23 marked as read by user 67ceba38ebd2b490d7c573b8[39m
2025-03-19 20:53:29 [32minfo[39m: [32mAnnouncement 67dad9712bffa6665a239e23 marked as read by user 67ceba38ebd2b490d7c573b8[39m
2025-03-19 20:53:30 [32minfo[39m: [32mAnnouncement 67dad8e02bffa6665a239e09 marked as read by user 67ceba38ebd2b490d7c573b8[39m
2025-03-19 20:53:30 [32minfo[39m: [32mAnnouncement 67dad8e02bffa6665a239e09 marked as read by user 67ceba38ebd2b490d7c573b8[39m
2025-03-19 20:53:30 [32minfo[39m: [32mAnnouncement 67dad1612bffa6665a239dbd marked as read by user 67ceba38ebd2b490d7c573b8[39m
2025-03-19 20:53:31 [32minfo[39m: [32mAnnouncement 67dad1612bffa6665a239dbd marked as read by user 67ceba38ebd2b490d7c573b8[39m
2025-03-19 20:55:11 [32minfo[39m: [32mAnnouncement 67dad9712bffa6665a239e23 marked as read by user 67ceba38ebd2b490d7c573b8[39m
2025-03-19 20:55:11 [32minfo[39m: [32mAnnouncement 67dad9712bffa6665a239e23 marked as read by user 67ceba38ebd2b490d7c573b8[39m
2025-03-19 20:55:12 [32minfo[39m: [32mAnnouncement 67dad8e02bffa6665a239e09 marked as read by user 67ceba38ebd2b490d7c573b8[39m
2025-03-19 20:55:13 [32minfo[39m: [32mAnnouncement 67dad8e02bffa6665a239e09 marked as read by user 67ceba38ebd2b490d7c573b8[39m
2025-03-19 20:55:14 [32minfo[39m: [32mAnnouncement 67dad1612bffa6665a239dbd marked as read by user 67ceba38ebd2b490d7c573b8[39m
2025-03-19 20:55:14 [32minfo[39m: [32mAnnouncement 67dad1612bffa6665a239dbd marked as read by user 67ceba38ebd2b490d7c573b8[39m
2025-03-19 20:58:46 [32minfo[39m: [32mAnnouncement 67dad9712bffa6665a239e23 marked as read by user 67ceba38ebd2b490d7c573b8[39m
2025-03-19 20:58:46 [32minfo[39m: [32mAnnouncement 67dad9712bffa6665a239e23 marked as read by user 67ceba38ebd2b490d7c573b8[39m
2025-03-19 20:58:46 [32minfo[39m: [32mAnnouncement 67dad8e02bffa6665a239e09 marked as read by user 67ceba38ebd2b490d7c573b8[39m
2025-03-19 20:58:47 [32minfo[39m: [32mAnnouncement 67dad8e02bffa6665a239e09 marked as read by user 67ceba38ebd2b490d7c573b8[39m
2025-03-19 20:58:47 [32minfo[39m: [32mAnnouncement 67dad1612bffa6665a239dbd marked as read by user 67ceba38ebd2b490d7c573b8[39m
2025-03-19 20:58:47 [32minfo[39m: [32mAnnouncement 67dad1612bffa6665a239dbd marked as read by user 67ceba38ebd2b490d7c573b8[39m
2025-03-19 21:01:57 [32minfo[39m: [32mAnnouncement 67dad9712bffa6665a239e23 marked as read by user 67ceba38ebd2b490d7c573b8[39m
2025-03-19 21:01:58 [32minfo[39m: [32mAnnouncement 67dad9712bffa6665a239e23 marked as read by user 67ceba38ebd2b490d7c573b8[39m
2025-03-19 21:01:58 [32minfo[39m: [32mAnnouncement 67dad8e02bffa6665a239e09 marked as read by user 67ceba38ebd2b490d7c573b8[39m
2025-03-19 21:01:58 [32minfo[39m: [32mAnnouncement 67dad8e02bffa6665a239e09 marked as read by user 67ceba38ebd2b490d7c573b8[39m
2025-03-19 21:01:59 [32minfo[39m: [32mAnnouncement 67dad1612bffa6665a239dbd marked as read by user 67ceba38ebd2b490d7c573b8[39m
2025-03-19 21:01:59 [32minfo[39m: [32mAnnouncement 67dad1612bffa6665a239dbd marked as read by user 67ceba38ebd2b490d7c573b8[39m
2025-03-19 21:02:02 [32minfo[39m: [32mAnnouncement 67dad9712bffa6665a239e23 marked as read by user 67ceba38ebd2b490d7c573b8[39m
2025-03-19 21:02:03 [32minfo[39m: [32mAnnouncement 67dad9712bffa6665a239e23 marked as read by user 67ceba38ebd2b490d7c573b8[39m
2025-03-19 21:02:03 [32minfo[39m: [32mAnnouncement 67dad8e02bffa6665a239e09 marked as read by user 67ceba38ebd2b490d7c573b8[39m
2025-03-19 21:02:03 [32minfo[39m: [32mAnnouncement 67dad8e02bffa6665a239e09 marked as read by user 67ceba38ebd2b490d7c573b8[39m
2025-03-19 21:02:03 [32minfo[39m: [32mAnnouncement 67dad1612bffa6665a239dbd marked as read by user 67ceba38ebd2b490d7c573b8[39m
2025-03-19 21:02:04 [32minfo[39m: [32mAnnouncement 67dad1612bffa6665a239dbd marked as read by user 67ceba38ebd2b490d7c573b8[39m
2025-03-19 21:02:12 [32minfo[39m: [32mAnnouncement 67dad9712bffa6665a239e23 marked as read by user 67ceba38ebd2b490d7c573b8[39m
2025-03-19 21:02:13 [32minfo[39m: [32mAnnouncement 67dad9712bffa6665a239e23 marked as read by user 67ceba38ebd2b490d7c573b8[39m
2025-03-19 21:02:13 [32minfo[39m: [32mAnnouncement 67dad8e02bffa6665a239e09 marked as read by user 67ceba38ebd2b490d7c573b8[39m
2025-03-19 21:02:13 [32minfo[39m: [32mAnnouncement 67dad8e02bffa6665a239e09 marked as read by user 67ceba38ebd2b490d7c573b8[39m
2025-03-19 21:02:13 [32minfo[39m: [32mAnnouncement 67dad1612bffa6665a239dbd marked as read by user 67ceba38ebd2b490d7c573b8[39m
2025-03-19 21:02:14 [32minfo[39m: [32mAnnouncement 67dad1612bffa6665a239dbd marked as read by user 67ceba38ebd2b490d7c573b8[39m
2025-03-19 21:06:51 [32minfo[39m: [32mAnnouncement 67dad9712bffa6665a239e23 marked as read by user 67ceba38ebd2b490d7c573b8[39m
2025-03-19 21:06:51 [32minfo[39m: [32mAnnouncement 67dad9712bffa6665a239e23 marked as read by user 67ceba38ebd2b490d7c573b8[39m
2025-03-19 21:06:51 [32minfo[39m: [32mAnnouncement 67dad8e02bffa6665a239e09 marked as read by user 67ceba38ebd2b490d7c573b8[39m
2025-03-19 21:06:51 [32minfo[39m: [32mAnnouncement 67dad8e02bffa6665a239e09 marked as read by user 67ceba38ebd2b490d7c573b8[39m
2025-03-19 21:06:52 [32minfo[39m: [32mAnnouncement 67dad1612bffa6665a239dbd marked as read by user 67ceba38ebd2b490d7c573b8[39m
2025-03-19 21:06:52 [32minfo[39m: [32mAnnouncement 67dad1612bffa6665a239dbd marked as read by user 67ceba38ebd2b490d7c573b8[39m
2025-03-19 21:08:30 [32minfo[39m: [32mAnnouncement 67dadd022bffa6665a239e83 marked as read by user 67ceba38ebd2b490d7c573b8[39m
2025-03-19 21:08:30 [32minfo[39m: [32mAnnouncement 67dadd022bffa6665a239e83 marked as read by user 67ceba38ebd2b490d7c573b8[39m
2025-03-19 21:08:30 [32minfo[39m: [32mAnnouncement 67dad9712bffa6665a239e23 marked as read by user 67ceba38ebd2b490d7c573b8[39m
2025-03-19 21:08:30 [32minfo[39m: [32mAnnouncement 67dad9712bffa6665a239e23 marked as read by user 67ceba38ebd2b490d7c573b8[39m
2025-03-19 21:08:31 [32minfo[39m: [32mAnnouncement 67dad8e02bffa6665a239e09 marked as read by user 67ceba38ebd2b490d7c573b8[39m
2025-03-19 21:08:31 [32minfo[39m: [32mAnnouncement 67dad8e02bffa6665a239e09 marked as read by user 67ceba38ebd2b490d7c573b8[39m
2025-03-19 21:08:31 [32minfo[39m: [32mAnnouncement 67dad1612bffa6665a239dbd marked as read by user 67ceba38ebd2b490d7c573b8[39m
2025-03-19 21:08:31 [32minfo[39m: [32mAnnouncement 67dad1612bffa6665a239dbd marked as read by user 67ceba38ebd2b490d7c573b8[39m
2025-03-19 21:18:09 [32minfo[39m: [32mNew announcement created with ID: 67dae739706b2f6094cba368[39m
2025-03-19 21:18:55 [32minfo[39m: [32mNew announcement created with ID: 67dae767706b2f6094cba370[39m
2025-03-19 21:19:18 [32minfo[39m: [32mAnnouncement 67dae767706b2f6094cba370 deleted successfully[39m
2025-03-19 21:19:25 [32minfo[39m: [32mNew announcement created with ID: 67dae785706b2f6094cba37e[39m
2025-03-19 21:20:25 [32minfo[39m: [32mNew announcement created with ID: 67dae7c1706b2f6094cba386[39m
2025-03-19 21:20:33 [32minfo[39m: [32mAnnouncement 67dad4c82bffa6665a239dd7 deleted successfully[39m
2025-03-19 21:20:47 [32minfo[39m: [32mAnnouncement 67dadcda2bffa6665a239e73 deleted successfully[39m
2025-03-19 21:23:32 [32minfo[39m: [32mAnnouncement 67dadcf62bffa6665a239e7b deleted successfully[39m
2025-03-19 21:26:06 [32minfo[39m: [32mAnnouncement 67dadd022bffa6665a239e83 marked as read by user 67ceba38ebd2b490d7c573b8[39m
2025-03-19 21:26:06 [32minfo[39m: [32mAnnouncement 67dadd022bffa6665a239e83 marked as read by user 67ceba38ebd2b490d7c573b8[39m
2025-03-19 21:26:07 [32minfo[39m: [32mAnnouncement 67dad9712bffa6665a239e23 marked as read by user 67ceba38ebd2b490d7c573b8[39m
2025-03-19 21:26:07 [32minfo[39m: [32mAnnouncement 67dad9712bffa6665a239e23 marked as read by user 67ceba38ebd2b490d7c573b8[39m
2025-03-19 21:26:07 [32minfo[39m: [32mAnnouncement 67dad8e02bffa6665a239e09 marked as read by user 67ceba38ebd2b490d7c573b8[39m
2025-03-19 21:26:08 [32minfo[39m: [32mAnnouncement 67dad8e02bffa6665a239e09 marked as read by user 67ceba38ebd2b490d7c573b8[39m
2025-03-19 21:26:08 [32minfo[39m: [32mAnnouncement 67dad1612bffa6665a239dbd marked as read by user 67ceba38ebd2b490d7c573b8[39m
2025-03-19 21:26:08 [32minfo[39m: [32mAnnouncement 67dad1612bffa6665a239dbd marked as read by user 67ceba38ebd2b490d7c573b8[39m
2025-03-19 21:30:11 [32minfo[39m: [32mAnnouncement 67dad9712bffa6665a239e23 deleted successfully[39m
2025-03-19 21:30:17 [32minfo[39m: [32mAnnouncement 67dad1612bffa6665a239dbd deleted successfully[39m
2025-03-20 00:21:22 [32minfo[39m: [32mAnnouncement 67dadd022bffa6665a239e83 marked as read by user 67ceba38ebd2b490d7c573b8[39m
2025-03-20 00:21:22 [32minfo[39m: [32mAnnouncement 67dadd022bffa6665a239e83 marked as read by user 67ceba38ebd2b490d7c573b8[39m
2025-03-20 00:21:22 [32minfo[39m: [32mAnnouncement 67dad8e02bffa6665a239e09 marked as read by user 67ceba38ebd2b490d7c573b8[39m
2025-03-20 00:21:23 [32minfo[39m: [32mAnnouncement 67dad8e02bffa6665a239e09 marked as read by user 67ceba38ebd2b490d7c573b8[39m
2025-03-20 00:22:24 [32minfo[39m: [32mAnnouncement 67dadd022bffa6665a239e83 marked as read by user 67ceba38ebd2b490d7c573b8[39m
2025-03-20 00:22:24 [32minfo[39m: [32mAnnouncement 67dadd022bffa6665a239e83 marked as read by user 67ceba38ebd2b490d7c573b8[39m
2025-03-20 00:22:25 [32minfo[39m: [32mAnnouncement 67dad8e02bffa6665a239e09 marked as read by user 67ceba38ebd2b490d7c573b8[39m
2025-03-20 00:22:25 [32minfo[39m: [32mAnnouncement 67dad8e02bffa6665a239e09 marked as read by user 67ceba38ebd2b490d7c573b8[39m
2025-03-20 09:44:15 [32minfo[39m: [32mNew announcement created with ID: 67db9617a3265eaa62d4a545[39m
2025-03-20 09:47:17 [32minfo[39m: [32mAnnouncement 67dadd022bffa6665a239e83 marked as read by user 67ceba38ebd2b490d7c573b8[39m
2025-03-20 09:47:17 [32minfo[39m: [32mAnnouncement 67dadd022bffa6665a239e83 marked as read by user 67ceba38ebd2b490d7c573b8[39m
2025-03-20 09:47:18 [32minfo[39m: [32mAnnouncement 67dad8e02bffa6665a239e09 marked as read by user 67ceba38ebd2b490d7c573b8[39m
2025-03-20 09:47:18 [32minfo[39m: [32mAnnouncement 67dad8e02bffa6665a239e09 marked as read by user 67ceba38ebd2b490d7c573b8[39m
2025-03-21 23:44:02 [32minfo[39m: [32mNew announcement created with ID: 67ddac6a1883f3cece2bbb24[39m
2025-03-21 23:47:44 [32minfo[39m: [32mAnnouncement 67dad8c22bffa6665a239e01 deleted successfully[39m
2025-03-21 23:47:49 [32minfo[39m: [32mAnnouncement 67dad8e02bffa6665a239e09 deleted successfully[39m
2025-03-21 23:47:53 [32minfo[39m: [32mAnnouncement 67dad9562bffa6665a239e1b deleted successfully[39m
2025-03-21 23:47:58 [32minfo[39m: [32mAnnouncement 67db9617a3265eaa62d4a545 deleted successfully[39m
2025-03-21 23:49:40 [32minfo[39m: [32mAnnouncement 67dae739706b2f6094cba368 deleted successfully[39m
2025-03-21 23:50:02 [32minfo[39m: [32mAnnouncement 67dae785706b2f6094cba37e updated successfully[39m
2025-03-21 23:50:41 [32minfo[39m: [32mNew announcement created with ID: 67ddadf91883f3cece2bbb84[39m
2025-03-21 23:51:00 [32minfo[39m: [32mNew announcement created with ID: 67ddae0b1883f3cece2bbb8c[39m
2025-03-21 23:59:45 [32minfo[39m: [32mAnnouncement 67ddae0b1883f3cece2bbb8c deleted successfully[39m
2025-03-21 23:59:50 [32minfo[39m: [32mAnnouncement 67ddadf91883f3cece2bbb84 deleted successfully[39m
2025-03-21 23:59:54 [32minfo[39m: [32mAnnouncement 67dae785706b2f6094cba37e deleted successfully[39m
2025-03-22 00:01:40 [32minfo[39m: [32mNew announcement created with ID: 67ddb08c1883f3cece2bbbf3[39m
2025-03-22 00:02:09 [32minfo[39m: [32mNew announcement created with ID: 67ddb0a81883f3cece2bbbfb[39m
2025-03-22 00:02:28 [32minfo[39m: [32mAnnouncement 67ddb08c1883f3cece2bbbf3 updated successfully[39m
2025-03-22 00:07:31 [32minfo[39m: [32mAnnouncement 67ddb0a81883f3cece2bbbfb marked as read by user 67ceba38ebd2b490d7c573b8[39m
2025-03-22 00:07:31 [32minfo[39m: [32mAnnouncement 67ddb0a81883f3cece2bbbfb marked as read by user 67ceba38ebd2b490d7c573b8[39m
2025-03-22 00:07:34 [32minfo[39m: [32mAnnouncement 67ddb0a81883f3cece2bbbfb marked as read by user 67ceba38ebd2b490d7c573b8[39m
2025-03-22 00:08:30 [32minfo[39m: [32mNew announcement created with ID: 67ddb2261883f3cece2bbc63[39m
2025-03-22 00:08:55 [32minfo[39m: [32mNew announcement created with ID: 67ddb23f1883f3cece2bbc6b[39m
2025-03-22 00:13:02 [32minfo[39m: [32mAnnouncement 67ddb2261883f3cece2bbc63 marked as read by user 67cebb0eebd2b490d7c573c5[39m
2025-03-22 00:13:02 [32minfo[39m: [32mAnnouncement 67ddb2261883f3cece2bbc63 marked as read by user 67cebb0eebd2b490d7c573c5[39m
2025-03-22 00:13:02 [32minfo[39m: [32mAnnouncement 67ddb0a81883f3cece2bbbfb marked as read by user 67cebb0eebd2b490d7c573c5[39m
2025-03-22 00:13:03 [32minfo[39m: [32mAnnouncement 67ddb0a81883f3cece2bbbfb marked as read by user 67cebb0eebd2b490d7c573c5[39m
2025-03-22 00:15:17 [32minfo[39m: [32mAnnouncement 67dad14a2bffa6665a239db5 deleted successfully[39m
2025-03-22 00:19:13 [32minfo[39m: [32mNew announcement created with ID: 67ddb4a91883f3cece2bbcd2[39m
2025-03-22 00:19:44 [32minfo[39m: [32mNew announcement created with ID: 67ddb4c71883f3cece2bbcda[39m
2025-03-22 00:21:31 [32minfo[39m: [32mNew announcement created with ID: 67ddb5331883f3cece2bbcfc[39m
2025-03-22 00:21:43 [32minfo[39m: [32mNew announcement created with ID: 67ddb53f1883f3cece2bbd04[39m
2025-03-22 00:24:19 [32minfo[39m: [32mAnnouncement 67ddb4c71883f3cece2bbcda marked as read by user 67cebb0eebd2b490d7c573c5[39m
2025-03-22 00:24:20 [32minfo[39m: [32mAnnouncement 67ddb2261883f3cece2bbc63 marked as read by user 67cebb0eebd2b490d7c573c5[39m
2025-03-22 00:24:21 [32minfo[39m: [32mAnnouncement 67ddb0a81883f3cece2bbbfb marked as read by user 67cebb0eebd2b490d7c573c5[39m
2025-03-22 00:24:21 [32minfo[39m: [32mAnnouncement 67ddb4c71883f3cece2bbcda marked as read by user 67cebb0eebd2b490d7c573c5[39m
2025-03-22 00:24:22 [32minfo[39m: [32mAnnouncement 67ddb2261883f3cece2bbc63 marked as read by user 67cebb0eebd2b490d7c573c5[39m
2025-03-22 00:24:23 [32minfo[39m: [32mAnnouncement 67ddb0a81883f3cece2bbbfb marked as read by user 67cebb0eebd2b490d7c573c5[39m
2025-03-22 00:40:36 [32minfo[39m: [32mAnnouncement 67ddb53f1883f3cece2bbd04 marked as read by user 67cebb0eebd2b490d7c573c5[39m
2025-03-22 00:40:37 [32minfo[39m: [32mAnnouncement 67ddb53f1883f3cece2bbd04 marked as read by user 67cebb0eebd2b490d7c573c5[39m
2025-03-22 00:40:37 [32minfo[39m: [32mAnnouncement 67ddb4c71883f3cece2bbcda marked as read by user 67cebb0eebd2b490d7c573c5[39m
2025-03-22 00:40:37 [32minfo[39m: [32mAnnouncement 67ddb4c71883f3cece2bbcda marked as read by user 67cebb0eebd2b490d7c573c5[39m
2025-03-22 00:40:38 [32minfo[39m: [32mAnnouncement 67ddb2261883f3cece2bbc63 marked as read by user 67cebb0eebd2b490d7c573c5[39m
2025-03-22 00:40:38 [32minfo[39m: [32mAnnouncement 67ddb2261883f3cece2bbc63 marked as read by user 67cebb0eebd2b490d7c573c5[39m
2025-03-22 00:40:39 [32minfo[39m: [32mAnnouncement 67ddb0a81883f3cece2bbbfb marked as read by user 67cebb0eebd2b490d7c573c5[39m
2025-03-22 00:40:39 [32minfo[39m: [32mAnnouncement 67ddb0a81883f3cece2bbbfb marked as read by user 67cebb0eebd2b490d7c573c5[39m
2025-03-22 00:41:18 [32minfo[39m: [32mAnnouncement 67ddb53f1883f3cece2bbd04 marked as read by user 67cebb0eebd2b490d7c573c5[39m
2025-03-22 00:41:18 [32minfo[39m: [32mAnnouncement 67ddb53f1883f3cece2bbd04 marked as read by user 67cebb0eebd2b490d7c573c5[39m
2025-03-22 00:41:19 [32minfo[39m: [32mAnnouncement 67ddb4c71883f3cece2bbcda marked as read by user 67cebb0eebd2b490d7c573c5[39m
2025-03-22 00:41:19 [32minfo[39m: [32mAnnouncement 67ddb4c71883f3cece2bbcda marked as read by user 67cebb0eebd2b490d7c573c5[39m
2025-03-22 00:41:20 [32minfo[39m: [32mAnnouncement 67ddb2261883f3cece2bbc63 marked as read by user 67cebb0eebd2b490d7c573c5[39m
2025-03-22 00:41:20 [32minfo[39m: [32mAnnouncement 67ddb2261883f3cece2bbc63 marked as read by user 67cebb0eebd2b490d7c573c5[39m
2025-03-22 00:41:20 [32minfo[39m: [32mAnnouncement 67ddb0a81883f3cece2bbbfb marked as read by user 67cebb0eebd2b490d7c573c5[39m
2025-03-22 00:41:21 [32minfo[39m: [32mAnnouncement 67ddb0a81883f3cece2bbbfb marked as read by user 67cebb0eebd2b490d7c573c5[39m
2025-03-22 00:51:08 [32minfo[39m: [32mNew announcement created with ID: 67ddbc241883f3cece2bbdf6[39m
2025-03-22 02:25:16 [32minfo[39m: [32mAnnouncement 67ddbc241883f3cece2bbdf6 updated successfully[39m
2025-03-22 02:28:25 [32minfo[39m: [32mAnnouncement 67ddb4c71883f3cece2bbcda marked as read by user 67cebb0eebd2b490d7c573c5[39m
2025-03-22 02:28:25 [32minfo[39m: [32mAnnouncement 67ddb4c71883f3cece2bbcda marked as read by user 67cebb0eebd2b490d7c573c5[39m
2025-03-22 02:28:26 [32minfo[39m: [32mAnnouncement 67ddb2261883f3cece2bbc63 marked as read by user 67cebb0eebd2b490d7c573c5[39m
2025-03-22 02:28:26 [32minfo[39m: [32mAnnouncement 67ddb2261883f3cece2bbc63 marked as read by user 67cebb0eebd2b490d7c573c5[39m
2025-03-22 02:28:27 [32minfo[39m: [32mAnnouncement 67ddb0a81883f3cece2bbbfb marked as read by user 67cebb0eebd2b490d7c573c5[39m
2025-03-22 02:28:27 [32minfo[39m: [32mAnnouncement 67ddb0a81883f3cece2bbbfb marked as read by user 67cebb0eebd2b490d7c573c5[39m
2025-03-22 02:28:30 [32minfo[39m: [32mAnnouncement 67ddb4c71883f3cece2bbcda marked as read by user 67cebb0eebd2b490d7c573c5[39m
2025-03-22 02:28:30 [32minfo[39m: [32mAnnouncement 67ddb4c71883f3cece2bbcda marked as read by user 67cebb0eebd2b490d7c573c5[39m
2025-03-22 02:28:31 [32minfo[39m: [32mAnnouncement 67ddb2261883f3cece2bbc63 marked as read by user 67cebb0eebd2b490d7c573c5[39m
2025-03-22 02:28:31 [32minfo[39m: [32mAnnouncement 67ddb2261883f3cece2bbc63 marked as read by user 67cebb0eebd2b490d7c573c5[39m
2025-03-22 02:28:32 [32minfo[39m: [32mAnnouncement 67ddb0a81883f3cece2bbbfb marked as read by user 67cebb0eebd2b490d7c573c5[39m
2025-03-22 02:28:32 [32minfo[39m: [32mAnnouncement 67ddb0a81883f3cece2bbbfb marked as read by user 67cebb0eebd2b490d7c573c5[39m
2025-03-22 02:48:27 [32minfo[39m: [32mAnnouncement 67ddb53f1883f3cece2bbd04 updated successfully[39m
2025-03-22 02:48:46 [32minfo[39m: [32mNew announcement created with ID: 67ddd7b6e78f801f5118df32[39m
2025-03-22 02:52:29 [32minfo[39m: [32mAnnouncement 67ddd7b6e78f801f5118df32 deleted successfully[39m
2025-03-22 02:52:33 [32minfo[39m: [32mAnnouncement 67ddbc241883f3cece2bbdf6 deleted successfully[39m
2025-03-22 02:52:38 [32minfo[39m: [32mAnnouncement 67ddb53f1883f3cece2bbd04 deleted successfully[39m
2025-03-22 02:53:10 [32minfo[39m: [32mNew announcement created with ID: 67ddd8bc9685ddf9a6d7023c[39m
2025-03-22 02:58:02 [32minfo[39m: [32mAnnouncement 67ddb4c71883f3cece2bbcda marked as read by user 67ceba38ebd2b490d7c573b8[39m
2025-03-22 02:58:02 [32minfo[39m: [32mAnnouncement 67ddb4c71883f3cece2bbcda marked as read by user 67ceba38ebd2b490d7c573b8[39m
2025-03-22 02:58:03 [32minfo[39m: [32mAnnouncement 67ddb2261883f3cece2bbc63 marked as read by user 67ceba38ebd2b490d7c573b8[39m
2025-03-22 02:58:03 [32minfo[39m: [32mAnnouncement 67ddb2261883f3cece2bbc63 marked as read by user 67ceba38ebd2b490d7c573b8[39m
2025-03-22 02:58:04 [32minfo[39m: [32mAnnouncement 67ddb0a81883f3cece2bbbfb marked as read by user 67ceba38ebd2b490d7c573b8[39m
2025-03-22 02:58:05 [32minfo[39m: [32mAnnouncement 67ddb0a81883f3cece2bbbfb marked as read by user 67ceba38ebd2b490d7c573b8[39m
2025-03-22 03:07:53 [32minfo[39m: [32mAnnouncement 67ddb4c71883f3cece2bbcda marked as read by user 67ceba38ebd2b490d7c573b8[39m
2025-03-22 03:07:54 [32minfo[39m: [32mAnnouncement 67ddb2261883f3cece2bbc63 marked as read by user 67ceba38ebd2b490d7c573b8[39m
2025-03-22 03:07:55 [32minfo[39m: [32mAnnouncement 67ddb0a81883f3cece2bbbfb marked as read by user 67ceba38ebd2b490d7c573b8[39m
2025-03-22 03:07:59 [32minfo[39m: [32mAnnouncement 67ddb4c71883f3cece2bbcda marked as read by user 67ceba38ebd2b490d7c573b8[39m
2025-03-22 03:08:00 [32minfo[39m: [32mAnnouncement 67ddb4c71883f3cece2bbcda marked as read by user 67ceba38ebd2b490d7c573b8[39m
2025-03-22 03:08:01 [32minfo[39m: [32mAnnouncement 67ddb2261883f3cece2bbc63 marked as read by user 67ceba38ebd2b490d7c573b8[39m
2025-03-22 03:08:01 [32minfo[39m: [32mAnnouncement 67ddb2261883f3cece2bbc63 marked as read by user 67ceba38ebd2b490d7c573b8[39m
2025-03-22 03:08:02 [32minfo[39m: [32mAnnouncement 67ddb0a81883f3cece2bbbfb marked as read by user 67ceba38ebd2b490d7c573b8[39m
2025-03-22 03:08:02 [32minfo[39m: [32mAnnouncement 67ddb0a81883f3cece2bbbfb marked as read by user 67ceba38ebd2b490d7c573b8[39m
2025-03-22 03:08:25 [32minfo[39m: [32mAnnouncement 67ddb4c71883f3cece2bbcda marked as read by user 67ceba38ebd2b490d7c573b8[39m
2025-03-22 03:08:25 [32minfo[39m: [32mAnnouncement 67ddb4c71883f3cece2bbcda marked as read by user 67ceba38ebd2b490d7c573b8[39m
2025-03-22 03:08:25 [32minfo[39m: [32mAnnouncement 67ddb2261883f3cece2bbc63 marked as read by user 67ceba38ebd2b490d7c573b8[39m
2025-03-22 03:08:26 [32minfo[39m: [32mAnnouncement 67ddb2261883f3cece2bbc63 marked as read by user 67ceba38ebd2b490d7c573b8[39m
2025-03-22 03:08:26 [32minfo[39m: [32mAnnouncement 67ddb0a81883f3cece2bbbfb marked as read by user 67ceba38ebd2b490d7c573b8[39m
2025-03-22 03:08:27 [32minfo[39m: [32mAnnouncement 67ddb0a81883f3cece2bbbfb marked as read by user 67ceba38ebd2b490d7c573b8[39m
2025-03-22 03:11:45 [32minfo[39m: [32mAnnouncement 67ddb4c71883f3cece2bbcda marked as read by user 67ceba38ebd2b490d7c573b8[39m
2025-03-22 03:11:46 [32minfo[39m: [32mAnnouncement 67ddb4c71883f3cece2bbcda marked as read by user 67ceba38ebd2b490d7c573b8[39m
2025-03-22 03:11:47 [32minfo[39m: [32mAnnouncement 67ddb2261883f3cece2bbc63 marked as read by user 67ceba38ebd2b490d7c573b8[39m
2025-03-22 03:11:48 [32minfo[39m: [32mAnnouncement 67ddb2261883f3cece2bbc63 marked as read by user 67ceba38ebd2b490d7c573b8[39m
2025-03-22 03:11:49 [32minfo[39m: [32mAnnouncement 67ddb0a81883f3cece2bbbfb marked as read by user 67ceba38ebd2b490d7c573b8[39m
2025-03-22 03:11:50 [32minfo[39m: [32mAnnouncement 67ddb0a81883f3cece2bbbfb marked as read by user 67ceba38ebd2b490d7c573b8[39m
2025-03-22 03:15:17 [32minfo[39m: [32mAnnouncement 67ddd8bc9685ddf9a6d7023c updated successfully[39m
2025-03-22 03:15:36 [32minfo[39m: [32mNew announcement created with ID: 67ddddff9685ddf9a6d70362[39m
2025-03-22 03:19:01 [32minfo[39m: [32mAnnouncement 67ddddff9685ddf9a6d70362 marked as read by user 67ceba38ebd2b490d7c573b8[39m
2025-03-22 03:19:02 [32minfo[39m: [32mAnnouncement 67ddddff9685ddf9a6d70362 marked as read by user 67ceba38ebd2b490d7c573b8[39m
2025-03-22 03:19:03 [32minfo[39m: [32mAnnouncement 67ddd8bc9685ddf9a6d7023c marked as read by user 67ceba38ebd2b490d7c573b8[39m
2025-03-22 03:19:04 [32minfo[39m: [32mAnnouncement 67ddd8bc9685ddf9a6d7023c marked as read by user 67ceba38ebd2b490d7c573b8[39m
2025-03-22 03:19:05 [32minfo[39m: [32mAnnouncement 67ddb4c71883f3cece2bbcda marked as read by user 67ceba38ebd2b490d7c573b8[39m
2025-03-22 03:19:07 [32minfo[39m: [32mAnnouncement 67ddb4c71883f3cece2bbcda marked as read by user 67ceba38ebd2b490d7c573b8[39m
2025-03-22 03:19:08 [32minfo[39m: [32mAnnouncement 67ddb2261883f3cece2bbc63 marked as read by user 67ceba38ebd2b490d7c573b8[39m
2025-03-22 03:19:09 [32minfo[39m: [32mAnnouncement 67ddb2261883f3cece2bbc63 marked as read by user 67ceba38ebd2b490d7c573b8[39m
2025-03-22 03:20:05 [32minfo[39m: [32mAnnouncement 67ddb2261883f3cece2bbc63 deleted successfully[39m
2025-03-22 03:20:42 [32minfo[39m: [32mNew announcement created with ID: 67dddf329685ddf9a6d703d0[39m
2025-03-22 03:20:57 [32minfo[39m: [32mNew announcement created with ID: 67dddf419685ddf9a6d703d8[39m
2025-03-22 03:21:11 [32minfo[39m: [32mAnnouncement 67dddf419685ddf9a6d703d8 marked as read by user 67ceba38ebd2b490d7c573b8[39m
2025-03-22 03:21:12 [32minfo[39m: [32mAnnouncement 67dddf419685ddf9a6d703d8 marked as read by user 67ceba38ebd2b490d7c573b8[39m
2025-03-22 03:21:13 [32minfo[39m: [32mAnnouncement 67dddf329685ddf9a6d703d0 marked as read by user 67ceba38ebd2b490d7c573b8[39m
2025-03-22 03:21:14 [32minfo[39m: [32mAnnouncement 67dddf329685ddf9a6d703d0 marked as read by user 67ceba38ebd2b490d7c573b8[39m
2025-03-22 03:21:15 [32minfo[39m: [32mAnnouncement 67ddddff9685ddf9a6d70362 marked as read by user 67ceba38ebd2b490d7c573b8[39m
2025-03-22 03:21:16 [32minfo[39m: [32mAnnouncement 67ddddff9685ddf9a6d70362 marked as read by user 67ceba38ebd2b490d7c573b8[39m
2025-03-22 03:21:16 [32minfo[39m: [32mAnnouncement 67ddd8bc9685ddf9a6d7023c marked as read by user 67ceba38ebd2b490d7c573b8[39m
2025-03-22 03:21:17 [32minfo[39m: [32mAnnouncement 67ddd8bc9685ddf9a6d7023c marked as read by user 67ceba38ebd2b490d7c573b8[39m
2025-03-22 03:21:17 [32minfo[39m: [32mAnnouncement 67ddb4c71883f3cece2bbcda marked as read by user 67ceba38ebd2b490d7c573b8[39m
2025-03-22 03:21:18 [32minfo[39m: [32mAnnouncement 67ddb4c71883f3cece2bbcda marked as read by user 67ceba38ebd2b490d7c573b8[39m
2025-03-22 03:32:34 [32minfo[39m: [32mAnnouncement 67ddb4c71883f3cece2bbcda marked as read by user 67ceba38ebd2b490d7c573b8[39m
2025-03-22 03:32:37 [32minfo[39m: [32mAnnouncement 67ddb4c71883f3cece2bbcda marked as read by user 67ceba38ebd2b490d7c573b8[39m
2025-03-22 03:32:39 [32minfo[39m: [32mAnnouncement 67ddb4c71883f3cece2bbcda marked as read by user 67ceba38ebd2b490d7c573b8[39m
2025-03-22 03:32:40 [32minfo[39m: [32mAnnouncement 67ddb4c71883f3cece2bbcda marked as read by user 67ceba38ebd2b490d7c573b8[39m
2025-03-22 03:33:11 [32minfo[39m: [32mAnnouncement 67ddb4c71883f3cece2bbcda marked as read by user 67ceba38ebd2b490d7c573b8[39m
2025-03-22 03:33:12 [32minfo[39m: [32mAnnouncement 67ddb4c71883f3cece2bbcda marked as read by user 67ceba38ebd2b490d7c573b8[39m
2025-03-22 03:54:27 [32minfo[39m: [32mAnnouncement 67ddd8bc9685ddf9a6d7023c deleted successfully[39m
2025-03-22 03:55:55 [32minfo[39m: [32mAnnouncement 67ddb4c71883f3cece2bbcda deleted successfully[39m
2025-03-22 03:58:01 [32minfo[39m: [32mNew announcement created with ID: 67dde7f0f50f9bb7a1272163[39m
2025-03-22 03:59:29 [32minfo[39m: [32mNew announcement created with ID: 67dde848f50f9bb7a1272173[39m
2025-03-22 03:59:45 [32minfo[39m: [32mAnnouncement 67dde848f50f9bb7a1272173 marked as read by user 67ceba38ebd2b490d7c573b8[39m
2025-03-22 03:59:45 [32minfo[39m: [32mAnnouncement 67dde848f50f9bb7a1272173 marked as read by user 67ceba38ebd2b490d7c573b8[39m
2025-03-22 04:01:14 [32minfo[39m: [32mNew announcement created with ID: 67dde8b1f50f9bb7a12721a5[39m
2025-03-22 04:02:09 [32minfo[39m: [32mAnnouncement 67dde8b1f50f9bb7a12721a5 marked as read by user 67ceba38ebd2b490d7c573b8[39m
2025-03-22 04:02:10 [32minfo[39m: [32mAnnouncement 67dde8b1f50f9bb7a12721a5 marked as read by user 67ceba38ebd2b490d7c573b8[39m
2025-03-22 04:02:11 [32minfo[39m: [32mAnnouncement 67dde848f50f9bb7a1272173 marked as read by user 67ceba38ebd2b490d7c573b8[39m
2025-03-22 04:02:11 [32minfo[39m: [32mAnnouncement 67dde848f50f9bb7a1272173 marked as read by user 67ceba38ebd2b490d7c573b8[39m
2025-03-22 04:02:13 [32minfo[39m: [32mAnnouncement 67dde8b1f50f9bb7a12721a5 marked as read by user 67ceba38ebd2b490d7c573b8[39m
2025-03-22 04:02:14 [32minfo[39m: [32mAnnouncement 67dde8b1f50f9bb7a12721a5 marked as read by user 67ceba38ebd2b490d7c573b8[39m
2025-03-22 04:02:15 [32minfo[39m: [32mAnnouncement 67dde848f50f9bb7a1272173 marked as read by user 67ceba38ebd2b490d7c573b8[39m
2025-03-22 04:02:16 [32minfo[39m: [32mAnnouncement 67dde848f50f9bb7a1272173 marked as read by user 67ceba38ebd2b490d7c573b8[39m
2025-03-22 04:03:52 [32minfo[39m: [32mNew announcement created with ID: 67dde94ff50f9bb7a1272201[39m
2025-03-22 04:04:30 [32minfo[39m: [32mAnnouncement 67dde94ff50f9bb7a1272201 marked as read by user 67ceba38ebd2b490d7c573b8[39m
2025-03-22 04:04:31 [32minfo[39m: [32mAnnouncement 67dde94ff50f9bb7a1272201 marked as read by user 67ceba38ebd2b490d7c573b8[39m
2025-03-22 04:04:32 [32minfo[39m: [32mAnnouncement 67dde8b1f50f9bb7a12721a5 marked as read by user 67ceba38ebd2b490d7c573b8[39m
2025-03-22 04:04:33 [32minfo[39m: [32mAnnouncement 67dde8b1f50f9bb7a12721a5 marked as read by user 67ceba38ebd2b490d7c573b8[39m
2025-03-22 04:04:34 [32minfo[39m: [32mAnnouncement 67dde848f50f9bb7a1272173 marked as read by user 67ceba38ebd2b490d7c573b8[39m
2025-03-22 04:04:35 [32minfo[39m: [32mAnnouncement 67dde848f50f9bb7a1272173 marked as read by user 67ceba38ebd2b490d7c573b8[39m
2025-03-22 04:06:09 [32minfo[39m: [32mNew announcement created with ID: 67dde9d9f50f9bb7a127224b[39m
2025-03-22 04:06:54 [32minfo[39m: [32mAnnouncement 67dde94ff50f9bb7a1272201 marked as read by user 67ceba38ebd2b490d7c573b8[39m
2025-03-22 04:06:54 [32minfo[39m: [32mAnnouncement 67dde94ff50f9bb7a1272201 marked as read by user 67ceba38ebd2b490d7c573b8[39m
2025-03-22 04:06:55 [32minfo[39m: [32mAnnouncement 67dde8b1f50f9bb7a12721a5 marked as read by user 67ceba38ebd2b490d7c573b8[39m
2025-03-22 04:06:55 [32minfo[39m: [32mAnnouncement 67dde8b1f50f9bb7a12721a5 marked as read by user 67ceba38ebd2b490d7c573b8[39m
2025-03-22 04:06:55 [32minfo[39m: [32mAnnouncement 67dde848f50f9bb7a1272173 marked as read by user 67ceba38ebd2b490d7c573b8[39m
2025-03-22 04:06:56 [32minfo[39m: [32mAnnouncement 67dde848f50f9bb7a1272173 marked as read by user 67ceba38ebd2b490d7c573b8[39m
2025-03-22 04:16:04 [32minfo[39m: [32mAnnouncement 67dde94ff50f9bb7a1272201 marked as read by user 67ceba38ebd2b490d7c573b8[39m
2025-03-22 04:16:04 [32minfo[39m: [32mAnnouncement 67dde94ff50f9bb7a1272201 marked as read by user 67ceba38ebd2b490d7c573b8[39m
2025-03-22 04:16:05 [32minfo[39m: [32mAnnouncement 67dde8b1f50f9bb7a12721a5 marked as read by user 67ceba38ebd2b490d7c573b8[39m
2025-03-22 04:16:05 [32minfo[39m: [32mAnnouncement 67dde8b1f50f9bb7a12721a5 marked as read by user 67ceba38ebd2b490d7c573b8[39m
2025-03-22 04:16:05 [32minfo[39m: [32mAnnouncement 67dde848f50f9bb7a1272173 marked as read by user 67ceba38ebd2b490d7c573b8[39m
2025-03-22 04:16:06 [32minfo[39m: [32mAnnouncement 67dde848f50f9bb7a1272173 marked as read by user 67ceba38ebd2b490d7c573b8[39m
2025-03-22 04:20:13 [32minfo[39m: [32mNew announcement created with ID: 67dded25f50f9bb7a12722d5[39m
2025-03-22 04:20:35 [32minfo[39m: [32mNew announcement created with ID: 67dded3af50f9bb7a12722dd[39m
2025-03-22 04:20:41 [32minfo[39m: [32mAnnouncement 67dded3af50f9bb7a12722dd updated successfully[39m
2025-03-22 04:22:50 [32minfo[39m: [32mAnnouncement 67dded25f50f9bb7a12722d5 marked as read by user 67ceba38ebd2b490d7c573b8[39m
2025-03-22 04:22:50 [32minfo[39m: [32mAnnouncement 67dded25f50f9bb7a12722d5 marked as read by user 67ceba38ebd2b490d7c573b8[39m
2025-03-22 04:22:51 [32minfo[39m: [32mAnnouncement 67dde94ff50f9bb7a1272201 marked as read by user 67ceba38ebd2b490d7c573b8[39m
2025-03-22 04:22:51 [32minfo[39m: [32mAnnouncement 67dde94ff50f9bb7a1272201 marked as read by user 67ceba38ebd2b490d7c573b8[39m
2025-03-22 04:22:51 [32minfo[39m: [32mAnnouncement 67dde8b1f50f9bb7a12721a5 marked as read by user 67ceba38ebd2b490d7c573b8[39m
2025-03-22 04:22:52 [32minfo[39m: [32mAnnouncement 67dde8b1f50f9bb7a12721a5 marked as read by user 67ceba38ebd2b490d7c573b8[39m
2025-03-22 04:22:52 [32minfo[39m: [32mAnnouncement 67dde848f50f9bb7a1272173 marked as read by user 67ceba38ebd2b490d7c573b8[39m
2025-03-22 04:22:53 [32minfo[39m: [32mAnnouncement 67dde848f50f9bb7a1272173 marked as read by user 67ceba38ebd2b490d7c573b8[39m
2025-03-22 10:29:26 [32minfo[39m: [32mNew announcement created with ID: 67de43ae0d7969417de61196[39m
2025-03-22 10:29:54 [32minfo[39m: [32mAnnouncement 67de43ae0d7969417de61196 marked as read by user 67ceba38ebd2b490d7c573b8[39m
2025-03-22 10:29:54 [32minfo[39m: [32mAnnouncement 67de43ae0d7969417de61196 marked as read by user 67ceba38ebd2b490d7c573b8[39m
2025-03-22 10:29:54 [32minfo[39m: [32mAnnouncement 67dded25f50f9bb7a12722d5 marked as read by user 67ceba38ebd2b490d7c573b8[39m
2025-03-22 10:29:55 [32minfo[39m: [32mAnnouncement 67dded25f50f9bb7a12722d5 marked as read by user 67ceba38ebd2b490d7c573b8[39m
2025-03-22 10:29:55 [32minfo[39m: [32mAnnouncement 67dde94ff50f9bb7a1272201 marked as read by user 67ceba38ebd2b490d7c573b8[39m
2025-03-22 10:29:56 [32minfo[39m: [32mAnnouncement 67dde94ff50f9bb7a1272201 marked as read by user 67ceba38ebd2b490d7c573b8[39m
2025-03-22 10:29:56 [32minfo[39m: [32mAnnouncement 67dde8b1f50f9bb7a12721a5 marked as read by user 67ceba38ebd2b490d7c573b8[39m
2025-03-22 10:29:57 [32minfo[39m: [32mAnnouncement 67dde8b1f50f9bb7a12721a5 marked as read by user 67ceba38ebd2b490d7c573b8[39m
2025-03-22 10:29:57 [32minfo[39m: [32mAnnouncement 67dde848f50f9bb7a1272173 marked as read by user 67ceba38ebd2b490d7c573b8[39m
2025-03-22 10:29:57 [32minfo[39m: [32mAnnouncement 67dde848f50f9bb7a1272173 marked as read by user 67ceba38ebd2b490d7c573b8[39m
2025-03-22 10:46:33 [32minfo[39m: [32mNew announcement created with ID: 67de47b10d7969417de6121c[39m
2025-03-22 10:46:57 [32minfo[39m: [32mNew announcement created with ID: 67de47c80d7969417de61224[39m
2025-03-22 10:48:12 [32minfo[39m: [32mAnnouncement 67de47b10d7969417de6121c marked as read by user 67ceba38ebd2b490d7c573b8[39m
2025-03-22 10:48:13 [32minfo[39m: [32mAnnouncement 67de47b10d7969417de6121c marked as read by user 67ceba38ebd2b490d7c573b8[39m
2025-03-22 10:48:13 [32minfo[39m: [32mAnnouncement 67de43ae0d7969417de61196 marked as read by user 67ceba38ebd2b490d7c573b8[39m
2025-03-22 10:48:14 [32minfo[39m: [32mAnnouncement 67de43ae0d7969417de61196 marked as read by user 67ceba38ebd2b490d7c573b8[39m
2025-03-22 10:48:14 [32minfo[39m: [32mAnnouncement 67dde94ff50f9bb7a1272201 marked as read by user 67ceba38ebd2b490d7c573b8[39m
2025-03-22 10:48:14 [32minfo[39m: [32mAnnouncement 67dde94ff50f9bb7a1272201 marked as read by user 67ceba38ebd2b490d7c573b8[39m
2025-03-22 10:48:15 [32minfo[39m: [32mAnnouncement 67dde8b1f50f9bb7a12721a5 marked as read by user 67ceba38ebd2b490d7c573b8[39m
2025-03-22 10:48:15 [32minfo[39m: [32mAnnouncement 67dde8b1f50f9bb7a12721a5 marked as read by user 67ceba38ebd2b490d7c573b8[39m
2025-03-22 10:48:16 [32minfo[39m: [32mAnnouncement 67dde848f50f9bb7a1272173 marked as read by user 67ceba38ebd2b490d7c573b8[39m
2025-03-22 10:48:16 [32minfo[39m: [32mAnnouncement 67dde848f50f9bb7a1272173 marked as read by user 67ceba38ebd2b490d7c573b8[39m
2025-03-22 10:49:33 [32minfo[39m: [32mAnnouncement 67de47b10d7969417de6121c marked as read by user 67ceba38ebd2b490d7c573b8[39m
2025-03-22 10:49:33 [32minfo[39m: [32mAnnouncement 67de47b10d7969417de6121c marked as read by user 67ceba38ebd2b490d7c573b8[39m
2025-03-22 10:49:34 [32minfo[39m: [32mAnnouncement 67de43ae0d7969417de61196 marked as read by user 67ceba38ebd2b490d7c573b8[39m
2025-03-22 10:49:34 [32minfo[39m: [32mAnnouncement 67de43ae0d7969417de61196 marked as read by user 67ceba38ebd2b490d7c573b8[39m
2025-03-22 10:49:35 [32minfo[39m: [32mAnnouncement 67dded25f50f9bb7a12722d5 marked as read by user 67ceba38ebd2b490d7c573b8[39m
2025-03-22 10:49:35 [32minfo[39m: [32mAnnouncement 67dded25f50f9bb7a12722d5 marked as read by user 67ceba38ebd2b490d7c573b8[39m
2025-03-22 10:49:35 [32minfo[39m: [32mAnnouncement 67dde94ff50f9bb7a1272201 marked as read by user 67ceba38ebd2b490d7c573b8[39m
2025-03-22 10:49:36 [32minfo[39m: [32mAnnouncement 67dde94ff50f9bb7a1272201 marked as read by user 67ceba38ebd2b490d7c573b8[39m
2025-03-22 10:49:36 [32minfo[39m: [32mAnnouncement 67dde8b1f50f9bb7a12721a5 marked as read by user 67ceba38ebd2b490d7c573b8[39m
2025-03-22 10:49:37 [32minfo[39m: [32mAnnouncement 67dde8b1f50f9bb7a12721a5 marked as read by user 67ceba38ebd2b490d7c573b8[39m
2025-03-22 10:49:37 [32minfo[39m: [32mAnnouncement 67dde848f50f9bb7a1272173 marked as read by user 67ceba38ebd2b490d7c573b8[39m
2025-03-22 10:49:38 [32minfo[39m: [32mAnnouncement 67dde848f50f9bb7a1272173 marked as read by user 67ceba38ebd2b490d7c573b8[39m
