2025-02-23 19:03:40 [31merror[39m: [31mError getting announcements: Cannot read properties of undefined (reading 'schoolId')[39m
2025-03-02 18:39:13 [31merror[39m: [31mError creating announcement: Cannot read properties of undefined (reading 'schoolId')[39m
2025-03-02 19:00:32 [31merror[39m: [31mError getting announcements: Cannot read properties of undefined (reading 'schoolId')[39m
2025-03-02 19:01:11 [31merror[39m: [31mError getting announcements: Cannot read properties of undefined (reading 'schoolId')[39m
2025-03-02 19:07:43 [31merror[39m: [31mError getting announcements: Cannot read properties of undefined (reading 'schoolId')[39m
2025-03-02 19:07:45 [31merror[39m: [31mError getting announcements: Cannot read properties of undefined (reading 'schoolId')[39m
2025-03-02 19:08:42 [31merror[39m: [31mError getting announcements: Cannot read properties of undefined (reading 'schoolId')[39m
2025-03-02 19:10:02 [31merror[39m: [31mError getting announcements: Cannot read properties of undefined (reading 'schoolId')[39m
2025-03-02 19:12:55 [31merror[39m: [31mError marking announcement as read: Cannot read properties of undefined (reading 'schoolId')[39m
2025-03-02 19:13:07 [31merror[39m: [31mError marking announcement as read: Cannot read properties of undefined (reading 'schoolId')[39m
2025-03-02 19:13:32 [31merror[39m: [31mError marking announcement as read: Cannot read properties of undefined (reading 'schoolId')[39m
2025-03-02 19:14:00 [31merror[39m: [31mError marking announcement as read: Cannot read properties of undefined (reading 'schoolId')[39m
2025-03-02 19:14:47 [31merror[39m: [31mError getting announcement 67ac6a6adaffb789242479d2: Announcement not found[39m
2025-03-02 19:14:47 [31merror[39m: [31mError marking announcement as read: Announcement not found[39m
2025-03-02 19:15:16 [31merror[39m: [31mError getting announcement 67c460dabe0a520006d6cdaa: Announcement not found[39m
2025-03-02 19:15:16 [31merror[39m: [31mError marking announcement as read: Announcement not found[39m
2025-03-02 19:15:44 [31merror[39m: [31mError getting announcement 67c460dabe0a520006d6cdaa: Announcement not found[39m
2025-03-02 19:15:44 [31merror[39m: [31mError marking announcement as read: Announcement not found[39m
2025-03-02 19:19:48 [31merror[39m: [31mError getting read status: Cannot read properties of undefined (reading 'schoolId')[39m
2025-03-02 19:19:50 [31merror[39m: [31mError getting read status: Cannot read properties of undefined (reading 'schoolId')[39m
